[0.070s] Invoking command in '/home/ubuntu/turtlebot4_ws/build/turtlebot4_robot': AMENT_PREFIX_PATH=/home/ubuntu/turtlebot4_ws/install/turtlebot4_tests:/home/ubuntu/turtlebot4_ws/install/turtlebot4_diagnostics:/home/ubuntu/turtlebot4_ws/install/turtlebot4_robot:/home/ubuntu/turtlebot4_ws/install/turtlebot4_bringup:/home/ubuntu/turtlebot4_ws/install/turtlebot4_base:/home/ubuntu/turtlebot4_ws/install/odom:/opt/ros/humble CMAKE_PREFIX_PATH=/home/ubuntu/turtlebot4_ws/install/turtlebot4_bringup:/home/ubuntu/turtlebot4_ws/install/turtlebot4_base:/home/ubuntu/turtlebot4_ws/install/turtlebot4_robot:/home/ubuntu/turtlebot4_ws/install/odom:/home/ubuntu/turtlebot4_ws/install/turtlebot4_tests:/home/ubuntu/turtlebot4_ws/install/turtlebot4_diagnostics:/opt/ros/humble /usr/bin/cmake --build /home/ubuntu/turtlebot4_ws/build/turtlebot4_robot -- -j4 -l4
[0.221s] Invoked command in '/home/ubuntu/turtlebot4_ws/build/turtlebot4_robot' returned '0': AMENT_PREFIX_PATH=/home/ubuntu/turtlebot4_ws/install/turtlebot4_tests:/home/ubuntu/turtlebot4_ws/install/turtlebot4_diagnostics:/home/ubuntu/turtlebot4_ws/install/turtlebot4_robot:/home/ubuntu/turtlebot4_ws/install/turtlebot4_bringup:/home/ubuntu/turtlebot4_ws/install/turtlebot4_base:/home/ubuntu/turtlebot4_ws/install/odom:/opt/ros/humble CMAKE_PREFIX_PATH=/home/ubuntu/turtlebot4_ws/install/turtlebot4_bringup:/home/ubuntu/turtlebot4_ws/install/turtlebot4_base:/home/ubuntu/turtlebot4_ws/install/turtlebot4_robot:/home/ubuntu/turtlebot4_ws/install/odom:/home/ubuntu/turtlebot4_ws/install/turtlebot4_tests:/home/ubuntu/turtlebot4_ws/install/turtlebot4_diagnostics:/opt/ros/humble /usr/bin/cmake --build /home/ubuntu/turtlebot4_ws/build/turtlebot4_robot -- -j4 -l4
[0.347s] Invoking command in '/home/ubuntu/turtlebot4_ws/build/turtlebot4_robot': AMENT_PREFIX_PATH=/home/ubuntu/turtlebot4_ws/install/turtlebot4_tests:/home/ubuntu/turtlebot4_ws/install/turtlebot4_diagnostics:/home/ubuntu/turtlebot4_ws/install/turtlebot4_robot:/home/ubuntu/turtlebot4_ws/install/turtlebot4_bringup:/home/ubuntu/turtlebot4_ws/install/turtlebot4_base:/home/ubuntu/turtlebot4_ws/install/odom:/opt/ros/humble CMAKE_PREFIX_PATH=/home/ubuntu/turtlebot4_ws/install/turtlebot4_bringup:/home/ubuntu/turtlebot4_ws/install/turtlebot4_base:/home/ubuntu/turtlebot4_ws/install/turtlebot4_robot:/home/ubuntu/turtlebot4_ws/install/odom:/home/ubuntu/turtlebot4_ws/install/turtlebot4_tests:/home/ubuntu/turtlebot4_ws/install/turtlebot4_diagnostics:/opt/ros/humble /usr/bin/cmake --install /home/ubuntu/turtlebot4_ws/build/turtlebot4_robot
[0.377s] -- Install configuration: ""
[0.380s] -- Execute custom install script
[0.381s] -- Up-to-date symlink: /home/ubuntu/turtlebot4_ws/install/turtlebot4_robot/share/ament_index/resource_index/package_run_dependencies/turtlebot4_robot
[0.384s] -- Up-to-date symlink: /home/ubuntu/turtlebot4_ws/install/turtlebot4_robot/share/ament_index/resource_index/parent_prefix_path/turtlebot4_robot
[0.387s] -- Up-to-date symlink: /home/ubuntu/turtlebot4_ws/install/turtlebot4_robot/share/turtlebot4_robot/environment/ament_prefix_path.sh
[0.389s] -- Up-to-date symlink: /home/ubuntu/turtlebot4_ws/install/turtlebot4_robot/share/turtlebot4_robot/environment/ament_prefix_path.dsv
[0.393s] -- Up-to-date symlink: /home/ubuntu/turtlebot4_ws/install/turtlebot4_robot/share/turtlebot4_robot/environment/path.sh
[0.394s] -- Up-to-date symlink: /home/ubuntu/turtlebot4_ws/install/turtlebot4_robot/share/turtlebot4_robot/environment/path.dsv
[0.406s] -- Up-to-date symlink: /home/ubuntu/turtlebot4_ws/install/turtlebot4_robot/share/turtlebot4_robot/local_setup.bash
[0.439s] -- Up-to-date symlink: /home/ubuntu/turtlebot4_ws/install/turtlebot4_robot/share/turtlebot4_robot/local_setup.sh
[0.441s] -- Up-to-date symlink: /home/ubuntu/turtlebot4_ws/install/turtlebot4_robot/share/turtlebot4_robot/local_setup.zsh
[0.442s] -- Up-to-date symlink: /home/ubuntu/turtlebot4_ws/install/turtlebot4_robot/share/turtlebot4_robot/local_setup.dsv
[0.444s] -- Symlinking: /home/ubuntu/turtlebot4_ws/install/turtlebot4_robot/share/turtlebot4_robot/package.dsv
[0.480s] -- Up-to-date symlink: /home/ubuntu/turtlebot4_ws/install/turtlebot4_robot/share/ament_index/resource_index/packages/turtlebot4_robot
[0.496s] -- Up-to-date symlink: /home/ubuntu/turtlebot4_ws/install/turtlebot4_robot/share/turtlebot4_robot/cmake/turtlebot4_robotConfig.cmake
[0.511s] -- Up-to-date symlink: /home/ubuntu/turtlebot4_ws/install/turtlebot4_robot/share/turtlebot4_robot/cmake/turtlebot4_robotConfig-version.cmake
[0.512s] -- Up-to-date symlink: /home/ubuntu/turtlebot4_ws/install/turtlebot4_robot/share/turtlebot4_robot/package.xml
[0.527s] Invoked command in '/home/ubuntu/turtlebot4_ws/build/turtlebot4_robot' returned '0': AMENT_PREFIX_PATH=/home/ubuntu/turtlebot4_ws/install/turtlebot4_tests:/home/ubuntu/turtlebot4_ws/install/turtlebot4_diagnostics:/home/ubuntu/turtlebot4_ws/install/turtlebot4_robot:/home/ubuntu/turtlebot4_ws/install/turtlebot4_bringup:/home/ubuntu/turtlebot4_ws/install/turtlebot4_base:/home/ubuntu/turtlebot4_ws/install/odom:/opt/ros/humble CMAKE_PREFIX_PATH=/home/ubuntu/turtlebot4_ws/install/turtlebot4_bringup:/home/ubuntu/turtlebot4_ws/install/turtlebot4_base:/home/ubuntu/turtlebot4_ws/install/turtlebot4_robot:/home/ubuntu/turtlebot4_ws/install/odom:/home/ubuntu/turtlebot4_ws/install/turtlebot4_tests:/home/ubuntu/turtlebot4_ws/install/turtlebot4_diagnostics:/opt/ros/humble /usr/bin/cmake --install /home/ubuntu/turtlebot4_ws/build/turtlebot4_robot
