[0.090s] Invoking command in '/home/ubuntu/turtlebot4_ws/build/turtlebot4_bringup': AMENT_PREFIX_PATH=/home/ubuntu/turtlebot4_ws/install/turtlebot4_diagnostics:${AMENT_PREFIX_PATH} CMAKE_PREFIX_PATH=/opt/ros/humble PYTHONPATH=/home/ubuntu/turtlebot4_ws/build/turtlebot4_diagnostics:/home/ubuntu/turtlebot4_ws/install/turtlebot4_diagnostics/lib/python3.10/site-packages:${PYTHONPATH} /usr/bin/cmake --build /home/ubuntu/turtlebot4_ws/build/turtlebot4_bringup -- -j4 -l4
[0.258s] Invoked command in '/home/ubuntu/turtlebot4_ws/build/turtlebot4_bringup' returned '0': AMENT_PREFIX_PATH=/home/ubuntu/turtlebot4_ws/install/turtlebot4_diagnostics:${AMENT_PREFIX_PATH} CMAKE_PREFIX_PATH=/opt/ros/humble PYTHONPATH=/home/ubuntu/turtlebot4_ws/build/turtlebot4_diagnostics:/home/ubuntu/turtlebot4_ws/install/turtlebot4_diagnostics/lib/python3.10/site-packages:${PYTHONPATH} /usr/bin/cmake --build /home/ubuntu/turtlebot4_ws/build/turtlebot4_bringup -- -j4 -l4
[0.380s] Invoking command in '/home/ubuntu/turtlebot4_ws/build/turtlebot4_bringup': AMENT_PREFIX_PATH=/home/ubuntu/turtlebot4_ws/install/turtlebot4_diagnostics:${AMENT_PREFIX_PATH} CMAKE_PREFIX_PATH=/opt/ros/humble PYTHONPATH=/home/ubuntu/turtlebot4_ws/build/turtlebot4_diagnostics:/home/ubuntu/turtlebot4_ws/install/turtlebot4_diagnostics/lib/python3.10/site-packages:${PYTHONPATH} /usr/bin/cmake --install /home/ubuntu/turtlebot4_ws/build/turtlebot4_bringup
[0.408s] -- Install configuration: ""
[0.409s] -- Execute custom install script
[0.411s] -- Up-to-date symlink: /home/ubuntu/turtlebot4_ws/install/turtlebot4_bringup/share/turtlebot4_bringup/launch/joy_teleop.launch.py
[0.412s] -- Up-to-date symlink: /home/ubuntu/turtlebot4_ws/install/turtlebot4_bringup/share/turtlebot4_bringup/launch/lite.launch.py
[0.413s] -- Up-to-date symlink: /home/ubuntu/turtlebot4_ws/install/turtlebot4_bringup/share/turtlebot4_bringup/launch/oakd.launch.py
[0.414s] -- Up-to-date symlink: /home/ubuntu/turtlebot4_ws/install/turtlebot4_bringup/share/turtlebot4_bringup/launch/oakd_example.launch.py
[0.414s] -- Up-to-date symlink: /home/ubuntu/turtlebot4_ws/install/turtlebot4_bringup/share/turtlebot4_bringup/launch/robot.launch.py
[0.415s] -- Up-to-date symlink: /home/ubuntu/turtlebot4_ws/install/turtlebot4_bringup/share/turtlebot4_bringup/launch/rplidar.launch.py
[0.416s] -- Up-to-date symlink: /home/ubuntu/turtlebot4_ws/install/turtlebot4_bringup/share/turtlebot4_bringup/launch/standard.launch.py
[0.418s] -- Up-to-date symlink: /home/ubuntu/turtlebot4_ws/install/turtlebot4_bringup/share/turtlebot4_bringup/config/oakd_lite.yaml
[0.418s] -- Up-to-date symlink: /home/ubuntu/turtlebot4_ws/install/turtlebot4_bringup/share/turtlebot4_bringup/config/oakd_pro.yaml
[0.419s] -- Up-to-date symlink: /home/ubuntu/turtlebot4_ws/install/turtlebot4_bringup/share/turtlebot4_bringup/config/turtlebot4.yaml
[0.420s] -- Up-to-date symlink: /home/ubuntu/turtlebot4_ws/install/turtlebot4_bringup/share/turtlebot4_bringup/config/turtlebot4_controller.config.yaml
[0.421s] -- Up-to-date symlink: /home/ubuntu/turtlebot4_ws/install/turtlebot4_bringup/share/ament_index/resource_index/package_run_dependencies/turtlebot4_bringup
[0.423s] -- Up-to-date symlink: /home/ubuntu/turtlebot4_ws/install/turtlebot4_bringup/share/ament_index/resource_index/parent_prefix_path/turtlebot4_bringup
[0.424s] -- Up-to-date symlink: /home/ubuntu/turtlebot4_ws/install/turtlebot4_bringup/share/turtlebot4_bringup/environment/ament_prefix_path.sh
[0.424s] -- Up-to-date symlink: /home/ubuntu/turtlebot4_ws/install/turtlebot4_bringup/share/turtlebot4_bringup/environment/ament_prefix_path.dsv
[0.426s] -- Up-to-date symlink: /home/ubuntu/turtlebot4_ws/install/turtlebot4_bringup/share/turtlebot4_bringup/environment/path.sh
[0.427s] -- Up-to-date symlink: /home/ubuntu/turtlebot4_ws/install/turtlebot4_bringup/share/turtlebot4_bringup/environment/path.dsv
[0.427s] -- Up-to-date symlink: /home/ubuntu/turtlebot4_ws/install/turtlebot4_bringup/share/turtlebot4_bringup/local_setup.bash
[0.428s] -- Up-to-date symlink: /home/ubuntu/turtlebot4_ws/install/turtlebot4_bringup/share/turtlebot4_bringup/local_setup.sh
[0.429s] -- Up-to-date symlink: /home/ubuntu/turtlebot4_ws/install/turtlebot4_bringup/share/turtlebot4_bringup/local_setup.zsh
[0.430s] -- Up-to-date symlink: /home/ubuntu/turtlebot4_ws/install/turtlebot4_bringup/share/turtlebot4_bringup/local_setup.dsv
[0.431s] -- Symlinking: /home/ubuntu/turtlebot4_ws/install/turtlebot4_bringup/share/turtlebot4_bringup/package.dsv
[0.463s] -- Up-to-date symlink: /home/ubuntu/turtlebot4_ws/install/turtlebot4_bringup/share/ament_index/resource_index/packages/turtlebot4_bringup
[0.464s] -- Up-to-date symlink: /home/ubuntu/turtlebot4_ws/install/turtlebot4_bringup/share/turtlebot4_bringup/cmake/turtlebot4_bringupConfig.cmake
[0.465s] -- Up-to-date symlink: /home/ubuntu/turtlebot4_ws/install/turtlebot4_bringup/share/turtlebot4_bringup/cmake/turtlebot4_bringupConfig-version.cmake
[0.466s] -- Up-to-date symlink: /home/ubuntu/turtlebot4_ws/install/turtlebot4_bringup/share/turtlebot4_bringup/package.xml
[0.480s] Invoked command in '/home/ubuntu/turtlebot4_ws/build/turtlebot4_bringup' returned '0': AMENT_PREFIX_PATH=/home/ubuntu/turtlebot4_ws/install/turtlebot4_diagnostics:${AMENT_PREFIX_PATH} CMAKE_PREFIX_PATH=/opt/ros/humble PYTHONPATH=/home/ubuntu/turtlebot4_ws/build/turtlebot4_diagnostics:/home/ubuntu/turtlebot4_ws/install/turtlebot4_diagnostics/lib/python3.10/site-packages:${PYTHONPATH} /usr/bin/cmake --install /home/ubuntu/turtlebot4_ws/build/turtlebot4_bringup
