[2.578s] Invoking command in '/home/ubuntu/turtlebot4_ws/build/odom': CMAKE_PREFIX_PATH=${CMAKE_PREFIX_PATH}:/home/ubuntu/turtlebot4_ws/install/turtlebot4_tests:/home/ubuntu/turtlebot4_ws/install/turtlebot4_diagnostics:/opt/ros/humble /usr/bin/cmake /home/ubuntu/turtlebot4_ws/src/odom -DAMENT_CMAKE_SYMLINK_INSTALL=1 -DCMAKE_INSTALL_PREFIX=/home/ubuntu/turtlebot4_ws/install/odom
[2.674s] -- Found ament_cmake: 1.3.3 (/opt/ros/humble/share/ament_cmake/cmake)
[3.686s] -- Override CMake install command with custom implementation using symlinks instead of copying resources
[3.797s] -- Found rclcpp: 16.0.3 (/opt/ros/humble/share/rclcpp/cmake)
[4.074s] -- Found rosidl_generator_c: 3.1.4 (/opt/ros/humble/share/rosidl_generator_c/cmake)
[4.153s] -- Found rosidl_adapter: 3.1.4 (/opt/ros/humble/share/rosidl_adapter/cmake)
[4.252s] -- Found rosidl_generator_cpp: 3.1.4 (/opt/ros/humble/share/rosidl_generator_cpp/cmake)
[4.336s] -- Using all available rosidl_typesupport_c: rosidl_typesupport_fastrtps_c;rosidl_typesupport_introspection_c
[4.444s] -- Using all available rosidl_typesupport_cpp: rosidl_typesupport_fastrtps_cpp;rosidl_typesupport_introspection_cpp
[4.827s] -- Found rmw_implementation_cmake: 6.1.1 (/opt/ros/humble/share/rmw_implementation_cmake/cmake)
[4.857s] -- Found rmw_fastrtps_cpp: 6.2.2 (/opt/ros/humble/share/rmw_fastrtps_cpp/cmake)
[5.983s] -- Using RMW implementation 'rmw_fastrtps_cpp' as default
[6.790s] -- Found irobot_create_msgs: 2.1.0 (/opt/ros/humble/share/irobot_create_msgs/cmake)
[7.946s] -- Found ament_lint_auto: 0.12.5 (/opt/ros/humble/share/ament_lint_auto/cmake)
[8.354s] -- Added test 'cppcheck' to perform static code analysis on C / C++ code
[8.355s] -- Configured cppcheck include dirs: $<BUILD_INTERFACE:/home/ubuntu/turtlebot4_ws/src/odom/include>
[8.355s] -- Configured cppcheck exclude dirs and/or files: 
[8.363s] -- Added test 'lint_cmake' to check CMake code style
[8.372s] -- Added test 'uncrustify' to check C / C++ code style
[8.372s] -- Configured uncrustify additional arguments: 
[8.373s] -- Added test 'xmllint' to check XML markup files
[8.382s] -- Configuring done
[8.478s] -- Generating done
[8.488s] -- Build files have been written to: /home/ubuntu/turtlebot4_ws/build/odom
[8.523s] Invoked command in '/home/ubuntu/turtlebot4_ws/build/odom' returned '0': CMAKE_PREFIX_PATH=${CMAKE_PREFIX_PATH}:/home/ubuntu/turtlebot4_ws/install/turtlebot4_tests:/home/ubuntu/turtlebot4_ws/install/turtlebot4_diagnostics:/opt/ros/humble /usr/bin/cmake /home/ubuntu/turtlebot4_ws/src/odom -DAMENT_CMAKE_SYMLINK_INSTALL=1 -DCMAKE_INSTALL_PREFIX=/home/ubuntu/turtlebot4_ws/install/odom
[8.529s] Invoking command in '/home/ubuntu/turtlebot4_ws/build/odom': CMAKE_PREFIX_PATH=${CMAKE_PREFIX_PATH}:/home/ubuntu/turtlebot4_ws/install/turtlebot4_tests:/home/ubuntu/turtlebot4_ws/install/turtlebot4_diagnostics:/opt/ros/humble /usr/bin/cmake --build /home/ubuntu/turtlebot4_ws/build/odom -- -j4 -l4
[8.712s] [35m[1mConsolidate compiler generated dependencies of target odom[0m
[8.806s] [ 50%] [32m[1mLinking CXX executable odom[0m
[11.205s] [100%] Built target odom
[11.242s] Invoked command in '/home/ubuntu/turtlebot4_ws/build/odom' returned '0': CMAKE_PREFIX_PATH=${CMAKE_PREFIX_PATH}:/home/ubuntu/turtlebot4_ws/install/turtlebot4_tests:/home/ubuntu/turtlebot4_ws/install/turtlebot4_diagnostics:/opt/ros/humble /usr/bin/cmake --build /home/ubuntu/turtlebot4_ws/build/odom -- -j4 -l4
[11.388s] Invoking command in '/home/ubuntu/turtlebot4_ws/build/odom': CMAKE_PREFIX_PATH=${CMAKE_PREFIX_PATH}:/home/ubuntu/turtlebot4_ws/install/turtlebot4_tests:/home/ubuntu/turtlebot4_ws/install/turtlebot4_diagnostics:/opt/ros/humble /usr/bin/cmake --install /home/ubuntu/turtlebot4_ws/build/odom
[11.416s] -- Install configuration: ""
[11.417s] -- Execute custom install script
[11.419s] -- Symlinking: /home/ubuntu/turtlebot4_ws/install/odom/lib/odom/odom
[11.451s] -- Symlinking: /home/ubuntu/turtlebot4_ws/install/odom/share/ament_index/resource_index/package_run_dependencies/odom
[11.484s] -- Symlinking: /home/ubuntu/turtlebot4_ws/install/odom/share/ament_index/resource_index/parent_prefix_path/odom
[11.516s] -- Symlinking: /home/ubuntu/turtlebot4_ws/install/odom/share/odom/environment/ament_prefix_path.sh
[11.549s] -- Symlinking: /home/ubuntu/turtlebot4_ws/install/odom/share/odom/environment/ament_prefix_path.dsv
[11.583s] -- Symlinking: /home/ubuntu/turtlebot4_ws/install/odom/share/odom/environment/path.sh
[11.615s] -- Symlinking: /home/ubuntu/turtlebot4_ws/install/odom/share/odom/environment/path.dsv
[11.646s] -- Symlinking: /home/ubuntu/turtlebot4_ws/install/odom/share/odom/local_setup.bash
[11.678s] -- Symlinking: /home/ubuntu/turtlebot4_ws/install/odom/share/odom/local_setup.sh
[11.713s] -- Symlinking: /home/ubuntu/turtlebot4_ws/install/odom/share/odom/local_setup.zsh
[11.745s] -- Symlinking: /home/ubuntu/turtlebot4_ws/install/odom/share/odom/local_setup.dsv
[11.776s] -- Symlinking: /home/ubuntu/turtlebot4_ws/install/odom/share/odom/package.dsv
[11.807s] -- Symlinking: /home/ubuntu/turtlebot4_ws/install/odom/share/ament_index/resource_index/packages/odom
[11.841s] -- Symlinking: /home/ubuntu/turtlebot4_ws/install/odom/share/odom/cmake/odomConfig.cmake
[11.872s] -- Symlinking: /home/ubuntu/turtlebot4_ws/install/odom/share/odom/cmake/odomConfig-version.cmake
[11.902s] -- Symlinking: /home/ubuntu/turtlebot4_ws/install/odom/share/odom/package.xml
[11.948s] Invoked command in '/home/ubuntu/turtlebot4_ws/build/odom' returned '0': CMAKE_PREFIX_PATH=${CMAKE_PREFIX_PATH}:/home/ubuntu/turtlebot4_ws/install/turtlebot4_tests:/home/ubuntu/turtlebot4_ws/install/turtlebot4_diagnostics:/opt/ros/humble /usr/bin/cmake --install /home/ubuntu/turtlebot4_ws/build/odom
