[3.864s] Invoking command in '/home/ubuntu/turtlebot4_ws/build/wheelvelo': PYTHONPATH=/home/ubuntu/turtlebot4_ws/build/wheelvelo/prefix_override:/home/ubuntu/turtlebot4_ws/install/wheelvelo/lib/python3.10/site-packages:${PYTHONPATH} /usr/bin/python3 setup.py develop --editable --build-directory /home/ubuntu/turtlebot4_ws/build/wheelvelo/build --no-deps install_data
[5.342s] running develop
[5.344s] /usr/lib/python3/dist-packages/setuptools/command/easy_install.py:158: EasyInstallDeprecationWarning: easy_install command is deprecated. Use build and pip and other standards-based tools.
[5.345s]   warnings.warn(
[5.350s] /usr/lib/python3/dist-packages/setuptools/command/install.py:34: SetuptoolsDeprecationWarning: setup.py install is deprecated. Use build and pip and other standards-based tools.
[5.351s]   warnings.warn(
[5.705s] /usr/lib/python3/dist-packages/pkg_resources/__init__.py:116: PkgResourcesDeprecationWarning: 1.16.0-unknown is an invalid version and will not be supported in a future release
[5.706s]   warnings.warn(
[5.706s] /usr/lib/python3/dist-packages/pkg_resources/__init__.py:116: PkgResourcesDeprecationWarning: 1.1build1 is an invalid version and will not be supported in a future release
[5.707s]   warnings.warn(
[5.708s] /usr/lib/python3/dist-packages/pkg_resources/__init__.py:116: PkgResourcesDeprecationWarning: 0.1.43ubuntu1 is an invalid version and will not be supported in a future release
[5.708s]   warnings.warn(
[6.362s] running egg_info
[6.363s] writing wheelvelo.egg-info/PKG-INFO
[6.364s] writing dependency_links to wheelvelo.egg-info/dependency_links.txt
[6.366s] writing entry points to wheelvelo.egg-info/entry_points.txt
[6.367s] writing requirements to wheelvelo.egg-info/requires.txt
[6.368s] writing top-level names to wheelvelo.egg-info/top_level.txt
[6.377s] reading manifest file 'wheelvelo.egg-info/SOURCES.txt'
[6.381s] writing manifest file 'wheelvelo.egg-info/SOURCES.txt'
[6.391s] running build_ext
[6.392s] Creating /home/ubuntu/turtlebot4_ws/install/wheelvelo/lib/python3.10/site-packages/wheelvelo.egg-link (link to .)
[6.396s] Installing wheelvelo script to /home/ubuntu/turtlebot4_ws/install/wheelvelo/lib/wheelvelo
[6.397s] 
[6.398s] Installed /home/ubuntu/turtlebot4_ws/build/wheelvelo
[6.401s] running install_data
[6.582s] Invoked command in '/home/ubuntu/turtlebot4_ws/build/wheelvelo' returned '0': PYTHONPATH=/home/ubuntu/turtlebot4_ws/build/wheelvelo/prefix_override:/home/ubuntu/turtlebot4_ws/install/wheelvelo/lib/python3.10/site-packages:${PYTHONPATH} /usr/bin/python3 setup.py develop --editable --build-directory /home/ubuntu/turtlebot4_ws/build/wheelvelo/build --no-deps install_data
