[0.146s] Invoking command in '/home/ubuntu/turtlebot4_ws/build/turtlebot4_bringup': AMENT_PREFIX_PATH=/home/ubuntu/turtlebot4_ws/install/turtlebot4_diagnostics:/home/ubuntu/turtlebot4_ws/install/turtlebot4_robot:/home/ubuntu/turtlebot4_ws/install/turtlebot4_tests:/home/ubuntu/turtlebot4_ws/install/turtlebot4_bringup:/home/ubuntu/turtlebot4_ws/install/turtlebot4_base:/home/ubuntu/turtlebot4_ws/install/odom:/opt/ros/humble CMAKE_PREFIX_PATH=${CMAKE_PREFIX_PATH}:/home/ubuntu/turtlebot4_ws/install/turtlebot4_tests:/home/ubuntu/turtlebot4_ws/install/turtlebot4_diagnostics:/opt/ros/humble PYTHONPATH=/home/ubuntu/turtlebot4_ws/build/turtlebot4_diagnostics:/home/ubuntu/turtlebot4_ws/install/turtlebot4_diagnostics/lib/python3.10/site-packages:/home/ubuntu/turtlebot4_ws/build/turtlebot4_tests:/home/ubuntu/turtlebot4_ws/install/turtlebot4_tests/lib/python3.10/site-packages:/opt/ros/humble/lib/python3.10/site-packages:/opt/ros/humble/local/lib/python3.10/dist-packages /usr/bin/cmake --build /home/ubuntu/turtlebot4_ws/build/turtlebot4_bringup -- -j4 -l4
[0.364s] Invoked command in '/home/ubuntu/turtlebot4_ws/build/turtlebot4_bringup' returned '0': AMENT_PREFIX_PATH=/home/ubuntu/turtlebot4_ws/install/turtlebot4_diagnostics:/home/ubuntu/turtlebot4_ws/install/turtlebot4_robot:/home/ubuntu/turtlebot4_ws/install/turtlebot4_tests:/home/ubuntu/turtlebot4_ws/install/turtlebot4_bringup:/home/ubuntu/turtlebot4_ws/install/turtlebot4_base:/home/ubuntu/turtlebot4_ws/install/odom:/opt/ros/humble CMAKE_PREFIX_PATH=${CMAKE_PREFIX_PATH}:/home/ubuntu/turtlebot4_ws/install/turtlebot4_tests:/home/ubuntu/turtlebot4_ws/install/turtlebot4_diagnostics:/opt/ros/humble PYTHONPATH=/home/ubuntu/turtlebot4_ws/build/turtlebot4_diagnostics:/home/ubuntu/turtlebot4_ws/install/turtlebot4_diagnostics/lib/python3.10/site-packages:/home/ubuntu/turtlebot4_ws/build/turtlebot4_tests:/home/ubuntu/turtlebot4_ws/install/turtlebot4_tests/lib/python3.10/site-packages:/opt/ros/humble/lib/python3.10/site-packages:/opt/ros/humble/local/lib/python3.10/dist-packages /usr/bin/cmake --build /home/ubuntu/turtlebot4_ws/build/turtlebot4_bringup -- -j4 -l4
[0.491s] Invoking command in '/home/ubuntu/turtlebot4_ws/build/turtlebot4_bringup': AMENT_PREFIX_PATH=/home/ubuntu/turtlebot4_ws/install/turtlebot4_diagnostics:/home/ubuntu/turtlebot4_ws/install/turtlebot4_robot:/home/ubuntu/turtlebot4_ws/install/turtlebot4_tests:/home/ubuntu/turtlebot4_ws/install/turtlebot4_bringup:/home/ubuntu/turtlebot4_ws/install/turtlebot4_base:/home/ubuntu/turtlebot4_ws/install/odom:/opt/ros/humble CMAKE_PREFIX_PATH=${CMAKE_PREFIX_PATH}:/home/ubuntu/turtlebot4_ws/install/turtlebot4_tests:/home/ubuntu/turtlebot4_ws/install/turtlebot4_diagnostics:/opt/ros/humble PYTHONPATH=/home/ubuntu/turtlebot4_ws/build/turtlebot4_diagnostics:/home/ubuntu/turtlebot4_ws/install/turtlebot4_diagnostics/lib/python3.10/site-packages:/home/ubuntu/turtlebot4_ws/build/turtlebot4_tests:/home/ubuntu/turtlebot4_ws/install/turtlebot4_tests/lib/python3.10/site-packages:/opt/ros/humble/lib/python3.10/site-packages:/opt/ros/humble/local/lib/python3.10/dist-packages /usr/bin/cmake --install /home/ubuntu/turtlebot4_ws/build/turtlebot4_bringup
[0.521s] -- Install configuration: ""
[0.524s] -- Execute custom install script
[0.528s] -- Up-to-date symlink: /home/ubuntu/turtlebot4_ws/install/turtlebot4_bringup/share/turtlebot4_bringup/launch/joy_teleop.launch.py
[0.528s] -- Up-to-date symlink: /home/ubuntu/turtlebot4_ws/install/turtlebot4_bringup/share/turtlebot4_bringup/launch/lite.launch.py
[0.529s] -- Up-to-date symlink: /home/ubuntu/turtlebot4_ws/install/turtlebot4_bringup/share/turtlebot4_bringup/launch/oakd.launch.py
[0.530s] -- Up-to-date symlink: /home/ubuntu/turtlebot4_ws/install/turtlebot4_bringup/share/turtlebot4_bringup/launch/oakd_example.launch.py
[0.530s] -- Up-to-date symlink: /home/ubuntu/turtlebot4_ws/install/turtlebot4_bringup/share/turtlebot4_bringup/launch/robot.launch.py
[0.532s] -- Up-to-date symlink: /home/ubuntu/turtlebot4_ws/install/turtlebot4_bringup/share/turtlebot4_bringup/launch/rplidar.launch.py
[0.533s] -- Up-to-date symlink: /home/ubuntu/turtlebot4_ws/install/turtlebot4_bringup/share/turtlebot4_bringup/launch/standard.launch.py
[0.534s] -- Up-to-date symlink: /home/ubuntu/turtlebot4_ws/install/turtlebot4_bringup/share/turtlebot4_bringup/config/oakd_lite.yaml
[0.535s] -- Up-to-date symlink: /home/ubuntu/turtlebot4_ws/install/turtlebot4_bringup/share/turtlebot4_bringup/config/oakd_pro.yaml
[0.536s] -- Up-to-date symlink: /home/ubuntu/turtlebot4_ws/install/turtlebot4_bringup/share/turtlebot4_bringup/config/turtlebot4.yaml
[0.537s] -- Up-to-date symlink: /home/ubuntu/turtlebot4_ws/install/turtlebot4_bringup/share/turtlebot4_bringup/config/turtlebot4_controller.config.yaml
[0.538s] -- Up-to-date symlink: /home/ubuntu/turtlebot4_ws/install/turtlebot4_bringup/share/ament_index/resource_index/package_run_dependencies/turtlebot4_bringup
[0.541s] -- Up-to-date symlink: /home/ubuntu/turtlebot4_ws/install/turtlebot4_bringup/share/ament_index/resource_index/parent_prefix_path/turtlebot4_bringup
[0.542s] -- Up-to-date symlink: /home/ubuntu/turtlebot4_ws/install/turtlebot4_bringup/share/turtlebot4_bringup/environment/ament_prefix_path.sh
[0.543s] -- Up-to-date symlink: /home/ubuntu/turtlebot4_ws/install/turtlebot4_bringup/share/turtlebot4_bringup/environment/ament_prefix_path.dsv
[0.544s] -- Up-to-date symlink: /home/ubuntu/turtlebot4_ws/install/turtlebot4_bringup/share/turtlebot4_bringup/environment/path.sh
[0.545s] -- Up-to-date symlink: /home/ubuntu/turtlebot4_ws/install/turtlebot4_bringup/share/turtlebot4_bringup/environment/path.dsv
[0.546s] -- Up-to-date symlink: /home/ubuntu/turtlebot4_ws/install/turtlebot4_bringup/share/turtlebot4_bringup/local_setup.bash
[0.546s] -- Up-to-date symlink: /home/ubuntu/turtlebot4_ws/install/turtlebot4_bringup/share/turtlebot4_bringup/local_setup.sh
[0.547s] -- Up-to-date symlink: /home/ubuntu/turtlebot4_ws/install/turtlebot4_bringup/share/turtlebot4_bringup/local_setup.zsh
[0.548s] -- Up-to-date symlink: /home/ubuntu/turtlebot4_ws/install/turtlebot4_bringup/share/turtlebot4_bringup/local_setup.dsv
[0.549s] -- Symlinking: /home/ubuntu/turtlebot4_ws/install/turtlebot4_bringup/share/turtlebot4_bringup/package.dsv
[0.583s] -- Up-to-date symlink: /home/ubuntu/turtlebot4_ws/install/turtlebot4_bringup/share/ament_index/resource_index/packages/turtlebot4_bringup
[0.584s] -- Up-to-date symlink: /home/ubuntu/turtlebot4_ws/install/turtlebot4_bringup/share/turtlebot4_bringup/cmake/turtlebot4_bringupConfig.cmake
[0.585s] -- Up-to-date symlink: /home/ubuntu/turtlebot4_ws/install/turtlebot4_bringup/share/turtlebot4_bringup/cmake/turtlebot4_bringupConfig-version.cmake
[0.586s] -- Up-to-date symlink: /home/ubuntu/turtlebot4_ws/install/turtlebot4_bringup/share/turtlebot4_bringup/package.xml
[0.598s] Invoked command in '/home/ubuntu/turtlebot4_ws/build/turtlebot4_bringup' returned '0': AMENT_PREFIX_PATH=/home/ubuntu/turtlebot4_ws/install/turtlebot4_diagnostics:/home/ubuntu/turtlebot4_ws/install/turtlebot4_robot:/home/ubuntu/turtlebot4_ws/install/turtlebot4_tests:/home/ubuntu/turtlebot4_ws/install/turtlebot4_bringup:/home/ubuntu/turtlebot4_ws/install/turtlebot4_base:/home/ubuntu/turtlebot4_ws/install/odom:/opt/ros/humble CMAKE_PREFIX_PATH=${CMAKE_PREFIX_PATH}:/home/ubuntu/turtlebot4_ws/install/turtlebot4_tests:/home/ubuntu/turtlebot4_ws/install/turtlebot4_diagnostics:/opt/ros/humble PYTHONPATH=/home/ubuntu/turtlebot4_ws/build/turtlebot4_diagnostics:/home/ubuntu/turtlebot4_ws/install/turtlebot4_diagnostics/lib/python3.10/site-packages:/home/ubuntu/turtlebot4_ws/build/turtlebot4_tests:/home/ubuntu/turtlebot4_ws/install/turtlebot4_tests/lib/python3.10/site-packages:/opt/ros/humble/lib/python3.10/site-packages:/opt/ros/humble/local/lib/python3.10/dist-packages /usr/bin/cmake --install /home/ubuntu/turtlebot4_ws/build/turtlebot4_bringup
