[1.402s] DEBUG:colcon:Command line arguments: ['/usr/bin/colcon', 'build', '--symlink-install']
[1.402s] DEBUG:colcon:Parsed command line arguments: Namespace(log_base=None, log_level=None, verb_name='build', build_base='build', install_base='install', merge_install=False, symlink_install=True, test_result_base=None, continue_on_error=False, executor='parallel', parallel_workers=4, event_handlers=None, ignore_user_meta=False, metas=['./colcon.meta'], base_paths=['.'], packages_ignore=None, packages_ignore_regex=None, paths=None, packages_up_to=None, packages_up_to_regex=None, packages_above=None, packages_above_and_dependencies=None, packages_above_depth=None, packages_select_by_dep=None, packages_skip_by_dep=None, packages_skip_up_to=None, packages_select_build_failed=False, packages_skip_build_finished=False, packages_select_test_failures=False, packages_skip_test_passed=False, packages_select=None, packages_skip=None, packages_select_regex=None, packages_skip_regex=None, packages_start=None, packages_end=None, allow_overriding=[], cmake_args=None, cmake_target=None, cmake_target_skip_unavailable=False, cmake_clean_cache=False, cmake_clean_first=False, cmake_force_configure=False, ament_cmake_args=None, catkin_cmake_args=None, catkin_skip_building_tests=False, verb_parser=<colcon_defaults.argument_parser.defaults.DefaultArgumentsDecorator object at 0xffff8c248c70>, verb_extension=<colcon_core.verb.build.BuildVerb object at 0xffff8c3f5990>, main=<bound method BuildVerb.main of <colcon_core.verb.build.BuildVerb object at 0xffff8c3f5990>>)
[1.540s] Level 1:colcon.colcon_core.package_discovery:discover_packages(colcon_meta) check parameters
[1.541s] Level 1:colcon.colcon_core.package_discovery:discover_packages(recursive) check parameters
[1.541s] Level 1:colcon.colcon_core.package_discovery:discover_packages(ignore) check parameters
[1.541s] Level 1:colcon.colcon_core.package_discovery:discover_packages(path) check parameters
[1.541s] Level 1:colcon.colcon_core.package_discovery:discover_packages(colcon_meta) discover
[1.541s] Level 1:colcon.colcon_core.package_discovery:discover_packages(recursive) discover
[1.541s] INFO:colcon.colcon_core.package_discovery:Crawling recursively for packages in '/home/ubuntu/turtlebot4_ws'
[1.542s] Level 1:colcon.colcon_core.package_identification:_identify(.) by extensions ['ignore', 'ignore_ament_install']
[1.542s] Level 1:colcon.colcon_core.package_identification:_identify(.) by extension 'ignore'
[1.542s] Level 1:colcon.colcon_core.package_identification:_identify(.) by extension 'ignore_ament_install'
[1.542s] Level 1:colcon.colcon_core.package_identification:_identify(.) by extensions ['colcon_pkg']
[1.543s] Level 1:colcon.colcon_core.package_identification:_identify(.) by extension 'colcon_pkg'
[1.543s] Level 1:colcon.colcon_core.package_identification:_identify(.) by extensions ['colcon_meta']
[1.543s] Level 1:colcon.colcon_core.package_identification:_identify(.) by extension 'colcon_meta'
[1.543s] Level 1:colcon.colcon_core.package_identification:_identify(.) by extensions ['ros']
[1.543s] Level 1:colcon.colcon_core.package_identification:_identify(.) by extension 'ros'
[1.592s] Level 1:colcon.colcon_core.package_identification:_identify(.) by extensions ['cmake', 'python']
[1.592s] Level 1:colcon.colcon_core.package_identification:_identify(.) by extension 'cmake'
[1.592s] Level 1:colcon.colcon_core.package_identification:_identify(.) by extension 'python'
[1.593s] Level 1:colcon.colcon_core.package_identification:_identify(.) by extensions ['python_setup_py']
[1.593s] Level 1:colcon.colcon_core.package_identification:_identify(.) by extension 'python_setup_py'
[1.593s] Level 1:colcon.colcon_core.package_identification:_identify(build) by extensions ['ignore', 'ignore_ament_install']
[1.594s] Level 1:colcon.colcon_core.package_identification:_identify(build) by extension 'ignore'
[1.594s] Level 1:colcon.colcon_core.package_identification:_identify(build) ignored
[1.595s] Level 1:colcon.colcon_core.package_identification:_identify(install) by extensions ['ignore', 'ignore_ament_install']
[1.595s] Level 1:colcon.colcon_core.package_identification:_identify(install) by extension 'ignore'
[1.595s] Level 1:colcon.colcon_core.package_identification:_identify(install) ignored
[1.596s] Level 1:colcon.colcon_core.package_identification:_identify(log) by extensions ['ignore', 'ignore_ament_install']
[1.597s] Level 1:colcon.colcon_core.package_identification:_identify(log) by extension 'ignore'
[1.597s] Level 1:colcon.colcon_core.package_identification:_identify(log) ignored
[1.597s] Level 1:colcon.colcon_core.package_identification:_identify(src) by extensions ['ignore', 'ignore_ament_install']
[1.598s] Level 1:colcon.colcon_core.package_identification:_identify(src) by extension 'ignore'
[1.598s] Level 1:colcon.colcon_core.package_identification:_identify(src) by extension 'ignore_ament_install'
[1.598s] Level 1:colcon.colcon_core.package_identification:_identify(src) by extensions ['colcon_pkg']
[1.598s] Level 1:colcon.colcon_core.package_identification:_identify(src) by extension 'colcon_pkg'
[1.598s] Level 1:colcon.colcon_core.package_identification:_identify(src) by extensions ['colcon_meta']
[1.598s] Level 1:colcon.colcon_core.package_identification:_identify(src) by extension 'colcon_meta'
[1.599s] Level 1:colcon.colcon_core.package_identification:_identify(src) by extensions ['ros']
[1.599s] Level 1:colcon.colcon_core.package_identification:_identify(src) by extension 'ros'
[1.599s] Level 1:colcon.colcon_core.package_identification:_identify(src) by extensions ['cmake', 'python']
[1.599s] Level 1:colcon.colcon_core.package_identification:_identify(src) by extension 'cmake'
[1.600s] Level 1:colcon.colcon_core.package_identification:_identify(src) by extension 'python'
[1.600s] Level 1:colcon.colcon_core.package_identification:_identify(src) by extensions ['python_setup_py']
[1.600s] Level 1:colcon.colcon_core.package_identification:_identify(src) by extension 'python_setup_py'
[1.600s] Level 1:colcon.colcon_core.package_identification:_identify(src/odom) by extensions ['ignore', 'ignore_ament_install']
[1.601s] Level 1:colcon.colcon_core.package_identification:_identify(src/odom) by extension 'ignore'
[1.601s] Level 1:colcon.colcon_core.package_identification:_identify(src/odom) by extension 'ignore_ament_install'
[1.601s] Level 1:colcon.colcon_core.package_identification:_identify(src/odom) by extensions ['colcon_pkg']
[1.601s] Level 1:colcon.colcon_core.package_identification:_identify(src/odom) by extension 'colcon_pkg'
[1.601s] Level 1:colcon.colcon_core.package_identification:_identify(src/odom) by extensions ['colcon_meta']
[1.602s] Level 1:colcon.colcon_core.package_identification:_identify(src/odom) by extension 'colcon_meta'
[1.602s] Level 1:colcon.colcon_core.package_identification:_identify(src/odom) by extensions ['ros']
[1.602s] Level 1:colcon.colcon_core.package_identification:_identify(src/odom) by extension 'ros'
[1.611s] DEBUG:colcon.colcon_core.package_identification:Package 'src/odom' with type 'ros.ament_cmake' and name 'odom'
[1.612s] Level 1:colcon.colcon_core.package_identification:_identify(src/turtlebot4_robot) by extensions ['ignore', 'ignore_ament_install']
[1.612s] Level 1:colcon.colcon_core.package_identification:_identify(src/turtlebot4_robot) by extension 'ignore'
[1.612s] Level 1:colcon.colcon_core.package_identification:_identify(src/turtlebot4_robot) by extension 'ignore_ament_install'
[1.612s] Level 1:colcon.colcon_core.package_identification:_identify(src/turtlebot4_robot) by extensions ['colcon_pkg']
[1.613s] Level 1:colcon.colcon_core.package_identification:_identify(src/turtlebot4_robot) by extension 'colcon_pkg'
[1.613s] Level 1:colcon.colcon_core.package_identification:_identify(src/turtlebot4_robot) by extensions ['colcon_meta']
[1.613s] Level 1:colcon.colcon_core.package_identification:_identify(src/turtlebot4_robot) by extension 'colcon_meta'
[1.613s] Level 1:colcon.colcon_core.package_identification:_identify(src/turtlebot4_robot) by extensions ['ros']
[1.613s] Level 1:colcon.colcon_core.package_identification:_identify(src/turtlebot4_robot) by extension 'ros'
[1.614s] Level 1:colcon.colcon_core.package_identification:_identify(src/turtlebot4_robot) by extensions ['cmake', 'python']
[1.614s] Level 1:colcon.colcon_core.package_identification:_identify(src/turtlebot4_robot) by extension 'cmake'
[1.614s] Level 1:colcon.colcon_core.package_identification:_identify(src/turtlebot4_robot) by extension 'python'
[1.614s] Level 1:colcon.colcon_core.package_identification:_identify(src/turtlebot4_robot) by extensions ['python_setup_py']
[1.614s] Level 1:colcon.colcon_core.package_identification:_identify(src/turtlebot4_robot) by extension 'python_setup_py'
[1.615s] Level 1:colcon.colcon_core.package_identification:_identify(src/turtlebot4_robot/turtlebot4_base) by extensions ['ignore', 'ignore_ament_install']
[1.615s] Level 1:colcon.colcon_core.package_identification:_identify(src/turtlebot4_robot/turtlebot4_base) by extension 'ignore'
[1.615s] Level 1:colcon.colcon_core.package_identification:_identify(src/turtlebot4_robot/turtlebot4_base) by extension 'ignore_ament_install'
[1.615s] Level 1:colcon.colcon_core.package_identification:_identify(src/turtlebot4_robot/turtlebot4_base) by extensions ['colcon_pkg']
[1.616s] Level 1:colcon.colcon_core.package_identification:_identify(src/turtlebot4_robot/turtlebot4_base) by extension 'colcon_pkg'
[1.616s] Level 1:colcon.colcon_core.package_identification:_identify(src/turtlebot4_robot/turtlebot4_base) by extensions ['colcon_meta']
[1.616s] Level 1:colcon.colcon_core.package_identification:_identify(src/turtlebot4_robot/turtlebot4_base) by extension 'colcon_meta'
[1.616s] Level 1:colcon.colcon_core.package_identification:_identify(src/turtlebot4_robot/turtlebot4_base) by extensions ['ros']
[1.616s] Level 1:colcon.colcon_core.package_identification:_identify(src/turtlebot4_robot/turtlebot4_base) by extension 'ros'
[1.621s] DEBUG:colcon.colcon_core.package_identification:Package 'src/turtlebot4_robot/turtlebot4_base' with type 'ros.ament_cmake' and name 'turtlebot4_base'
[1.621s] Level 1:colcon.colcon_core.package_identification:_identify(src/turtlebot4_robot/turtlebot4_bringup) by extensions ['ignore', 'ignore_ament_install']
[1.622s] Level 1:colcon.colcon_core.package_identification:_identify(src/turtlebot4_robot/turtlebot4_bringup) by extension 'ignore'
[1.622s] Level 1:colcon.colcon_core.package_identification:_identify(src/turtlebot4_robot/turtlebot4_bringup) by extension 'ignore_ament_install'
[1.622s] Level 1:colcon.colcon_core.package_identification:_identify(src/turtlebot4_robot/turtlebot4_bringup) by extensions ['colcon_pkg']
[1.622s] Level 1:colcon.colcon_core.package_identification:_identify(src/turtlebot4_robot/turtlebot4_bringup) by extension 'colcon_pkg'
[1.623s] Level 1:colcon.colcon_core.package_identification:_identify(src/turtlebot4_robot/turtlebot4_bringup) by extensions ['colcon_meta']
[1.623s] Level 1:colcon.colcon_core.package_identification:_identify(src/turtlebot4_robot/turtlebot4_bringup) by extension 'colcon_meta'
[1.623s] Level 1:colcon.colcon_core.package_identification:_identify(src/turtlebot4_robot/turtlebot4_bringup) by extensions ['ros']
[1.623s] Level 1:colcon.colcon_core.package_identification:_identify(src/turtlebot4_robot/turtlebot4_bringup) by extension 'ros'
[1.628s] DEBUG:colcon.colcon_core.package_identification:Package 'src/turtlebot4_robot/turtlebot4_bringup' with type 'ros.ament_cmake' and name 'turtlebot4_bringup'
[1.629s] Level 1:colcon.colcon_core.package_identification:_identify(src/turtlebot4_robot/turtlebot4_diagnostics) by extensions ['ignore', 'ignore_ament_install']
[1.630s] Level 1:colcon.colcon_core.package_identification:_identify(src/turtlebot4_robot/turtlebot4_diagnostics) by extension 'ignore'
[1.630s] Level 1:colcon.colcon_core.package_identification:_identify(src/turtlebot4_robot/turtlebot4_diagnostics) by extension 'ignore_ament_install'
[1.630s] Level 1:colcon.colcon_core.package_identification:_identify(src/turtlebot4_robot/turtlebot4_diagnostics) by extensions ['colcon_pkg']
[1.630s] Level 1:colcon.colcon_core.package_identification:_identify(src/turtlebot4_robot/turtlebot4_diagnostics) by extension 'colcon_pkg'
[1.631s] Level 1:colcon.colcon_core.package_identification:_identify(src/turtlebot4_robot/turtlebot4_diagnostics) by extensions ['colcon_meta']
[1.631s] Level 1:colcon.colcon_core.package_identification:_identify(src/turtlebot4_robot/turtlebot4_diagnostics) by extension 'colcon_meta'
[1.631s] Level 1:colcon.colcon_core.package_identification:_identify(src/turtlebot4_robot/turtlebot4_diagnostics) by extensions ['ros']
[1.631s] Level 1:colcon.colcon_core.package_identification:_identify(src/turtlebot4_robot/turtlebot4_diagnostics) by extension 'ros'
[1.635s] DEBUG:colcon.colcon_core.package_identification:Package 'src/turtlebot4_robot/turtlebot4_diagnostics' with type 'ros.ament_python' and name 'turtlebot4_diagnostics'
[1.635s] Level 1:colcon.colcon_core.package_identification:_identify(src/turtlebot4_robot/turtlebot4_robot) by extensions ['ignore', 'ignore_ament_install']
[1.636s] Level 1:colcon.colcon_core.package_identification:_identify(src/turtlebot4_robot/turtlebot4_robot) by extension 'ignore'
[1.636s] Level 1:colcon.colcon_core.package_identification:_identify(src/turtlebot4_robot/turtlebot4_robot) by extension 'ignore_ament_install'
[1.636s] Level 1:colcon.colcon_core.package_identification:_identify(src/turtlebot4_robot/turtlebot4_robot) by extensions ['colcon_pkg']
[1.636s] Level 1:colcon.colcon_core.package_identification:_identify(src/turtlebot4_robot/turtlebot4_robot) by extension 'colcon_pkg'
[1.636s] Level 1:colcon.colcon_core.package_identification:_identify(src/turtlebot4_robot/turtlebot4_robot) by extensions ['colcon_meta']
[1.637s] Level 1:colcon.colcon_core.package_identification:_identify(src/turtlebot4_robot/turtlebot4_robot) by extension 'colcon_meta'
[1.637s] Level 1:colcon.colcon_core.package_identification:_identify(src/turtlebot4_robot/turtlebot4_robot) by extensions ['ros']
[1.637s] Level 1:colcon.colcon_core.package_identification:_identify(src/turtlebot4_robot/turtlebot4_robot) by extension 'ros'
[1.640s] DEBUG:colcon.colcon_core.package_identification:Package 'src/turtlebot4_robot/turtlebot4_robot' with type 'ros.ament_cmake' and name 'turtlebot4_robot'
[1.641s] Level 1:colcon.colcon_core.package_identification:_identify(src/turtlebot4_robot/turtlebot4_tests) by extensions ['ignore', 'ignore_ament_install']
[1.641s] Level 1:colcon.colcon_core.package_identification:_identify(src/turtlebot4_robot/turtlebot4_tests) by extension 'ignore'
[1.641s] Level 1:colcon.colcon_core.package_identification:_identify(src/turtlebot4_robot/turtlebot4_tests) by extension 'ignore_ament_install'
[1.642s] Level 1:colcon.colcon_core.package_identification:_identify(src/turtlebot4_robot/turtlebot4_tests) by extensions ['colcon_pkg']
[1.642s] Level 1:colcon.colcon_core.package_identification:_identify(src/turtlebot4_robot/turtlebot4_tests) by extension 'colcon_pkg'
[1.642s] Level 1:colcon.colcon_core.package_identification:_identify(src/turtlebot4_robot/turtlebot4_tests) by extensions ['colcon_meta']
[1.642s] Level 1:colcon.colcon_core.package_identification:_identify(src/turtlebot4_robot/turtlebot4_tests) by extension 'colcon_meta'
[1.642s] Level 1:colcon.colcon_core.package_identification:_identify(src/turtlebot4_robot/turtlebot4_tests) by extensions ['ros']
[1.642s] Level 1:colcon.colcon_core.package_identification:_identify(src/turtlebot4_robot/turtlebot4_tests) by extension 'ros'
[1.646s] DEBUG:colcon.colcon_core.package_identification:Package 'src/turtlebot4_robot/turtlebot4_tests' with type 'ros.ament_python' and name 'turtlebot4_tests'
[1.646s] Level 1:colcon.colcon_core.package_discovery:discover_packages(recursive) using defaults
[1.646s] Level 1:colcon.colcon_core.package_discovery:discover_packages(ignore) discover
[1.646s] Level 1:colcon.colcon_core.package_discovery:discover_packages(ignore) using defaults
[1.646s] Level 1:colcon.colcon_core.package_discovery:discover_packages(path) discover
[1.646s] Level 1:colcon.colcon_core.package_discovery:discover_packages(path) using defaults
[1.741s] Level 1:colcon.colcon_core.package_discovery:discover_packages(prefix_path) check parameters
[1.741s] Level 1:colcon.colcon_core.package_discovery:discover_packages(prefix_path) discover
[1.761s] DEBUG:colcon.colcon_installed_package_information.package_discovery:Found 323 installed packages in /opt/ros/humble
[1.768s] Level 1:colcon.colcon_core.package_discovery:discover_packages(prefix_path) using defaults
[2.033s] Level 5:colcon.colcon_core.verb:set package 'odom' build argument 'cmake_args' from command line to 'None'
[2.033s] Level 5:colcon.colcon_core.verb:set package 'odom' build argument 'cmake_target' from command line to 'None'
[2.033s] Level 5:colcon.colcon_core.verb:set package 'odom' build argument 'cmake_target_skip_unavailable' from command line to 'False'
[2.033s] Level 5:colcon.colcon_core.verb:set package 'odom' build argument 'cmake_clean_cache' from command line to 'False'
[2.033s] Level 5:colcon.colcon_core.verb:set package 'odom' build argument 'cmake_clean_first' from command line to 'False'
[2.033s] Level 5:colcon.colcon_core.verb:set package 'odom' build argument 'cmake_force_configure' from command line to 'False'
[2.033s] Level 5:colcon.colcon_core.verb:set package 'odom' build argument 'ament_cmake_args' from command line to 'None'
[2.034s] Level 5:colcon.colcon_core.verb:set package 'odom' build argument 'catkin_cmake_args' from command line to 'None'
[2.034s] Level 5:colcon.colcon_core.verb:set package 'odom' build argument 'catkin_skip_building_tests' from command line to 'False'
[2.034s] DEBUG:colcon.colcon_core.verb:Building package 'odom' with the following arguments: {'ament_cmake_args': None, 'build_base': '/home/ubuntu/turtlebot4_ws/build/odom', 'catkin_cmake_args': None, 'catkin_skip_building_tests': False, 'cmake_args': None, 'cmake_clean_cache': False, 'cmake_clean_first': False, 'cmake_force_configure': False, 'cmake_target': None, 'cmake_target_skip_unavailable': False, 'install_base': '/home/ubuntu/turtlebot4_ws/install/odom', 'merge_install': False, 'path': '/home/ubuntu/turtlebot4_ws/src/odom', 'symlink_install': True, 'test_result_base': None}
[2.038s] Level 5:colcon.colcon_core.verb:set package 'turtlebot4_base' build argument 'cmake_args' from command line to 'None'
[2.038s] Level 5:colcon.colcon_core.verb:set package 'turtlebot4_base' build argument 'cmake_target' from command line to 'None'
[2.038s] Level 5:colcon.colcon_core.verb:set package 'turtlebot4_base' build argument 'cmake_target_skip_unavailable' from command line to 'False'
[2.038s] Level 5:colcon.colcon_core.verb:set package 'turtlebot4_base' build argument 'cmake_clean_cache' from command line to 'False'
[2.038s] Level 5:colcon.colcon_core.verb:set package 'turtlebot4_base' build argument 'cmake_clean_first' from command line to 'False'
[2.039s] Level 5:colcon.colcon_core.verb:set package 'turtlebot4_base' build argument 'cmake_force_configure' from command line to 'False'
[2.039s] Level 5:colcon.colcon_core.verb:set package 'turtlebot4_base' build argument 'ament_cmake_args' from command line to 'None'
[2.039s] Level 5:colcon.colcon_core.verb:set package 'turtlebot4_base' build argument 'catkin_cmake_args' from command line to 'None'
[2.039s] Level 5:colcon.colcon_core.verb:set package 'turtlebot4_base' build argument 'catkin_skip_building_tests' from command line to 'False'
[2.039s] DEBUG:colcon.colcon_core.verb:Building package 'turtlebot4_base' with the following arguments: {'ament_cmake_args': None, 'build_base': '/home/ubuntu/turtlebot4_ws/build/turtlebot4_base', 'catkin_cmake_args': None, 'catkin_skip_building_tests': False, 'cmake_args': None, 'cmake_clean_cache': False, 'cmake_clean_first': False, 'cmake_force_configure': False, 'cmake_target': None, 'cmake_target_skip_unavailable': False, 'install_base': '/home/ubuntu/turtlebot4_ws/install/turtlebot4_base', 'merge_install': False, 'path': '/home/ubuntu/turtlebot4_ws/src/turtlebot4_robot/turtlebot4_base', 'symlink_install': True, 'test_result_base': None}
[2.043s] Level 5:colcon.colcon_core.verb:set package 'turtlebot4_diagnostics' build argument 'cmake_args' from command line to 'None'
[2.043s] Level 5:colcon.colcon_core.verb:set package 'turtlebot4_diagnostics' build argument 'cmake_target' from command line to 'None'
[2.043s] Level 5:colcon.colcon_core.verb:set package 'turtlebot4_diagnostics' build argument 'cmake_target_skip_unavailable' from command line to 'False'
[2.043s] Level 5:colcon.colcon_core.verb:set package 'turtlebot4_diagnostics' build argument 'cmake_clean_cache' from command line to 'False'
[2.044s] Level 5:colcon.colcon_core.verb:set package 'turtlebot4_diagnostics' build argument 'cmake_clean_first' from command line to 'False'
[2.044s] Level 5:colcon.colcon_core.verb:set package 'turtlebot4_diagnostics' build argument 'cmake_force_configure' from command line to 'False'
[2.044s] Level 5:colcon.colcon_core.verb:set package 'turtlebot4_diagnostics' build argument 'ament_cmake_args' from command line to 'None'
[2.044s] Level 5:colcon.colcon_core.verb:set package 'turtlebot4_diagnostics' build argument 'catkin_cmake_args' from command line to 'None'
[2.044s] Level 5:colcon.colcon_core.verb:set package 'turtlebot4_diagnostics' build argument 'catkin_skip_building_tests' from command line to 'False'
[2.044s] DEBUG:colcon.colcon_core.verb:Building package 'turtlebot4_diagnostics' with the following arguments: {'ament_cmake_args': None, 'build_base': '/home/ubuntu/turtlebot4_ws/build/turtlebot4_diagnostics', 'catkin_cmake_args': None, 'catkin_skip_building_tests': False, 'cmake_args': None, 'cmake_clean_cache': False, 'cmake_clean_first': False, 'cmake_force_configure': False, 'cmake_target': None, 'cmake_target_skip_unavailable': False, 'install_base': '/home/ubuntu/turtlebot4_ws/install/turtlebot4_diagnostics', 'merge_install': False, 'path': '/home/ubuntu/turtlebot4_ws/src/turtlebot4_robot/turtlebot4_diagnostics', 'symlink_install': True, 'test_result_base': None}
[2.049s] Level 5:colcon.colcon_core.verb:set package 'turtlebot4_tests' build argument 'cmake_args' from command line to 'None'
[2.049s] Level 5:colcon.colcon_core.verb:set package 'turtlebot4_tests' build argument 'cmake_target' from command line to 'None'
[2.049s] Level 5:colcon.colcon_core.verb:set package 'turtlebot4_tests' build argument 'cmake_target_skip_unavailable' from command line to 'False'
[2.049s] Level 5:colcon.colcon_core.verb:set package 'turtlebot4_tests' build argument 'cmake_clean_cache' from command line to 'False'
[2.049s] Level 5:colcon.colcon_core.verb:set package 'turtlebot4_tests' build argument 'cmake_clean_first' from command line to 'False'
[2.049s] Level 5:colcon.colcon_core.verb:set package 'turtlebot4_tests' build argument 'cmake_force_configure' from command line to 'False'
[2.049s] Level 5:colcon.colcon_core.verb:set package 'turtlebot4_tests' build argument 'ament_cmake_args' from command line to 'None'
[2.049s] Level 5:colcon.colcon_core.verb:set package 'turtlebot4_tests' build argument 'catkin_cmake_args' from command line to 'None'
[2.050s] Level 5:colcon.colcon_core.verb:set package 'turtlebot4_tests' build argument 'catkin_skip_building_tests' from command line to 'False'
[2.050s] DEBUG:colcon.colcon_core.verb:Building package 'turtlebot4_tests' with the following arguments: {'ament_cmake_args': None, 'build_base': '/home/ubuntu/turtlebot4_ws/build/turtlebot4_tests', 'catkin_cmake_args': None, 'catkin_skip_building_tests': False, 'cmake_args': None, 'cmake_clean_cache': False, 'cmake_clean_first': False, 'cmake_force_configure': False, 'cmake_target': None, 'cmake_target_skip_unavailable': False, 'install_base': '/home/ubuntu/turtlebot4_ws/install/turtlebot4_tests', 'merge_install': False, 'path': '/home/ubuntu/turtlebot4_ws/src/turtlebot4_robot/turtlebot4_tests', 'symlink_install': True, 'test_result_base': None}
[2.054s] Level 5:colcon.colcon_core.verb:set package 'turtlebot4_bringup' build argument 'cmake_args' from command line to 'None'
[2.054s] Level 5:colcon.colcon_core.verb:set package 'turtlebot4_bringup' build argument 'cmake_target' from command line to 'None'
[2.054s] Level 5:colcon.colcon_core.verb:set package 'turtlebot4_bringup' build argument 'cmake_target_skip_unavailable' from command line to 'False'
[2.054s] Level 5:colcon.colcon_core.verb:set package 'turtlebot4_bringup' build argument 'cmake_clean_cache' from command line to 'False'
[2.054s] Level 5:colcon.colcon_core.verb:set package 'turtlebot4_bringup' build argument 'cmake_clean_first' from command line to 'False'
[2.054s] Level 5:colcon.colcon_core.verb:set package 'turtlebot4_bringup' build argument 'cmake_force_configure' from command line to 'False'
[2.054s] Level 5:colcon.colcon_core.verb:set package 'turtlebot4_bringup' build argument 'ament_cmake_args' from command line to 'None'
[2.054s] Level 5:colcon.colcon_core.verb:set package 'turtlebot4_bringup' build argument 'catkin_cmake_args' from command line to 'None'
[2.054s] Level 5:colcon.colcon_core.verb:set package 'turtlebot4_bringup' build argument 'catkin_skip_building_tests' from command line to 'False'
[2.055s] DEBUG:colcon.colcon_core.verb:Building package 'turtlebot4_bringup' with the following arguments: {'ament_cmake_args': None, 'build_base': '/home/ubuntu/turtlebot4_ws/build/turtlebot4_bringup', 'catkin_cmake_args': None, 'catkin_skip_building_tests': False, 'cmake_args': None, 'cmake_clean_cache': False, 'cmake_clean_first': False, 'cmake_force_configure': False, 'cmake_target': None, 'cmake_target_skip_unavailable': False, 'install_base': '/home/ubuntu/turtlebot4_ws/install/turtlebot4_bringup', 'merge_install': False, 'path': '/home/ubuntu/turtlebot4_ws/src/turtlebot4_robot/turtlebot4_bringup', 'symlink_install': True, 'test_result_base': None}
[2.059s] Level 5:colcon.colcon_core.verb:set package 'turtlebot4_robot' build argument 'cmake_args' from command line to 'None'
[2.059s] Level 5:colcon.colcon_core.verb:set package 'turtlebot4_robot' build argument 'cmake_target' from command line to 'None'
[2.059s] Level 5:colcon.colcon_core.verb:set package 'turtlebot4_robot' build argument 'cmake_target_skip_unavailable' from command line to 'False'
[2.059s] Level 5:colcon.colcon_core.verb:set package 'turtlebot4_robot' build argument 'cmake_clean_cache' from command line to 'False'
[2.059s] Level 5:colcon.colcon_core.verb:set package 'turtlebot4_robot' build argument 'cmake_clean_first' from command line to 'False'
[2.059s] Level 5:colcon.colcon_core.verb:set package 'turtlebot4_robot' build argument 'cmake_force_configure' from command line to 'False'
[2.060s] Level 5:colcon.colcon_core.verb:set package 'turtlebot4_robot' build argument 'ament_cmake_args' from command line to 'None'
[2.060s] Level 5:colcon.colcon_core.verb:set package 'turtlebot4_robot' build argument 'catkin_cmake_args' from command line to 'None'
[2.060s] Level 5:colcon.colcon_core.verb:set package 'turtlebot4_robot' build argument 'catkin_skip_building_tests' from command line to 'False'
[2.060s] DEBUG:colcon.colcon_core.verb:Building package 'turtlebot4_robot' with the following arguments: {'ament_cmake_args': None, 'build_base': '/home/ubuntu/turtlebot4_ws/build/turtlebot4_robot', 'catkin_cmake_args': None, 'catkin_skip_building_tests': False, 'cmake_args': None, 'cmake_clean_cache': False, 'cmake_clean_first': False, 'cmake_force_configure': False, 'cmake_target': None, 'cmake_target_skip_unavailable': False, 'install_base': '/home/ubuntu/turtlebot4_ws/install/turtlebot4_robot', 'merge_install': False, 'path': '/home/ubuntu/turtlebot4_ws/src/turtlebot4_robot/turtlebot4_robot', 'symlink_install': True, 'test_result_base': None}
[2.062s] INFO:colcon.colcon_core.executor:Executing jobs using 'parallel' executor
[2.074s] DEBUG:colcon.colcon_parallel_executor.executor.parallel:run_until_complete
[2.076s] INFO:colcon.colcon_ros.task.ament_python.build:Building ROS package in '/home/ubuntu/turtlebot4_ws/src/turtlebot4_robot/turtlebot4_diagnostics' with build type 'ament_python'
[2.076s] Level 1:colcon.colcon_core.shell:create_environment_hook('turtlebot4_diagnostics', 'ament_prefix_path')
[2.094s] INFO:colcon.colcon_core.plugin_system:Skipping extension 'colcon_core.shell.bat': Not used on non-Windows systems
[2.095s] INFO:colcon.colcon_core.shell:Creating environment hook '/home/ubuntu/turtlebot4_ws/install/turtlebot4_diagnostics/share/turtlebot4_diagnostics/hook/ament_prefix_path.ps1'
[2.099s] INFO:colcon.colcon_core.shell:Creating environment descriptor '/home/ubuntu/turtlebot4_ws/install/turtlebot4_diagnostics/share/turtlebot4_diagnostics/hook/ament_prefix_path.dsv'
[2.101s] INFO:colcon.colcon_core.shell:Creating environment hook '/home/ubuntu/turtlebot4_ws/install/turtlebot4_diagnostics/share/turtlebot4_diagnostics/hook/ament_prefix_path.sh'
[2.108s] INFO:colcon.colcon_core.shell:Skip shell extension 'powershell' for command environment: Not usable outside of PowerShell
[2.109s] DEBUG:colcon.colcon_core.shell:Skip shell extension 'dsv' for command environment
[2.128s] INFO:colcon.colcon_ros.task.ament_cmake.build:Building ROS package in '/home/ubuntu/turtlebot4_ws/src/turtlebot4_robot/turtlebot4_base' with build type 'ament_cmake'
[2.129s] INFO:colcon.colcon_cmake.task.cmake.build:Building CMake package in '/home/ubuntu/turtlebot4_ws/src/turtlebot4_robot/turtlebot4_base'
[2.135s] INFO:colcon.colcon_core.shell:Skip shell extension 'powershell' for command environment: Not usable outside of PowerShell
[2.135s] DEBUG:colcon.colcon_core.shell:Skip shell extension 'dsv' for command environment
[2.154s] INFO:colcon.colcon_ros.task.ament_python.build:Building ROS package in '/home/ubuntu/turtlebot4_ws/src/turtlebot4_robot/turtlebot4_tests' with build type 'ament_python'
[2.155s] Level 1:colcon.colcon_core.shell:create_environment_hook('turtlebot4_tests', 'ament_prefix_path')
[2.161s] INFO:colcon.colcon_core.shell:Creating environment hook '/home/ubuntu/turtlebot4_ws/install/turtlebot4_tests/share/turtlebot4_tests/hook/ament_prefix_path.ps1'
[2.163s] INFO:colcon.colcon_core.shell:Creating environment descriptor '/home/ubuntu/turtlebot4_ws/install/turtlebot4_tests/share/turtlebot4_tests/hook/ament_prefix_path.dsv'
[2.165s] INFO:colcon.colcon_core.shell:Creating environment hook '/home/ubuntu/turtlebot4_ws/install/turtlebot4_tests/share/turtlebot4_tests/hook/ament_prefix_path.sh'
[2.172s] INFO:colcon.colcon_core.shell:Skip shell extension 'powershell' for command environment: Not usable outside of PowerShell
[2.173s] DEBUG:colcon.colcon_core.shell:Skip shell extension 'dsv' for command environment
[2.192s] INFO:colcon.colcon_ros.task.ament_cmake.build:Building ROS package in '/home/ubuntu/turtlebot4_ws/src/odom' with build type 'ament_cmake'
[2.193s] INFO:colcon.colcon_cmake.task.cmake.build:Building CMake package in '/home/ubuntu/turtlebot4_ws/src/odom'
[2.198s] INFO:colcon.colcon_core.shell:Skip shell extension 'powershell' for command environment: Not usable outside of PowerShell
[2.199s] DEBUG:colcon.colcon_core.shell:Skip shell extension 'dsv' for command environment
[3.353s] INFO:colcon.colcon_core.task.python.build:Building Python package in '/home/ubuntu/turtlebot4_ws/src/turtlebot4_robot/turtlebot4_diagnostics'
[3.357s] INFO:colcon.colcon_core.shell:Skip shell extension 'powershell' for command environment: Not usable outside of PowerShell
[3.358s] DEBUG:colcon.colcon_core.shell:Skip shell extension 'dsv' for command environment
[3.401s] DEBUG:colcon.colcon_core.event_handler.log_command:Invoking command in '/home/ubuntu/turtlebot4_ws/build/turtlebot4_base': CMAKE_PREFIX_PATH=/opt/ros/humble /usr/bin/cmake --build /home/ubuntu/turtlebot4_ws/build/turtlebot4_base -- -j4 -l4
[4.579s] INFO:colcon.colcon_core.task.python.build:Building Python package in '/home/ubuntu/turtlebot4_ws/src/turtlebot4_robot/turtlebot4_tests'
[4.584s] INFO:colcon.colcon_core.shell:Skip shell extension 'powershell' for command environment: Not usable outside of PowerShell
[4.584s] DEBUG:colcon.colcon_core.shell:Skip shell extension 'dsv' for command environment
[4.615s] DEBUG:colcon.colcon_core.event_handler.log_command:Invoked command in '/home/ubuntu/turtlebot4_ws/build/turtlebot4_base' returned '0': CMAKE_PREFIX_PATH=/opt/ros/humble /usr/bin/cmake --build /home/ubuntu/turtlebot4_ws/build/turtlebot4_base -- -j4 -l4
[4.640s] DEBUG:colcon.colcon_core.event_handler.log_command:Invoking command in '/home/ubuntu/turtlebot4_ws/build/odom': CMAKE_PREFIX_PATH=/opt/ros/humble /usr/bin/cmake --build /home/ubuntu/turtlebot4_ws/build/odom -- -j4 -l4
[4.968s] DEBUG:colcon.colcon_core.event_handler.log_command:Invoking command in '/home/ubuntu/turtlebot4_ws/build/turtlebot4_base': CMAKE_PREFIX_PATH=/opt/ros/humble /usr/bin/cmake --install /home/ubuntu/turtlebot4_ws/build/turtlebot4_base
[5.038s] DEBUG:colcon.colcon_core.event_handler.log_command:Invoked command in '/home/ubuntu/turtlebot4_ws/build/odom' returned '0': CMAKE_PREFIX_PATH=/opt/ros/humble /usr/bin/cmake --build /home/ubuntu/turtlebot4_ws/build/odom -- -j4 -l4
[5.098s] Level 1:colcon.colcon_core.environment:create_environment_scripts_only(turtlebot4_base)
[5.105s] DEBUG:colcon.colcon_core.event_handler.log_command:Invoked command in '/home/ubuntu/turtlebot4_ws/build/turtlebot4_base' returned '0': CMAKE_PREFIX_PATH=/opt/ros/humble /usr/bin/cmake --install /home/ubuntu/turtlebot4_ws/build/turtlebot4_base
[5.132s] Level 1:colcon.colcon_core.environment:checking '/home/ubuntu/turtlebot4_ws/install/turtlebot4_base' for CMake module files
[5.136s] Level 1:colcon.colcon_core.environment:checking '/home/ubuntu/turtlebot4_ws/install/turtlebot4_base' for CMake config files
[5.139s] Level 1:colcon.colcon_core.shell:create_environment_hook('turtlebot4_base', 'cmake_prefix_path')
[5.147s] INFO:colcon.colcon_core.shell:Creating environment hook '/home/ubuntu/turtlebot4_ws/install/turtlebot4_base/share/turtlebot4_base/hook/cmake_prefix_path.ps1'
[5.150s] INFO:colcon.colcon_core.shell:Creating environment descriptor '/home/ubuntu/turtlebot4_ws/install/turtlebot4_base/share/turtlebot4_base/hook/cmake_prefix_path.dsv'
[5.153s] INFO:colcon.colcon_core.shell:Creating environment hook '/home/ubuntu/turtlebot4_ws/install/turtlebot4_base/share/turtlebot4_base/hook/cmake_prefix_path.sh'
[5.158s] Level 1:colcon.colcon_core.environment:checking '/home/ubuntu/turtlebot4_ws/install/turtlebot4_base/lib'
[5.159s] Level 1:colcon.colcon_core.environment:checking '/home/ubuntu/turtlebot4_ws/install/turtlebot4_base/bin'
[5.160s] Level 1:colcon.colcon_core.environment:checking '/home/ubuntu/turtlebot4_ws/install/turtlebot4_base/lib/pkgconfig/turtlebot4_base.pc'
[5.161s] Level 1:colcon.colcon_core.environment:checking '/home/ubuntu/turtlebot4_ws/install/turtlebot4_base/lib/python3.10/site-packages'
[5.162s] Level 1:colcon.colcon_core.environment:checking '/home/ubuntu/turtlebot4_ws/install/turtlebot4_base/bin'
[5.169s] INFO:colcon.colcon_core.shell:Creating package script '/home/ubuntu/turtlebot4_ws/install/turtlebot4_base/share/turtlebot4_base/package.ps1'
[5.175s] INFO:colcon.colcon_core.shell:Creating package descriptor '/home/ubuntu/turtlebot4_ws/install/turtlebot4_base/share/turtlebot4_base/package.dsv'
[5.179s] INFO:colcon.colcon_core.shell:Creating package script '/home/ubuntu/turtlebot4_ws/install/turtlebot4_base/share/turtlebot4_base/package.sh'
[5.183s] INFO:colcon.colcon_core.shell:Creating package script '/home/ubuntu/turtlebot4_ws/install/turtlebot4_base/share/turtlebot4_base/package.bash'
[5.188s] INFO:colcon.colcon_core.shell:Creating package script '/home/ubuntu/turtlebot4_ws/install/turtlebot4_base/share/turtlebot4_base/package.zsh'
[5.192s] Level 1:colcon.colcon_core.environment:create_file_with_runtime_dependencies(/home/ubuntu/turtlebot4_ws/install/turtlebot4_base/share/colcon-core/packages/turtlebot4_base)
[5.235s] DEBUG:colcon.colcon_core.event_handler.log_command:Invoking command in '/home/ubuntu/turtlebot4_ws/build/odom': CMAKE_PREFIX_PATH=/opt/ros/humble /usr/bin/cmake --install /home/ubuntu/turtlebot4_ws/build/odom
[5.379s] Level 1:colcon.colcon_core.environment:create_environment_scripts_only(odom)
[5.388s] Level 1:colcon.colcon_core.environment:checking '/home/ubuntu/turtlebot4_ws/install/odom' for CMake module files
[5.392s] DEBUG:colcon.colcon_core.event_handler.log_command:Invoked command in '/home/ubuntu/turtlebot4_ws/build/odom' returned '0': CMAKE_PREFIX_PATH=/opt/ros/humble /usr/bin/cmake --install /home/ubuntu/turtlebot4_ws/build/odom
[5.394s] Level 1:colcon.colcon_core.environment:checking '/home/ubuntu/turtlebot4_ws/install/odom' for CMake config files
[5.398s] Level 1:colcon.colcon_core.shell:create_environment_hook('odom', 'cmake_prefix_path')
[5.405s] INFO:colcon.colcon_core.shell:Creating environment hook '/home/ubuntu/turtlebot4_ws/install/odom/share/odom/hook/cmake_prefix_path.ps1'
[5.409s] INFO:colcon.colcon_core.shell:Creating environment descriptor '/home/ubuntu/turtlebot4_ws/install/odom/share/odom/hook/cmake_prefix_path.dsv'
[5.413s] INFO:colcon.colcon_core.shell:Creating environment hook '/home/ubuntu/turtlebot4_ws/install/odom/share/odom/hook/cmake_prefix_path.sh'
[5.416s] Level 1:colcon.colcon_core.environment:checking '/home/ubuntu/turtlebot4_ws/install/odom/lib'
[5.417s] Level 1:colcon.colcon_core.environment:checking '/home/ubuntu/turtlebot4_ws/install/odom/bin'
[5.418s] Level 1:colcon.colcon_core.environment:checking '/home/ubuntu/turtlebot4_ws/install/odom/lib/pkgconfig/odom.pc'
[5.419s] Level 1:colcon.colcon_core.environment:checking '/home/ubuntu/turtlebot4_ws/install/odom/lib/python3.10/site-packages'
[5.421s] Level 1:colcon.colcon_core.environment:checking '/home/ubuntu/turtlebot4_ws/install/odom/bin'
[5.428s] INFO:colcon.colcon_core.shell:Creating package script '/home/ubuntu/turtlebot4_ws/install/odom/share/odom/package.ps1'
[5.431s] INFO:colcon.colcon_core.shell:Creating package descriptor '/home/ubuntu/turtlebot4_ws/install/odom/share/odom/package.dsv'
[5.433s] INFO:colcon.colcon_core.shell:Creating package script '/home/ubuntu/turtlebot4_ws/install/odom/share/odom/package.sh'
[5.436s] INFO:colcon.colcon_core.shell:Creating package script '/home/ubuntu/turtlebot4_ws/install/odom/share/odom/package.bash'
[5.438s] INFO:colcon.colcon_core.shell:Creating package script '/home/ubuntu/turtlebot4_ws/install/odom/share/odom/package.zsh'
[5.441s] Level 1:colcon.colcon_core.environment:create_file_with_runtime_dependencies(/home/ubuntu/turtlebot4_ws/install/odom/share/colcon-core/packages/odom)
[5.563s] Level 1:colcon.colcon_core.environment:create_environment_scripts_only(turtlebot4_base)
[5.573s] Level 1:colcon.colcon_core.environment:checking '/home/ubuntu/turtlebot4_ws/install/turtlebot4_base' for CMake module files
[5.578s] Level 1:colcon.colcon_core.environment:checking '/home/ubuntu/turtlebot4_ws/install/turtlebot4_base' for CMake config files
[5.581s] Level 1:colcon.colcon_core.shell:create_environment_hook('turtlebot4_base', 'cmake_prefix_path')
[5.590s] INFO:colcon.colcon_core.shell:Creating environment hook '/home/ubuntu/turtlebot4_ws/install/turtlebot4_base/share/turtlebot4_base/hook/cmake_prefix_path.ps1'
[5.593s] INFO:colcon.colcon_core.shell:Creating environment descriptor '/home/ubuntu/turtlebot4_ws/install/turtlebot4_base/share/turtlebot4_base/hook/cmake_prefix_path.dsv'
[5.595s] INFO:colcon.colcon_core.shell:Creating environment hook '/home/ubuntu/turtlebot4_ws/install/turtlebot4_base/share/turtlebot4_base/hook/cmake_prefix_path.sh'
[5.601s] Level 1:colcon.colcon_core.environment:checking '/home/ubuntu/turtlebot4_ws/install/turtlebot4_base/lib'
[5.601s] Level 1:colcon.colcon_core.environment:checking '/home/ubuntu/turtlebot4_ws/install/turtlebot4_base/bin'
[5.602s] Level 1:colcon.colcon_core.environment:checking '/home/ubuntu/turtlebot4_ws/install/turtlebot4_base/lib/pkgconfig/turtlebot4_base.pc'
[5.603s] Level 1:colcon.colcon_core.environment:checking '/home/ubuntu/turtlebot4_ws/install/turtlebot4_base/lib/python3.10/site-packages'
[5.604s] Level 1:colcon.colcon_core.environment:checking '/home/ubuntu/turtlebot4_ws/install/turtlebot4_base/bin'
[5.613s] INFO:colcon.colcon_core.shell:Creating package script '/home/ubuntu/turtlebot4_ws/install/turtlebot4_base/share/turtlebot4_base/package.ps1'
[5.620s] INFO:colcon.colcon_core.shell:Creating package descriptor '/home/ubuntu/turtlebot4_ws/install/turtlebot4_base/share/turtlebot4_base/package.dsv'
[5.623s] INFO:colcon.colcon_core.shell:Creating package script '/home/ubuntu/turtlebot4_ws/install/turtlebot4_base/share/turtlebot4_base/package.sh'
[5.626s] INFO:colcon.colcon_core.shell:Creating package script '/home/ubuntu/turtlebot4_ws/install/turtlebot4_base/share/turtlebot4_base/package.bash'
[5.629s] INFO:colcon.colcon_core.shell:Creating package script '/home/ubuntu/turtlebot4_ws/install/turtlebot4_base/share/turtlebot4_base/package.zsh'
[5.632s] Level 1:colcon.colcon_core.environment:create_file_with_runtime_dependencies(/home/ubuntu/turtlebot4_ws/install/turtlebot4_base/share/colcon-core/packages/turtlebot4_base)
[5.643s] Level 1:colcon.colcon_core.environment:create_environment_scripts_only(odom)
[5.652s] Level 1:colcon.colcon_core.environment:checking '/home/ubuntu/turtlebot4_ws/install/odom' for CMake module files
[5.655s] Level 1:colcon.colcon_core.environment:checking '/home/ubuntu/turtlebot4_ws/install/odom' for CMake config files
[5.658s] Level 1:colcon.colcon_core.shell:create_environment_hook('odom', 'cmake_prefix_path')
[5.664s] INFO:colcon.colcon_core.shell:Creating environment hook '/home/ubuntu/turtlebot4_ws/install/odom/share/odom/hook/cmake_prefix_path.ps1'
[5.666s] INFO:colcon.colcon_core.shell:Creating environment descriptor '/home/ubuntu/turtlebot4_ws/install/odom/share/odom/hook/cmake_prefix_path.dsv'
[5.668s] INFO:colcon.colcon_core.shell:Creating environment hook '/home/ubuntu/turtlebot4_ws/install/odom/share/odom/hook/cmake_prefix_path.sh'
[5.671s] Level 1:colcon.colcon_core.environment:checking '/home/ubuntu/turtlebot4_ws/install/odom/lib'
[5.672s] Level 1:colcon.colcon_core.environment:checking '/home/ubuntu/turtlebot4_ws/install/odom/bin'
[5.673s] Level 1:colcon.colcon_core.environment:checking '/home/ubuntu/turtlebot4_ws/install/odom/lib/pkgconfig/odom.pc'
[5.674s] Level 1:colcon.colcon_core.environment:checking '/home/ubuntu/turtlebot4_ws/install/odom/lib/python3.10/site-packages'
[5.675s] Level 1:colcon.colcon_core.environment:checking '/home/ubuntu/turtlebot4_ws/install/odom/bin'
[5.682s] INFO:colcon.colcon_core.shell:Creating package script '/home/ubuntu/turtlebot4_ws/install/odom/share/odom/package.ps1'
[5.685s] INFO:colcon.colcon_core.shell:Creating package descriptor '/home/ubuntu/turtlebot4_ws/install/odom/share/odom/package.dsv'
[5.688s] INFO:colcon.colcon_core.shell:Creating package script '/home/ubuntu/turtlebot4_ws/install/odom/share/odom/package.sh'
[5.691s] INFO:colcon.colcon_core.shell:Creating package script '/home/ubuntu/turtlebot4_ws/install/odom/share/odom/package.bash'
[5.694s] INFO:colcon.colcon_core.shell:Creating package script '/home/ubuntu/turtlebot4_ws/install/odom/share/odom/package.zsh'
[5.696s] Level 1:colcon.colcon_core.environment:create_file_with_runtime_dependencies(/home/ubuntu/turtlebot4_ws/install/odom/share/colcon-core/packages/odom)
[6.666s] DEBUG:colcon.colcon_core.event_handler.log_command:Invoking command in '/home/ubuntu/turtlebot4_ws/build/turtlebot4_diagnostics': PYTHONPATH=/home/ubuntu/turtlebot4_ws/build/turtlebot4_diagnostics/prefix_override:/home/ubuntu/turtlebot4_ws/install/turtlebot4_diagnostics/lib/python3.10/site-packages:${PYTHONPATH} /usr/bin/python3 setup.py develop --editable --build-directory /home/ubuntu/turtlebot4_ws/build/turtlebot4_diagnostics/build --no-deps install_data
[6.788s] DEBUG:colcon.colcon_core.event_handler.log_command:Invoking command in '/home/ubuntu/turtlebot4_ws/build/turtlebot4_tests': PYTHONPATH=/home/ubuntu/turtlebot4_ws/build/turtlebot4_tests/prefix_override:/home/ubuntu/turtlebot4_ws/install/turtlebot4_tests/lib/python3.10/site-packages:${PYTHONPATH} /usr/bin/python3 setup.py develop --editable --build-directory /home/ubuntu/turtlebot4_ws/build/turtlebot4_tests/build --no-deps install_data
[9.092s] Level 1:colcon.colcon_core.shell:create_environment_hook('turtlebot4_diagnostics', 'pythonpath_develop')
[9.104s] INFO:colcon.colcon_core.shell:Creating environment hook '/home/ubuntu/turtlebot4_ws/build/turtlebot4_diagnostics/share/turtlebot4_diagnostics/hook/pythonpath_develop.ps1'
[9.105s] DEBUG:colcon.colcon_core.event_handler.log_command:Invoked command in '/home/ubuntu/turtlebot4_ws/build/turtlebot4_diagnostics' returned '0': PYTHONPATH=/home/ubuntu/turtlebot4_ws/build/turtlebot4_diagnostics/prefix_override:/home/ubuntu/turtlebot4_ws/install/turtlebot4_diagnostics/lib/python3.10/site-packages:${PYTHONPATH} /usr/bin/python3 setup.py develop --editable --build-directory /home/ubuntu/turtlebot4_ws/build/turtlebot4_diagnostics/build --no-deps install_data
[9.108s] INFO:colcon.colcon_core.shell:Creating environment descriptor '/home/ubuntu/turtlebot4_ws/build/turtlebot4_diagnostics/share/turtlebot4_diagnostics/hook/pythonpath_develop.dsv'
[9.111s] INFO:colcon.colcon_core.shell:Creating environment hook '/home/ubuntu/turtlebot4_ws/build/turtlebot4_diagnostics/share/turtlebot4_diagnostics/hook/pythonpath_develop.sh'
[9.127s] Level 1:colcon.colcon_core.environment:checking '/home/ubuntu/turtlebot4_ws/install/turtlebot4_diagnostics' for CMake module files
[9.132s] Level 1:colcon.colcon_core.environment:checking '/home/ubuntu/turtlebot4_ws/install/turtlebot4_diagnostics' for CMake config files
[9.137s] Level 1:colcon.colcon_core.environment:checking '/home/ubuntu/turtlebot4_ws/install/turtlebot4_diagnostics/lib'
[9.139s] Level 1:colcon.colcon_core.environment:checking '/home/ubuntu/turtlebot4_ws/install/turtlebot4_diagnostics/bin'
[9.140s] Level 1:colcon.colcon_core.environment:checking '/home/ubuntu/turtlebot4_ws/install/turtlebot4_diagnostics/lib/pkgconfig/turtlebot4_diagnostics.pc'
[9.141s] Level 1:colcon.colcon_core.environment:checking '/home/ubuntu/turtlebot4_ws/install/turtlebot4_diagnostics/lib/python3.10/site-packages'
[9.143s] Level 1:colcon.colcon_core.shell:create_environment_hook('turtlebot4_diagnostics', 'pythonpath')
[9.153s] INFO:colcon.colcon_core.shell:Creating environment hook '/home/ubuntu/turtlebot4_ws/install/turtlebot4_diagnostics/share/turtlebot4_diagnostics/hook/pythonpath.ps1'
[9.156s] INFO:colcon.colcon_core.shell:Creating environment descriptor '/home/ubuntu/turtlebot4_ws/install/turtlebot4_diagnostics/share/turtlebot4_diagnostics/hook/pythonpath.dsv'
[9.159s] INFO:colcon.colcon_core.shell:Creating environment hook '/home/ubuntu/turtlebot4_ws/install/turtlebot4_diagnostics/share/turtlebot4_diagnostics/hook/pythonpath.sh'
[9.164s] Level 1:colcon.colcon_core.environment:checking '/home/ubuntu/turtlebot4_ws/install/turtlebot4_diagnostics/bin'
[9.165s] Level 1:colcon.colcon_core.environment:create_environment_scripts_only(turtlebot4_diagnostics)
[9.174s] INFO:colcon.colcon_core.shell:Creating package script '/home/ubuntu/turtlebot4_ws/install/turtlebot4_diagnostics/share/turtlebot4_diagnostics/package.ps1'
[9.178s] INFO:colcon.colcon_core.shell:Creating package descriptor '/home/ubuntu/turtlebot4_ws/install/turtlebot4_diagnostics/share/turtlebot4_diagnostics/package.dsv'
[9.181s] INFO:colcon.colcon_core.shell:Creating package script '/home/ubuntu/turtlebot4_ws/install/turtlebot4_diagnostics/share/turtlebot4_diagnostics/package.sh'
[9.184s] INFO:colcon.colcon_core.shell:Creating package script '/home/ubuntu/turtlebot4_ws/install/turtlebot4_diagnostics/share/turtlebot4_diagnostics/package.bash'
[9.185s] INFO:colcon.colcon_core.shell:Creating package script '/home/ubuntu/turtlebot4_ws/install/turtlebot4_diagnostics/share/turtlebot4_diagnostics/package.zsh'
[9.187s] Level 1:colcon.colcon_core.environment:create_file_with_runtime_dependencies(/home/ubuntu/turtlebot4_ws/install/turtlebot4_diagnostics/share/colcon-core/packages/turtlebot4_diagnostics)
[9.190s] INFO:colcon.colcon_ros.task.ament_cmake.build:Building ROS package in '/home/ubuntu/turtlebot4_ws/src/turtlebot4_robot/turtlebot4_bringup' with build type 'ament_cmake'
[9.191s] INFO:colcon.colcon_cmake.task.cmake.build:Building CMake package in '/home/ubuntu/turtlebot4_ws/src/turtlebot4_robot/turtlebot4_bringup'
[9.196s] INFO:colcon.colcon_core.shell:Skip shell extension 'powershell' for command environment: Not usable outside of PowerShell
[9.196s] DEBUG:colcon.colcon_core.shell:Skip shell extension 'dsv' for command environment
[9.220s] Level 1:colcon.colcon_core.shell:create_environment_hook('turtlebot4_tests', 'pythonpath_develop')
[9.227s] INFO:colcon.colcon_core.shell:Creating environment hook '/home/ubuntu/turtlebot4_ws/build/turtlebot4_tests/share/turtlebot4_tests/hook/pythonpath_develop.ps1'
[9.227s] DEBUG:colcon.colcon_core.event_handler.log_command:Invoked command in '/home/ubuntu/turtlebot4_ws/build/turtlebot4_tests' returned '0': PYTHONPATH=/home/ubuntu/turtlebot4_ws/build/turtlebot4_tests/prefix_override:/home/ubuntu/turtlebot4_ws/install/turtlebot4_tests/lib/python3.10/site-packages:${PYTHONPATH} /usr/bin/python3 setup.py develop --editable --build-directory /home/ubuntu/turtlebot4_ws/build/turtlebot4_tests/build --no-deps install_data
[9.230s] INFO:colcon.colcon_core.shell:Creating environment descriptor '/home/ubuntu/turtlebot4_ws/build/turtlebot4_tests/share/turtlebot4_tests/hook/pythonpath_develop.dsv'
[9.232s] INFO:colcon.colcon_core.shell:Creating environment hook '/home/ubuntu/turtlebot4_ws/build/turtlebot4_tests/share/turtlebot4_tests/hook/pythonpath_develop.sh'
[9.241s] Level 1:colcon.colcon_core.environment:checking '/home/ubuntu/turtlebot4_ws/install/turtlebot4_tests' for CMake module files
[9.243s] Level 1:colcon.colcon_core.environment:checking '/home/ubuntu/turtlebot4_ws/install/turtlebot4_tests' for CMake config files
[9.246s] Level 1:colcon.colcon_core.environment:checking '/home/ubuntu/turtlebot4_ws/install/turtlebot4_tests/lib'
[9.247s] Level 1:colcon.colcon_core.environment:checking '/home/ubuntu/turtlebot4_ws/install/turtlebot4_tests/bin'
[9.247s] Level 1:colcon.colcon_core.environment:checking '/home/ubuntu/turtlebot4_ws/install/turtlebot4_tests/lib/pkgconfig/turtlebot4_tests.pc'
[9.248s] Level 1:colcon.colcon_core.environment:checking '/home/ubuntu/turtlebot4_ws/install/turtlebot4_tests/lib/python3.10/site-packages'
[9.248s] Level 1:colcon.colcon_core.shell:create_environment_hook('turtlebot4_tests', 'pythonpath')
[9.253s] INFO:colcon.colcon_core.shell:Creating environment hook '/home/ubuntu/turtlebot4_ws/install/turtlebot4_tests/share/turtlebot4_tests/hook/pythonpath.ps1'
[9.255s] INFO:colcon.colcon_core.shell:Creating environment descriptor '/home/ubuntu/turtlebot4_ws/install/turtlebot4_tests/share/turtlebot4_tests/hook/pythonpath.dsv'
[9.257s] INFO:colcon.colcon_core.shell:Creating environment hook '/home/ubuntu/turtlebot4_ws/install/turtlebot4_tests/share/turtlebot4_tests/hook/pythonpath.sh'
[9.259s] Level 1:colcon.colcon_core.environment:checking '/home/ubuntu/turtlebot4_ws/install/turtlebot4_tests/bin'
[9.260s] Level 1:colcon.colcon_core.environment:create_environment_scripts_only(turtlebot4_tests)
[9.265s] INFO:colcon.colcon_core.shell:Creating package script '/home/ubuntu/turtlebot4_ws/install/turtlebot4_tests/share/turtlebot4_tests/package.ps1'
[9.267s] INFO:colcon.colcon_core.shell:Creating package descriptor '/home/ubuntu/turtlebot4_ws/install/turtlebot4_tests/share/turtlebot4_tests/package.dsv'
[9.270s] INFO:colcon.colcon_core.shell:Creating package script '/home/ubuntu/turtlebot4_ws/install/turtlebot4_tests/share/turtlebot4_tests/package.sh'
[9.272s] INFO:colcon.colcon_core.shell:Creating package script '/home/ubuntu/turtlebot4_ws/install/turtlebot4_tests/share/turtlebot4_tests/package.bash'
[9.274s] INFO:colcon.colcon_core.shell:Creating package script '/home/ubuntu/turtlebot4_ws/install/turtlebot4_tests/share/turtlebot4_tests/package.zsh'
[9.276s] Level 1:colcon.colcon_core.environment:create_file_with_runtime_dependencies(/home/ubuntu/turtlebot4_ws/install/turtlebot4_tests/share/colcon-core/packages/turtlebot4_tests)
[9.294s] DEBUG:colcon.colcon_core.event_handler.log_command:Invoking command in '/home/ubuntu/turtlebot4_ws/build/turtlebot4_bringup': AMENT_PREFIX_PATH=/home/ubuntu/turtlebot4_ws/install/turtlebot4_diagnostics:${AMENT_PREFIX_PATH} CMAKE_PREFIX_PATH=/opt/ros/humble PYTHONPATH=/home/ubuntu/turtlebot4_ws/build/turtlebot4_diagnostics:/home/ubuntu/turtlebot4_ws/install/turtlebot4_diagnostics/lib/python3.10/site-packages:${PYTHONPATH} /usr/bin/cmake --build /home/ubuntu/turtlebot4_ws/build/turtlebot4_bringup -- -j4 -l4
[9.462s] DEBUG:colcon.colcon_core.event_handler.log_command:Invoked command in '/home/ubuntu/turtlebot4_ws/build/turtlebot4_bringup' returned '0': AMENT_PREFIX_PATH=/home/ubuntu/turtlebot4_ws/install/turtlebot4_diagnostics:${AMENT_PREFIX_PATH} CMAKE_PREFIX_PATH=/opt/ros/humble PYTHONPATH=/home/ubuntu/turtlebot4_ws/build/turtlebot4_diagnostics:/home/ubuntu/turtlebot4_ws/install/turtlebot4_diagnostics/lib/python3.10/site-packages:${PYTHONPATH} /usr/bin/cmake --build /home/ubuntu/turtlebot4_ws/build/turtlebot4_bringup -- -j4 -l4
[9.586s] DEBUG:colcon.colcon_core.event_handler.log_command:Invoking command in '/home/ubuntu/turtlebot4_ws/build/turtlebot4_bringup': AMENT_PREFIX_PATH=/home/ubuntu/turtlebot4_ws/install/turtlebot4_diagnostics:${AMENT_PREFIX_PATH} CMAKE_PREFIX_PATH=/opt/ros/humble PYTHONPATH=/home/ubuntu/turtlebot4_ws/build/turtlebot4_diagnostics:/home/ubuntu/turtlebot4_ws/install/turtlebot4_diagnostics/lib/python3.10/site-packages:${PYTHONPATH} /usr/bin/cmake --install /home/ubuntu/turtlebot4_ws/build/turtlebot4_bringup
[9.674s] Level 1:colcon.colcon_core.environment:create_environment_scripts_only(turtlebot4_bringup)
[9.683s] Level 1:colcon.colcon_core.environment:checking '/home/ubuntu/turtlebot4_ws/install/turtlebot4_bringup' for CMake module files
[9.684s] DEBUG:colcon.colcon_core.event_handler.log_command:Invoked command in '/home/ubuntu/turtlebot4_ws/build/turtlebot4_bringup' returned '0': AMENT_PREFIX_PATH=/home/ubuntu/turtlebot4_ws/install/turtlebot4_diagnostics:${AMENT_PREFIX_PATH} CMAKE_PREFIX_PATH=/opt/ros/humble PYTHONPATH=/home/ubuntu/turtlebot4_ws/build/turtlebot4_diagnostics:/home/ubuntu/turtlebot4_ws/install/turtlebot4_diagnostics/lib/python3.10/site-packages:${PYTHONPATH} /usr/bin/cmake --install /home/ubuntu/turtlebot4_ws/build/turtlebot4_bringup
[9.687s] Level 1:colcon.colcon_core.environment:checking '/home/ubuntu/turtlebot4_ws/install/turtlebot4_bringup' for CMake config files
[9.690s] Level 1:colcon.colcon_core.shell:create_environment_hook('turtlebot4_bringup', 'cmake_prefix_path')
[9.695s] INFO:colcon.colcon_core.shell:Creating environment hook '/home/ubuntu/turtlebot4_ws/install/turtlebot4_bringup/share/turtlebot4_bringup/hook/cmake_prefix_path.ps1'
[9.698s] INFO:colcon.colcon_core.shell:Creating environment descriptor '/home/ubuntu/turtlebot4_ws/install/turtlebot4_bringup/share/turtlebot4_bringup/hook/cmake_prefix_path.dsv'
[9.700s] INFO:colcon.colcon_core.shell:Creating environment hook '/home/ubuntu/turtlebot4_ws/install/turtlebot4_bringup/share/turtlebot4_bringup/hook/cmake_prefix_path.sh'
[9.702s] Level 1:colcon.colcon_core.environment:checking '/home/ubuntu/turtlebot4_ws/install/turtlebot4_bringup/bin'
[9.703s] Level 1:colcon.colcon_core.environment:checking '/home/ubuntu/turtlebot4_ws/install/turtlebot4_bringup/lib/pkgconfig/turtlebot4_bringup.pc'
[9.704s] Level 1:colcon.colcon_core.environment:checking '/home/ubuntu/turtlebot4_ws/install/turtlebot4_bringup/lib/python3.10/site-packages'
[9.704s] Level 1:colcon.colcon_core.environment:checking '/home/ubuntu/turtlebot4_ws/install/turtlebot4_bringup/bin'
[9.710s] INFO:colcon.colcon_core.shell:Creating package script '/home/ubuntu/turtlebot4_ws/install/turtlebot4_bringup/share/turtlebot4_bringup/package.ps1'
[9.712s] INFO:colcon.colcon_core.shell:Creating package descriptor '/home/ubuntu/turtlebot4_ws/install/turtlebot4_bringup/share/turtlebot4_bringup/package.dsv'
[9.714s] INFO:colcon.colcon_core.shell:Creating package script '/home/ubuntu/turtlebot4_ws/install/turtlebot4_bringup/share/turtlebot4_bringup/package.sh'
[9.715s] INFO:colcon.colcon_core.shell:Creating package script '/home/ubuntu/turtlebot4_ws/install/turtlebot4_bringup/share/turtlebot4_bringup/package.bash'
[9.717s] INFO:colcon.colcon_core.shell:Creating package script '/home/ubuntu/turtlebot4_ws/install/turtlebot4_bringup/share/turtlebot4_bringup/package.zsh'
[9.719s] Level 1:colcon.colcon_core.environment:create_file_with_runtime_dependencies(/home/ubuntu/turtlebot4_ws/install/turtlebot4_bringup/share/colcon-core/packages/turtlebot4_bringup)
[9.833s] Level 1:colcon.colcon_core.environment:create_environment_scripts_only(turtlebot4_bringup)
[9.842s] Level 1:colcon.colcon_core.environment:checking '/home/ubuntu/turtlebot4_ws/install/turtlebot4_bringup' for CMake module files
[9.846s] Level 1:colcon.colcon_core.environment:checking '/home/ubuntu/turtlebot4_ws/install/turtlebot4_bringup' for CMake config files
[9.849s] Level 1:colcon.colcon_core.shell:create_environment_hook('turtlebot4_bringup', 'cmake_prefix_path')
[9.853s] INFO:colcon.colcon_core.shell:Creating environment hook '/home/ubuntu/turtlebot4_ws/install/turtlebot4_bringup/share/turtlebot4_bringup/hook/cmake_prefix_path.ps1'
[9.855s] INFO:colcon.colcon_core.shell:Creating environment descriptor '/home/ubuntu/turtlebot4_ws/install/turtlebot4_bringup/share/turtlebot4_bringup/hook/cmake_prefix_path.dsv'
[9.857s] INFO:colcon.colcon_core.shell:Creating environment hook '/home/ubuntu/turtlebot4_ws/install/turtlebot4_bringup/share/turtlebot4_bringup/hook/cmake_prefix_path.sh'
[9.860s] Level 1:colcon.colcon_core.environment:checking '/home/ubuntu/turtlebot4_ws/install/turtlebot4_bringup/bin'
[9.860s] Level 1:colcon.colcon_core.environment:checking '/home/ubuntu/turtlebot4_ws/install/turtlebot4_bringup/lib/pkgconfig/turtlebot4_bringup.pc'
[9.861s] Level 1:colcon.colcon_core.environment:checking '/home/ubuntu/turtlebot4_ws/install/turtlebot4_bringup/lib/python3.10/site-packages'
[9.862s] Level 1:colcon.colcon_core.environment:checking '/home/ubuntu/turtlebot4_ws/install/turtlebot4_bringup/bin'
[9.866s] INFO:colcon.colcon_core.shell:Creating package script '/home/ubuntu/turtlebot4_ws/install/turtlebot4_bringup/share/turtlebot4_bringup/package.ps1'
[9.869s] INFO:colcon.colcon_core.shell:Creating package descriptor '/home/ubuntu/turtlebot4_ws/install/turtlebot4_bringup/share/turtlebot4_bringup/package.dsv'
[9.871s] INFO:colcon.colcon_core.shell:Creating package script '/home/ubuntu/turtlebot4_ws/install/turtlebot4_bringup/share/turtlebot4_bringup/package.sh'
[9.873s] INFO:colcon.colcon_core.shell:Creating package script '/home/ubuntu/turtlebot4_ws/install/turtlebot4_bringup/share/turtlebot4_bringup/package.bash'
[9.875s] INFO:colcon.colcon_core.shell:Creating package script '/home/ubuntu/turtlebot4_ws/install/turtlebot4_bringup/share/turtlebot4_bringup/package.zsh'
[9.877s] Level 1:colcon.colcon_core.environment:create_file_with_runtime_dependencies(/home/ubuntu/turtlebot4_ws/install/turtlebot4_bringup/share/colcon-core/packages/turtlebot4_bringup)
[9.879s] INFO:colcon.colcon_ros.task.ament_cmake.build:Building ROS package in '/home/ubuntu/turtlebot4_ws/src/turtlebot4_robot/turtlebot4_robot' with build type 'ament_cmake'
[9.879s] INFO:colcon.colcon_cmake.task.cmake.build:Building CMake package in '/home/ubuntu/turtlebot4_ws/src/turtlebot4_robot/turtlebot4_robot'
[9.884s] INFO:colcon.colcon_core.shell:Skip shell extension 'powershell' for command environment: Not usable outside of PowerShell
[9.885s] DEBUG:colcon.colcon_core.shell:Skip shell extension 'dsv' for command environment
[9.945s] DEBUG:colcon.colcon_core.event_handler.log_command:Invoking command in '/home/ubuntu/turtlebot4_ws/build/turtlebot4_robot': AMENT_PREFIX_PATH=/home/ubuntu/turtlebot4_ws/install/turtlebot4_bringup:/home/ubuntu/turtlebot4_ws/install/turtlebot4_tests:/home/ubuntu/turtlebot4_ws/install/turtlebot4_diagnostics:/home/ubuntu/turtlebot4_ws/install/turtlebot4_base:${AMENT_PREFIX_PATH} CMAKE_PREFIX_PATH=/home/ubuntu/turtlebot4_ws/install/turtlebot4_bringup:/home/ubuntu/turtlebot4_ws/install/turtlebot4_base:/opt/ros/humble PYTHONPATH=/home/ubuntu/turtlebot4_ws/build/turtlebot4_tests:/home/ubuntu/turtlebot4_ws/install/turtlebot4_tests/lib/python3.10/site-packages:/home/ubuntu/turtlebot4_ws/build/turtlebot4_diagnostics:/home/ubuntu/turtlebot4_ws/install/turtlebot4_diagnostics/lib/python3.10/site-packages:${PYTHONPATH} /usr/bin/cmake --build /home/ubuntu/turtlebot4_ws/build/turtlebot4_robot -- -j4 -l4
[10.088s] DEBUG:colcon.colcon_core.event_handler.log_command:Invoked command in '/home/ubuntu/turtlebot4_ws/build/turtlebot4_robot' returned '0': AMENT_PREFIX_PATH=/home/ubuntu/turtlebot4_ws/install/turtlebot4_bringup:/home/ubuntu/turtlebot4_ws/install/turtlebot4_tests:/home/ubuntu/turtlebot4_ws/install/turtlebot4_diagnostics:/home/ubuntu/turtlebot4_ws/install/turtlebot4_base:${AMENT_PREFIX_PATH} CMAKE_PREFIX_PATH=/home/ubuntu/turtlebot4_ws/install/turtlebot4_bringup:/home/ubuntu/turtlebot4_ws/install/turtlebot4_base:/opt/ros/humble PYTHONPATH=/home/ubuntu/turtlebot4_ws/build/turtlebot4_tests:/home/ubuntu/turtlebot4_ws/install/turtlebot4_tests/lib/python3.10/site-packages:/home/ubuntu/turtlebot4_ws/build/turtlebot4_diagnostics:/home/ubuntu/turtlebot4_ws/install/turtlebot4_diagnostics/lib/python3.10/site-packages:${PYTHONPATH} /usr/bin/cmake --build /home/ubuntu/turtlebot4_ws/build/turtlebot4_robot -- -j4 -l4
[10.204s] DEBUG:colcon.colcon_core.event_handler.log_command:Invoking command in '/home/ubuntu/turtlebot4_ws/build/turtlebot4_robot': AMENT_PREFIX_PATH=/home/ubuntu/turtlebot4_ws/install/turtlebot4_bringup:/home/ubuntu/turtlebot4_ws/install/turtlebot4_tests:/home/ubuntu/turtlebot4_ws/install/turtlebot4_diagnostics:/home/ubuntu/turtlebot4_ws/install/turtlebot4_base:${AMENT_PREFIX_PATH} CMAKE_PREFIX_PATH=/home/ubuntu/turtlebot4_ws/install/turtlebot4_bringup:/home/ubuntu/turtlebot4_ws/install/turtlebot4_base:/opt/ros/humble PYTHONPATH=/home/ubuntu/turtlebot4_ws/build/turtlebot4_tests:/home/ubuntu/turtlebot4_ws/install/turtlebot4_tests/lib/python3.10/site-packages:/home/ubuntu/turtlebot4_ws/build/turtlebot4_diagnostics:/home/ubuntu/turtlebot4_ws/install/turtlebot4_diagnostics/lib/python3.10/site-packages:${PYTHONPATH} /usr/bin/cmake --install /home/ubuntu/turtlebot4_ws/build/turtlebot4_robot
[10.283s] Level 1:colcon.colcon_core.environment:create_environment_scripts_only(turtlebot4_robot)
[10.293s] Level 1:colcon.colcon_core.environment:checking '/home/ubuntu/turtlebot4_ws/install/turtlebot4_robot' for CMake module files
[10.294s] DEBUG:colcon.colcon_core.event_handler.log_command:Invoked command in '/home/ubuntu/turtlebot4_ws/build/turtlebot4_robot' returned '0': AMENT_PREFIX_PATH=/home/ubuntu/turtlebot4_ws/install/turtlebot4_bringup:/home/ubuntu/turtlebot4_ws/install/turtlebot4_tests:/home/ubuntu/turtlebot4_ws/install/turtlebot4_diagnostics:/home/ubuntu/turtlebot4_ws/install/turtlebot4_base:${AMENT_PREFIX_PATH} CMAKE_PREFIX_PATH=/home/ubuntu/turtlebot4_ws/install/turtlebot4_bringup:/home/ubuntu/turtlebot4_ws/install/turtlebot4_base:/opt/ros/humble PYTHONPATH=/home/ubuntu/turtlebot4_ws/build/turtlebot4_tests:/home/ubuntu/turtlebot4_ws/install/turtlebot4_tests/lib/python3.10/site-packages:/home/ubuntu/turtlebot4_ws/build/turtlebot4_diagnostics:/home/ubuntu/turtlebot4_ws/install/turtlebot4_diagnostics/lib/python3.10/site-packages:${PYTHONPATH} /usr/bin/cmake --install /home/ubuntu/turtlebot4_ws/build/turtlebot4_robot
[10.297s] Level 1:colcon.colcon_core.environment:checking '/home/ubuntu/turtlebot4_ws/install/turtlebot4_robot' for CMake config files
[10.300s] Level 1:colcon.colcon_core.shell:create_environment_hook('turtlebot4_robot', 'cmake_prefix_path')
[10.305s] INFO:colcon.colcon_core.shell:Creating environment hook '/home/ubuntu/turtlebot4_ws/install/turtlebot4_robot/share/turtlebot4_robot/hook/cmake_prefix_path.ps1'
[10.307s] INFO:colcon.colcon_core.shell:Creating environment descriptor '/home/ubuntu/turtlebot4_ws/install/turtlebot4_robot/share/turtlebot4_robot/hook/cmake_prefix_path.dsv'
[10.309s] INFO:colcon.colcon_core.shell:Creating environment hook '/home/ubuntu/turtlebot4_ws/install/turtlebot4_robot/share/turtlebot4_robot/hook/cmake_prefix_path.sh'
[10.312s] Level 1:colcon.colcon_core.environment:checking '/home/ubuntu/turtlebot4_ws/install/turtlebot4_robot/bin'
[10.312s] Level 1:colcon.colcon_core.environment:checking '/home/ubuntu/turtlebot4_ws/install/turtlebot4_robot/lib/pkgconfig/turtlebot4_robot.pc'
[10.313s] Level 1:colcon.colcon_core.environment:checking '/home/ubuntu/turtlebot4_ws/install/turtlebot4_robot/lib/python3.10/site-packages'
[10.314s] Level 1:colcon.colcon_core.environment:checking '/home/ubuntu/turtlebot4_ws/install/turtlebot4_robot/bin'
[10.319s] INFO:colcon.colcon_core.shell:Creating package script '/home/ubuntu/turtlebot4_ws/install/turtlebot4_robot/share/turtlebot4_robot/package.ps1'
[10.321s] INFO:colcon.colcon_core.shell:Creating package descriptor '/home/ubuntu/turtlebot4_ws/install/turtlebot4_robot/share/turtlebot4_robot/package.dsv'
[10.323s] INFO:colcon.colcon_core.shell:Creating package script '/home/ubuntu/turtlebot4_ws/install/turtlebot4_robot/share/turtlebot4_robot/package.sh'
[10.325s] INFO:colcon.colcon_core.shell:Creating package script '/home/ubuntu/turtlebot4_ws/install/turtlebot4_robot/share/turtlebot4_robot/package.bash'
[10.327s] INFO:colcon.colcon_core.shell:Creating package script '/home/ubuntu/turtlebot4_ws/install/turtlebot4_robot/share/turtlebot4_robot/package.zsh'
[10.329s] Level 1:colcon.colcon_core.environment:create_file_with_runtime_dependencies(/home/ubuntu/turtlebot4_ws/install/turtlebot4_robot/share/colcon-core/packages/turtlebot4_robot)
[10.442s] Level 1:colcon.colcon_core.environment:create_environment_scripts_only(turtlebot4_robot)
[10.452s] Level 1:colcon.colcon_core.environment:checking '/home/ubuntu/turtlebot4_ws/install/turtlebot4_robot' for CMake module files
[10.455s] Level 1:colcon.colcon_core.environment:checking '/home/ubuntu/turtlebot4_ws/install/turtlebot4_robot' for CMake config files
[10.457s] Level 1:colcon.colcon_core.shell:create_environment_hook('turtlebot4_robot', 'cmake_prefix_path')
[10.463s] INFO:colcon.colcon_core.shell:Creating environment hook '/home/ubuntu/turtlebot4_ws/install/turtlebot4_robot/share/turtlebot4_robot/hook/cmake_prefix_path.ps1'
[10.465s] INFO:colcon.colcon_core.shell:Creating environment descriptor '/home/ubuntu/turtlebot4_ws/install/turtlebot4_robot/share/turtlebot4_robot/hook/cmake_prefix_path.dsv'
[10.466s] INFO:colcon.colcon_core.shell:Creating environment hook '/home/ubuntu/turtlebot4_ws/install/turtlebot4_robot/share/turtlebot4_robot/hook/cmake_prefix_path.sh'
[10.469s] Level 1:colcon.colcon_core.environment:checking '/home/ubuntu/turtlebot4_ws/install/turtlebot4_robot/bin'
[10.470s] Level 1:colcon.colcon_core.environment:checking '/home/ubuntu/turtlebot4_ws/install/turtlebot4_robot/lib/pkgconfig/turtlebot4_robot.pc'
[10.470s] Level 1:colcon.colcon_core.environment:checking '/home/ubuntu/turtlebot4_ws/install/turtlebot4_robot/lib/python3.10/site-packages'
[10.471s] Level 1:colcon.colcon_core.environment:checking '/home/ubuntu/turtlebot4_ws/install/turtlebot4_robot/bin'
[10.476s] INFO:colcon.colcon_core.shell:Creating package script '/home/ubuntu/turtlebot4_ws/install/turtlebot4_robot/share/turtlebot4_robot/package.ps1'
[10.479s] INFO:colcon.colcon_core.shell:Creating package descriptor '/home/ubuntu/turtlebot4_ws/install/turtlebot4_robot/share/turtlebot4_robot/package.dsv'
[10.481s] INFO:colcon.colcon_core.shell:Creating package script '/home/ubuntu/turtlebot4_ws/install/turtlebot4_robot/share/turtlebot4_robot/package.sh'
[10.483s] INFO:colcon.colcon_core.shell:Creating package script '/home/ubuntu/turtlebot4_ws/install/turtlebot4_robot/share/turtlebot4_robot/package.bash'
[10.485s] INFO:colcon.colcon_core.shell:Creating package script '/home/ubuntu/turtlebot4_ws/install/turtlebot4_robot/share/turtlebot4_robot/package.zsh'
[10.487s] Level 1:colcon.colcon_core.environment:create_file_with_runtime_dependencies(/home/ubuntu/turtlebot4_ws/install/turtlebot4_robot/share/colcon-core/packages/turtlebot4_robot)
[10.488s] DEBUG:colcon.colcon_parallel_executor.executor.parallel:closing loop
[10.490s] DEBUG:colcon.colcon_parallel_executor.executor.parallel:loop closed
[10.490s] DEBUG:colcon.colcon_parallel_executor.executor.parallel:run_until_complete finished with '0'
[10.491s] DEBUG:colcon.colcon_core.event_reactor:joining thread
[10.515s] INFO:colcon.colcon_core.plugin_system:Skipping extension 'colcon_notification.desktop_notification.notify_send': Could not find 'notify-send'
[10.515s] INFO:colcon.colcon_core.plugin_system:Skipping extension 'colcon_notification.desktop_notification.terminal_notifier': Not used on non-Darwin systems
[10.515s] INFO:colcon.colcon_core.plugin_system:Skipping extension 'colcon_notification.desktop_notification.win32': Not used on non-Windows systems
[10.515s] INFO:colcon.colcon_notification.desktop_notification:Sending desktop notification using 'notify2'
[10.518s] DEBUG:colcon.colcon_notification.desktop_notification.notify2:Failed to initialize notify2: org.freedesktop.DBus.Error.ServiceUnknown: The name org.freedesktop.Notifications was not provided by any .service files
[10.519s] DEBUG:colcon.colcon_core.event_reactor:joined thread
[10.524s] INFO:colcon.colcon_core.shell:Creating prefix script '/home/ubuntu/turtlebot4_ws/install/local_setup.ps1'
[10.528s] INFO:colcon.colcon_core.shell:Creating prefix util module '/home/ubuntu/turtlebot4_ws/install/_local_setup_util_ps1.py'
[10.536s] INFO:colcon.colcon_core.shell:Creating prefix chain script '/home/ubuntu/turtlebot4_ws/install/setup.ps1'
[10.542s] INFO:colcon.colcon_core.shell:Creating prefix script '/home/ubuntu/turtlebot4_ws/install/local_setup.sh'
[10.545s] INFO:colcon.colcon_core.shell:Creating prefix util module '/home/ubuntu/turtlebot4_ws/install/_local_setup_util_sh.py'
[10.547s] INFO:colcon.colcon_core.shell:Creating prefix chain script '/home/ubuntu/turtlebot4_ws/install/setup.sh'
[10.553s] INFO:colcon.colcon_core.shell:Creating prefix script '/home/ubuntu/turtlebot4_ws/install/local_setup.bash'
[10.555s] INFO:colcon.colcon_core.shell:Creating prefix chain script '/home/ubuntu/turtlebot4_ws/install/setup.bash'
[10.561s] INFO:colcon.colcon_core.shell:Creating prefix script '/home/ubuntu/turtlebot4_ws/install/local_setup.zsh'
[10.563s] INFO:colcon.colcon_core.shell:Creating prefix chain script '/home/ubuntu/turtlebot4_ws/install/setup.zsh'
