[3.456s] Invoking command in '/home/ubuntu/turtlebot4_ws/build/wheelvelo': PYTHONPATH=/home/ubuntu/turtlebot4_ws/build/wheelvelo/prefix_override:/home/ubuntu/turtlebot4_ws/install/wheelvelo/lib/python3.10/site-packages:${PYTHONPATH} /usr/bin/python3 setup.py develop --editable --build-directory /home/ubuntu/turtlebot4_ws/build/wheelvelo/build --no-deps install_data
[4.797s] running develop
[4.801s] /usr/lib/python3/dist-packages/setuptools/command/easy_install.py:158: EasyInstallDeprecationWarning: easy_install command is deprecated. Use build and pip and other standards-based tools.
[4.802s]   warnings.warn(
[4.808s] /usr/lib/python3/dist-packages/setuptools/command/install.py:34: SetuptoolsDeprecationWarning: setup.py install is deprecated. Use build and pip and other standards-based tools.
[4.808s]   warnings.warn(
[5.131s] /usr/lib/python3/dist-packages/pkg_resources/__init__.py:116: PkgResourcesDeprecationWarning: 1.16.0-unknown is an invalid version and will not be supported in a future release
[5.131s]   warnings.warn(
[5.136s] /usr/lib/python3/dist-packages/pkg_resources/__init__.py:116: PkgResourcesDeprecationWarning: 1.1build1 is an invalid version and will not be supported in a future release
[5.136s]   warnings.warn(
[5.137s] /usr/lib/python3/dist-packages/pkg_resources/__init__.py:116: PkgResourcesDeprecationWarning: 0.1.43ubuntu1 is an invalid version and will not be supported in a future release
[5.138s]   warnings.warn(
[5.789s] running egg_info
[5.790s] writing wheelvelo.egg-info/PKG-INFO
[5.791s] writing dependency_links to wheelvelo.egg-info/dependency_links.txt
[5.793s] writing entry points to wheelvelo.egg-info/entry_points.txt
[5.794s] writing requirements to wheelvelo.egg-info/requires.txt
[5.795s] writing top-level names to wheelvelo.egg-info/top_level.txt
[5.804s] reading manifest file 'wheelvelo.egg-info/SOURCES.txt'
[5.809s] writing manifest file 'wheelvelo.egg-info/SOURCES.txt'
[5.816s] running build_ext
[5.817s] Creating /home/ubuntu/turtlebot4_ws/install/wheelvelo/lib/python3.10/site-packages/wheelvelo.egg-link (link to .)
[5.821s] Installing wheelvelo script to /home/ubuntu/turtlebot4_ws/install/wheelvelo/lib/wheelvelo
[5.822s] 
[5.824s] Installed /home/ubuntu/turtlebot4_ws/build/wheelvelo
[5.826s] running install_data
[5.982s] Invoked command in '/home/ubuntu/turtlebot4_ws/build/wheelvelo' returned '0': PYTHONPATH=/home/ubuntu/turtlebot4_ws/build/wheelvelo/prefix_override:/home/ubuntu/turtlebot4_ws/install/wheelvelo/lib/python3.10/site-packages:${PYTHONPATH} /usr/bin/python3 setup.py develop --editable --build-directory /home/ubuntu/turtlebot4_ws/build/wheelvelo/build --no-deps install_data
