[0.060s] Invoking command in '/home/ubuntu/turtlebot4_ws/build/turtlebot4_robot': AMENT_PREFIX_PATH=/home/ubuntu/turtlebot4_ws/install/turtlebot4_bringup:/home/ubuntu/turtlebot4_ws/install/turtlebot4_tests:/home/ubuntu/turtlebot4_ws/install/turtlebot4_diagnostics:/home/ubuntu/turtlebot4_ws/install/turtlebot4_base:${AMENT_PREFIX_PATH} CMAKE_PREFIX_PATH=/home/ubuntu/turtlebot4_ws/install/turtlebot4_bringup:/home/ubuntu/turtlebot4_ws/install/turtlebot4_base:/opt/ros/humble PYTHONPATH=/home/ubuntu/turtlebot4_ws/build/turtlebot4_tests:/home/ubuntu/turtlebot4_ws/install/turtlebot4_tests/lib/python3.10/site-packages:/home/ubuntu/turtlebot4_ws/build/turtlebot4_diagnostics:/home/ubuntu/turtlebot4_ws/install/turtlebot4_diagnostics/lib/python3.10/site-packages:${PYTHONPATH} /usr/bin/cmake /home/ubuntu/turtlebot4_ws/src/turtlebot4_robot/turtlebot4_robot -DAMENT_CMAKE_SYMLINK_INSTALL=1 -DCMAKE_INSTALL_PREFIX=/home/ubuntu/turtlebot4_ws/install/turtlebot4_robot
[0.362s] -- The C compiler identification is GNU 11.3.0
[0.693s] -- The CXX compiler identification is GNU 11.3.0
[0.729s] -- Detecting C compiler ABI info
[1.080s] -- Detecting C compiler ABI info - done
[1.106s] -- Check for working C compiler: /usr/bin/cc - skipped
[1.107s] -- Detecting C compile features
[1.109s] -- Detecting C compile features - done
[1.120s] -- Detecting CXX compiler ABI info
[1.503s] -- Detecting CXX compiler ABI info - done
[1.531s] -- Check for working CXX compiler: /usr/bin/c++ - skipped
[1.532s] -- Detecting CXX compile features
[1.533s] -- Detecting CXX compile features - done
[1.564s] -- Found ament_cmake: 1.3.3 (/opt/ros/humble/share/ament_cmake/cmake)
[2.500s] -- Found Python3: /usr/bin/python3.10 (found version "3.10.6") found components: Interpreter 
[2.804s] -- Override CMake install command with custom implementation using symlinks instead of copying resources
[3.477s] -- Configuring done
[3.496s] -- Generating done
[3.500s] -- Build files have been written to: /home/ubuntu/turtlebot4_ws/build/turtlebot4_robot
[3.531s] Invoked command in '/home/ubuntu/turtlebot4_ws/build/turtlebot4_robot' returned '0': AMENT_PREFIX_PATH=/home/ubuntu/turtlebot4_ws/install/turtlebot4_bringup:/home/ubuntu/turtlebot4_ws/install/turtlebot4_tests:/home/ubuntu/turtlebot4_ws/install/turtlebot4_diagnostics:/home/ubuntu/turtlebot4_ws/install/turtlebot4_base:${AMENT_PREFIX_PATH} CMAKE_PREFIX_PATH=/home/ubuntu/turtlebot4_ws/install/turtlebot4_bringup:/home/ubuntu/turtlebot4_ws/install/turtlebot4_base:/opt/ros/humble PYTHONPATH=/home/ubuntu/turtlebot4_ws/build/turtlebot4_tests:/home/ubuntu/turtlebot4_ws/install/turtlebot4_tests/lib/python3.10/site-packages:/home/ubuntu/turtlebot4_ws/build/turtlebot4_diagnostics:/home/ubuntu/turtlebot4_ws/install/turtlebot4_diagnostics/lib/python3.10/site-packages:${PYTHONPATH} /usr/bin/cmake /home/ubuntu/turtlebot4_ws/src/turtlebot4_robot/turtlebot4_robot -DAMENT_CMAKE_SYMLINK_INSTALL=1 -DCMAKE_INSTALL_PREFIX=/home/ubuntu/turtlebot4_ws/install/turtlebot4_robot
[3.533s] Invoking command in '/home/ubuntu/turtlebot4_ws/build/turtlebot4_robot': AMENT_PREFIX_PATH=/home/ubuntu/turtlebot4_ws/install/turtlebot4_bringup:/home/ubuntu/turtlebot4_ws/install/turtlebot4_tests:/home/ubuntu/turtlebot4_ws/install/turtlebot4_diagnostics:/home/ubuntu/turtlebot4_ws/install/turtlebot4_base:${AMENT_PREFIX_PATH} CMAKE_PREFIX_PATH=/home/ubuntu/turtlebot4_ws/install/turtlebot4_bringup:/home/ubuntu/turtlebot4_ws/install/turtlebot4_base:/opt/ros/humble PYTHONPATH=/home/ubuntu/turtlebot4_ws/build/turtlebot4_tests:/home/ubuntu/turtlebot4_ws/install/turtlebot4_tests/lib/python3.10/site-packages:/home/ubuntu/turtlebot4_ws/build/turtlebot4_diagnostics:/home/ubuntu/turtlebot4_ws/install/turtlebot4_diagnostics/lib/python3.10/site-packages:${PYTHONPATH} /usr/bin/cmake --build /home/ubuntu/turtlebot4_ws/build/turtlebot4_robot -- -j4 -l4
[3.678s] Invoked command in '/home/ubuntu/turtlebot4_ws/build/turtlebot4_robot' returned '0': AMENT_PREFIX_PATH=/home/ubuntu/turtlebot4_ws/install/turtlebot4_bringup:/home/ubuntu/turtlebot4_ws/install/turtlebot4_tests:/home/ubuntu/turtlebot4_ws/install/turtlebot4_diagnostics:/home/ubuntu/turtlebot4_ws/install/turtlebot4_base:${AMENT_PREFIX_PATH} CMAKE_PREFIX_PATH=/home/ubuntu/turtlebot4_ws/install/turtlebot4_bringup:/home/ubuntu/turtlebot4_ws/install/turtlebot4_base:/opt/ros/humble PYTHONPATH=/home/ubuntu/turtlebot4_ws/build/turtlebot4_tests:/home/ubuntu/turtlebot4_ws/install/turtlebot4_tests/lib/python3.10/site-packages:/home/ubuntu/turtlebot4_ws/build/turtlebot4_diagnostics:/home/ubuntu/turtlebot4_ws/install/turtlebot4_diagnostics/lib/python3.10/site-packages:${PYTHONPATH} /usr/bin/cmake --build /home/ubuntu/turtlebot4_ws/build/turtlebot4_robot -- -j4 -l4
[3.801s] Invoking command in '/home/ubuntu/turtlebot4_ws/build/turtlebot4_robot': AMENT_PREFIX_PATH=/home/ubuntu/turtlebot4_ws/install/turtlebot4_bringup:/home/ubuntu/turtlebot4_ws/install/turtlebot4_tests:/home/ubuntu/turtlebot4_ws/install/turtlebot4_diagnostics:/home/ubuntu/turtlebot4_ws/install/turtlebot4_base:${AMENT_PREFIX_PATH} CMAKE_PREFIX_PATH=/home/ubuntu/turtlebot4_ws/install/turtlebot4_bringup:/home/ubuntu/turtlebot4_ws/install/turtlebot4_base:/opt/ros/humble PYTHONPATH=/home/ubuntu/turtlebot4_ws/build/turtlebot4_tests:/home/ubuntu/turtlebot4_ws/install/turtlebot4_tests/lib/python3.10/site-packages:/home/ubuntu/turtlebot4_ws/build/turtlebot4_diagnostics:/home/ubuntu/turtlebot4_ws/install/turtlebot4_diagnostics/lib/python3.10/site-packages:${PYTHONPATH} /usr/bin/cmake --install /home/ubuntu/turtlebot4_ws/build/turtlebot4_robot
[3.830s] -- Install configuration: ""
[3.831s] -- Execute custom install script
[3.833s] -- Symlinking: /home/ubuntu/turtlebot4_ws/install/turtlebot4_robot/share/ament_index/resource_index/package_run_dependencies/turtlebot4_robot
[3.868s] -- Symlinking: /home/ubuntu/turtlebot4_ws/install/turtlebot4_robot/share/ament_index/resource_index/parent_prefix_path/turtlebot4_robot
[3.902s] -- Symlinking: /home/ubuntu/turtlebot4_ws/install/turtlebot4_robot/share/turtlebot4_robot/environment/ament_prefix_path.sh
[3.936s] -- Symlinking: /home/ubuntu/turtlebot4_ws/install/turtlebot4_robot/share/turtlebot4_robot/environment/ament_prefix_path.dsv
[3.970s] -- Symlinking: /home/ubuntu/turtlebot4_ws/install/turtlebot4_robot/share/turtlebot4_robot/environment/path.sh
[4.004s] -- Symlinking: /home/ubuntu/turtlebot4_ws/install/turtlebot4_robot/share/turtlebot4_robot/environment/path.dsv
[4.033s] -- Symlinking: /home/ubuntu/turtlebot4_ws/install/turtlebot4_robot/share/turtlebot4_robot/local_setup.bash
[4.066s] -- Symlinking: /home/ubuntu/turtlebot4_ws/install/turtlebot4_robot/share/turtlebot4_robot/local_setup.sh
[4.101s] -- Symlinking: /home/ubuntu/turtlebot4_ws/install/turtlebot4_robot/share/turtlebot4_robot/local_setup.zsh
[4.133s] -- Symlinking: /home/ubuntu/turtlebot4_ws/install/turtlebot4_robot/share/turtlebot4_robot/local_setup.dsv
[4.165s] -- Symlinking: /home/ubuntu/turtlebot4_ws/install/turtlebot4_robot/share/turtlebot4_robot/package.dsv
[4.198s] -- Symlinking: /home/ubuntu/turtlebot4_ws/install/turtlebot4_robot/share/ament_index/resource_index/packages/turtlebot4_robot
[4.232s] -- Symlinking: /home/ubuntu/turtlebot4_ws/install/turtlebot4_robot/share/turtlebot4_robot/cmake/turtlebot4_robotConfig.cmake
[4.263s] -- Symlinking: /home/ubuntu/turtlebot4_ws/install/turtlebot4_robot/share/turtlebot4_robot/cmake/turtlebot4_robotConfig-version.cmake
[4.298s] -- Symlinking: /home/ubuntu/turtlebot4_ws/install/turtlebot4_robot/share/turtlebot4_robot/package.xml
[4.347s] Invoked command in '/home/ubuntu/turtlebot4_ws/build/turtlebot4_robot' returned '0': AMENT_PREFIX_PATH=/home/ubuntu/turtlebot4_ws/install/turtlebot4_bringup:/home/ubuntu/turtlebot4_ws/install/turtlebot4_tests:/home/ubuntu/turtlebot4_ws/install/turtlebot4_diagnostics:/home/ubuntu/turtlebot4_ws/install/turtlebot4_base:${AMENT_PREFIX_PATH} CMAKE_PREFIX_PATH=/home/ubuntu/turtlebot4_ws/install/turtlebot4_bringup:/home/ubuntu/turtlebot4_ws/install/turtlebot4_base:/opt/ros/humble PYTHONPATH=/home/ubuntu/turtlebot4_ws/build/turtlebot4_tests:/home/ubuntu/turtlebot4_ws/install/turtlebot4_tests/lib/python3.10/site-packages:/home/ubuntu/turtlebot4_ws/build/turtlebot4_diagnostics:/home/ubuntu/turtlebot4_ws/install/turtlebot4_diagnostics/lib/python3.10/site-packages:${PYTHONPATH} /usr/bin/cmake --install /home/ubuntu/turtlebot4_ws/build/turtlebot4_robot
