[0.053s] Invoking command in '/home/ubuntu/turtlebot4_ws/build/turtlebot4_robot': AMENT_PREFIX_PATH=/home/ubuntu/turtlebot4_ws/install/turtlebot4_bringup:/home/ubuntu/turtlebot4_ws/install/turtlebot4_tests:/home/ubuntu/turtlebot4_ws/install/turtlebot4_diagnostics:/home/ubuntu/turtlebot4_ws/install/turtlebot4_base:${AMENT_PREFIX_PATH} CMAKE_PREFIX_PATH=/home/ubuntu/turtlebot4_ws/install/turtlebot4_bringup:/home/ubuntu/turtlebot4_ws/install/turtlebot4_base:/opt/ros/humble PYTHONPATH=/home/ubuntu/turtlebot4_ws/build/turtlebot4_tests:/home/ubuntu/turtlebot4_ws/install/turtlebot4_tests/lib/python3.10/site-packages:/home/ubuntu/turtlebot4_ws/build/turtlebot4_diagnostics:/home/ubuntu/turtlebot4_ws/install/turtlebot4_diagnostics/lib/python3.10/site-packages:${PYTHONPATH} /usr/bin/cmake --build /home/ubuntu/turtlebot4_ws/build/turtlebot4_robot -- -j4 -l4
[0.197s] Invoked command in '/home/ubuntu/turtlebot4_ws/build/turtlebot4_robot' returned '0': AMENT_PREFIX_PATH=/home/ubuntu/turtlebot4_ws/install/turtlebot4_bringup:/home/ubuntu/turtlebot4_ws/install/turtlebot4_tests:/home/ubuntu/turtlebot4_ws/install/turtlebot4_diagnostics:/home/ubuntu/turtlebot4_ws/install/turtlebot4_base:${AMENT_PREFIX_PATH} CMAKE_PREFIX_PATH=/home/ubuntu/turtlebot4_ws/install/turtlebot4_bringup:/home/ubuntu/turtlebot4_ws/install/turtlebot4_base:/opt/ros/humble PYTHONPATH=/home/ubuntu/turtlebot4_ws/build/turtlebot4_tests:/home/ubuntu/turtlebot4_ws/install/turtlebot4_tests/lib/python3.10/site-packages:/home/ubuntu/turtlebot4_ws/build/turtlebot4_diagnostics:/home/ubuntu/turtlebot4_ws/install/turtlebot4_diagnostics/lib/python3.10/site-packages:${PYTHONPATH} /usr/bin/cmake --build /home/ubuntu/turtlebot4_ws/build/turtlebot4_robot -- -j4 -l4
[0.312s] Invoking command in '/home/ubuntu/turtlebot4_ws/build/turtlebot4_robot': AMENT_PREFIX_PATH=/home/ubuntu/turtlebot4_ws/install/turtlebot4_bringup:/home/ubuntu/turtlebot4_ws/install/turtlebot4_tests:/home/ubuntu/turtlebot4_ws/install/turtlebot4_diagnostics:/home/ubuntu/turtlebot4_ws/install/turtlebot4_base:${AMENT_PREFIX_PATH} CMAKE_PREFIX_PATH=/home/ubuntu/turtlebot4_ws/install/turtlebot4_bringup:/home/ubuntu/turtlebot4_ws/install/turtlebot4_base:/opt/ros/humble PYTHONPATH=/home/ubuntu/turtlebot4_ws/build/turtlebot4_tests:/home/ubuntu/turtlebot4_ws/install/turtlebot4_tests/lib/python3.10/site-packages:/home/ubuntu/turtlebot4_ws/build/turtlebot4_diagnostics:/home/ubuntu/turtlebot4_ws/install/turtlebot4_diagnostics/lib/python3.10/site-packages:${PYTHONPATH} /usr/bin/cmake --install /home/ubuntu/turtlebot4_ws/build/turtlebot4_robot
[0.340s] -- Install configuration: ""
[0.341s] -- Execute custom install script
[0.343s] -- Up-to-date symlink: /home/ubuntu/turtlebot4_ws/install/turtlebot4_robot/share/ament_index/resource_index/package_run_dependencies/turtlebot4_robot
[0.344s] -- Up-to-date symlink: /home/ubuntu/turtlebot4_ws/install/turtlebot4_robot/share/ament_index/resource_index/parent_prefix_path/turtlebot4_robot
[0.345s] -- Up-to-date symlink: /home/ubuntu/turtlebot4_ws/install/turtlebot4_robot/share/turtlebot4_robot/environment/ament_prefix_path.sh
[0.346s] -- Up-to-date symlink: /home/ubuntu/turtlebot4_ws/install/turtlebot4_robot/share/turtlebot4_robot/environment/ament_prefix_path.dsv
[0.347s] -- Up-to-date symlink: /home/ubuntu/turtlebot4_ws/install/turtlebot4_robot/share/turtlebot4_robot/environment/path.sh
[0.348s] -- Up-to-date symlink: /home/ubuntu/turtlebot4_ws/install/turtlebot4_robot/share/turtlebot4_robot/environment/path.dsv
[0.349s] -- Up-to-date symlink: /home/ubuntu/turtlebot4_ws/install/turtlebot4_robot/share/turtlebot4_robot/local_setup.bash
[0.350s] -- Up-to-date symlink: /home/ubuntu/turtlebot4_ws/install/turtlebot4_robot/share/turtlebot4_robot/local_setup.sh
[0.351s] -- Up-to-date symlink: /home/ubuntu/turtlebot4_ws/install/turtlebot4_robot/share/turtlebot4_robot/local_setup.zsh
[0.352s] -- Up-to-date symlink: /home/ubuntu/turtlebot4_ws/install/turtlebot4_robot/share/turtlebot4_robot/local_setup.dsv
[0.352s] -- Symlinking: /home/ubuntu/turtlebot4_ws/install/turtlebot4_robot/share/turtlebot4_robot/package.dsv
[0.384s] -- Up-to-date symlink: /home/ubuntu/turtlebot4_ws/install/turtlebot4_robot/share/ament_index/resource_index/packages/turtlebot4_robot
[0.385s] -- Up-to-date symlink: /home/ubuntu/turtlebot4_ws/install/turtlebot4_robot/share/turtlebot4_robot/cmake/turtlebot4_robotConfig.cmake
[0.386s] -- Up-to-date symlink: /home/ubuntu/turtlebot4_ws/install/turtlebot4_robot/share/turtlebot4_robot/cmake/turtlebot4_robotConfig-version.cmake
[0.386s] -- Up-to-date symlink: /home/ubuntu/turtlebot4_ws/install/turtlebot4_robot/share/turtlebot4_robot/package.xml
[0.402s] Invoked command in '/home/ubuntu/turtlebot4_ws/build/turtlebot4_robot' returned '0': AMENT_PREFIX_PATH=/home/ubuntu/turtlebot4_ws/install/turtlebot4_bringup:/home/ubuntu/turtlebot4_ws/install/turtlebot4_tests:/home/ubuntu/turtlebot4_ws/install/turtlebot4_diagnostics:/home/ubuntu/turtlebot4_ws/install/turtlebot4_base:${AMENT_PREFIX_PATH} CMAKE_PREFIX_PATH=/home/ubuntu/turtlebot4_ws/install/turtlebot4_bringup:/home/ubuntu/turtlebot4_ws/install/turtlebot4_base:/opt/ros/humble PYTHONPATH=/home/ubuntu/turtlebot4_ws/build/turtlebot4_tests:/home/ubuntu/turtlebot4_ws/install/turtlebot4_tests/lib/python3.10/site-packages:/home/ubuntu/turtlebot4_ws/build/turtlebot4_diagnostics:/home/ubuntu/turtlebot4_ws/install/turtlebot4_diagnostics/lib/python3.10/site-packages:${PYTHONPATH} /usr/bin/cmake --install /home/ubuntu/turtlebot4_ws/build/turtlebot4_robot
