[1.644s] DEBUG:colcon:Command line arguments: ['/usr/bin/colcon', 'build', '--symlink-install', '--packages-select', 'wheelvelo', 'wheelvelo']
[1.644s] DEBUG:colcon:Parsed command line arguments: Namespace(log_base=None, log_level=None, verb_name='build', build_base='build', install_base='install', merge_install=False, symlink_install=True, test_result_base=None, continue_on_error=False, executor='parallel', parallel_workers=4, event_handlers=None, ignore_user_meta=False, metas=['./colcon.meta'], base_paths=['.'], packages_ignore=None, packages_ignore_regex=None, paths=None, packages_up_to=None, packages_up_to_regex=None, packages_above=None, packages_above_and_dependencies=None, packages_above_depth=None, packages_select_by_dep=None, packages_skip_by_dep=None, packages_skip_up_to=None, packages_select_build_failed=False, packages_skip_build_finished=False, packages_select_test_failures=False, packages_skip_test_passed=False, packages_select=['wheelvelo', 'wheelvelo'], packages_skip=None, packages_select_regex=None, packages_skip_regex=None, packages_start=None, packages_end=None, allow_overriding=[], cmake_args=None, cmake_target=None, cmake_target_skip_unavailable=False, cmake_clean_cache=False, cmake_clean_first=False, cmake_force_configure=False, ament_cmake_args=None, catkin_cmake_args=None, catkin_skip_building_tests=False, verb_parser=<colcon_defaults.argument_parser.defaults.DefaultArgumentsDecorator object at 0xffff8a6d1210>, verb_extension=<colcon_core.verb.build.BuildVerb object at 0xffff8af531c0>, main=<bound method BuildVerb.main of <colcon_core.verb.build.BuildVerb object at 0xffff8af531c0>>)
[1.807s] Level 1:colcon.colcon_core.package_discovery:discover_packages(colcon_meta) check parameters
[1.807s] Level 1:colcon.colcon_core.package_discovery:discover_packages(recursive) check parameters
[1.808s] Level 1:colcon.colcon_core.package_discovery:discover_packages(ignore) check parameters
[1.808s] Level 1:colcon.colcon_core.package_discovery:discover_packages(path) check parameters
[1.808s] Level 1:colcon.colcon_core.package_discovery:discover_packages(colcon_meta) discover
[1.808s] Level 1:colcon.colcon_core.package_discovery:discover_packages(recursive) discover
[1.808s] INFO:colcon.colcon_core.package_discovery:Crawling recursively for packages in '/home/ubuntu/turtlebot4_ws'
[1.809s] Level 1:colcon.colcon_core.package_identification:_identify(.) by extensions ['ignore', 'ignore_ament_install']
[1.810s] Level 1:colcon.colcon_core.package_identification:_identify(.) by extension 'ignore'
[1.810s] Level 1:colcon.colcon_core.package_identification:_identify(.) by extension 'ignore_ament_install'
[1.810s] Level 1:colcon.colcon_core.package_identification:_identify(.) by extensions ['colcon_pkg']
[1.811s] Level 1:colcon.colcon_core.package_identification:_identify(.) by extension 'colcon_pkg'
[1.811s] Level 1:colcon.colcon_core.package_identification:_identify(.) by extensions ['colcon_meta']
[1.811s] Level 1:colcon.colcon_core.package_identification:_identify(.) by extension 'colcon_meta'
[1.811s] Level 1:colcon.colcon_core.package_identification:_identify(.) by extensions ['ros']
[1.812s] Level 1:colcon.colcon_core.package_identification:_identify(.) by extension 'ros'
[1.864s] Level 1:colcon.colcon_core.package_identification:_identify(.) by extensions ['cmake', 'python']
[1.865s] Level 1:colcon.colcon_core.package_identification:_identify(.) by extension 'cmake'
[1.865s] Level 1:colcon.colcon_core.package_identification:_identify(.) by extension 'python'
[1.865s] Level 1:colcon.colcon_core.package_identification:_identify(.) by extensions ['python_setup_py']
[1.865s] Level 1:colcon.colcon_core.package_identification:_identify(.) by extension 'python_setup_py'
[1.866s] Level 1:colcon.colcon_core.package_identification:_identify(build) by extensions ['ignore', 'ignore_ament_install']
[1.866s] Level 1:colcon.colcon_core.package_identification:_identify(build) by extension 'ignore'
[1.867s] Level 1:colcon.colcon_core.package_identification:_identify(build) ignored
[1.868s] Level 1:colcon.colcon_core.package_identification:_identify(install) by extensions ['ignore', 'ignore_ament_install']
[1.868s] Level 1:colcon.colcon_core.package_identification:_identify(install) by extension 'ignore'
[1.868s] Level 1:colcon.colcon_core.package_identification:_identify(install) ignored
[1.869s] Level 1:colcon.colcon_core.package_identification:_identify(log) by extensions ['ignore', 'ignore_ament_install']
[1.869s] Level 1:colcon.colcon_core.package_identification:_identify(log) by extension 'ignore'
[1.869s] Level 1:colcon.colcon_core.package_identification:_identify(log) ignored
[1.870s] Level 1:colcon.colcon_core.package_identification:_identify(src) by extensions ['ignore', 'ignore_ament_install']
[1.870s] Level 1:colcon.colcon_core.package_identification:_identify(src) by extension 'ignore'
[1.870s] Level 1:colcon.colcon_core.package_identification:_identify(src) by extension 'ignore_ament_install'
[1.871s] Level 1:colcon.colcon_core.package_identification:_identify(src) by extensions ['colcon_pkg']
[1.871s] Level 1:colcon.colcon_core.package_identification:_identify(src) by extension 'colcon_pkg'
[1.871s] Level 1:colcon.colcon_core.package_identification:_identify(src) by extensions ['colcon_meta']
[1.871s] Level 1:colcon.colcon_core.package_identification:_identify(src) by extension 'colcon_meta'
[1.871s] Level 1:colcon.colcon_core.package_identification:_identify(src) by extensions ['ros']
[1.871s] Level 1:colcon.colcon_core.package_identification:_identify(src) by extension 'ros'
[1.871s] Level 1:colcon.colcon_core.package_identification:_identify(src) by extensions ['cmake', 'python']
[1.872s] Level 1:colcon.colcon_core.package_identification:_identify(src) by extension 'cmake'
[1.872s] Level 1:colcon.colcon_core.package_identification:_identify(src) by extension 'python'
[1.872s] Level 1:colcon.colcon_core.package_identification:_identify(src) by extensions ['python_setup_py']
[1.872s] Level 1:colcon.colcon_core.package_identification:_identify(src) by extension 'python_setup_py'
[1.872s] Level 1:colcon.colcon_core.package_identification:_identify(src/odom) by extensions ['ignore', 'ignore_ament_install']
[1.873s] Level 1:colcon.colcon_core.package_identification:_identify(src/odom) by extension 'ignore'
[1.873s] Level 1:colcon.colcon_core.package_identification:_identify(src/odom) by extension 'ignore_ament_install'
[1.874s] Level 1:colcon.colcon_core.package_identification:_identify(src/odom) by extensions ['colcon_pkg']
[1.874s] Level 1:colcon.colcon_core.package_identification:_identify(src/odom) by extension 'colcon_pkg'
[1.874s] Level 1:colcon.colcon_core.package_identification:_identify(src/odom) by extensions ['colcon_meta']
[1.874s] Level 1:colcon.colcon_core.package_identification:_identify(src/odom) by extension 'colcon_meta'
[1.875s] Level 1:colcon.colcon_core.package_identification:_identify(src/odom) by extensions ['ros']
[1.875s] Level 1:colcon.colcon_core.package_identification:_identify(src/odom) by extension 'ros'
[1.886s] DEBUG:colcon.colcon_core.package_identification:Package 'src/odom' with type 'ros.ament_cmake' and name 'odom'
[1.886s] Level 1:colcon.colcon_core.package_identification:_identify(src/turtlebot4_robot) by extensions ['ignore', 'ignore_ament_install']
[1.887s] Level 1:colcon.colcon_core.package_identification:_identify(src/turtlebot4_robot) by extension 'ignore'
[1.887s] Level 1:colcon.colcon_core.package_identification:_identify(src/turtlebot4_robot) by extension 'ignore_ament_install'
[1.888s] Level 1:colcon.colcon_core.package_identification:_identify(src/turtlebot4_robot) by extensions ['colcon_pkg']
[1.888s] Level 1:colcon.colcon_core.package_identification:_identify(src/turtlebot4_robot) by extension 'colcon_pkg'
[1.888s] Level 1:colcon.colcon_core.package_identification:_identify(src/turtlebot4_robot) by extensions ['colcon_meta']
[1.888s] Level 1:colcon.colcon_core.package_identification:_identify(src/turtlebot4_robot) by extension 'colcon_meta'
[1.888s] Level 1:colcon.colcon_core.package_identification:_identify(src/turtlebot4_robot) by extensions ['ros']
[1.888s] Level 1:colcon.colcon_core.package_identification:_identify(src/turtlebot4_robot) by extension 'ros'
[1.889s] Level 1:colcon.colcon_core.package_identification:_identify(src/turtlebot4_robot) by extensions ['cmake', 'python']
[1.889s] Level 1:colcon.colcon_core.package_identification:_identify(src/turtlebot4_robot) by extension 'cmake'
[1.889s] Level 1:colcon.colcon_core.package_identification:_identify(src/turtlebot4_robot) by extension 'python'
[1.890s] Level 1:colcon.colcon_core.package_identification:_identify(src/turtlebot4_robot) by extensions ['python_setup_py']
[1.890s] Level 1:colcon.colcon_core.package_identification:_identify(src/turtlebot4_robot) by extension 'python_setup_py'
[1.891s] Level 1:colcon.colcon_core.package_identification:_identify(src/turtlebot4_robot/turtlebot4_base) by extensions ['ignore', 'ignore_ament_install']
[1.891s] Level 1:colcon.colcon_core.package_identification:_identify(src/turtlebot4_robot/turtlebot4_base) by extension 'ignore'
[1.892s] Level 1:colcon.colcon_core.package_identification:_identify(src/turtlebot4_robot/turtlebot4_base) by extension 'ignore_ament_install'
[1.892s] Level 1:colcon.colcon_core.package_identification:_identify(src/turtlebot4_robot/turtlebot4_base) by extensions ['colcon_pkg']
[1.892s] Level 1:colcon.colcon_core.package_identification:_identify(src/turtlebot4_robot/turtlebot4_base) by extension 'colcon_pkg'
[1.893s] Level 1:colcon.colcon_core.package_identification:_identify(src/turtlebot4_robot/turtlebot4_base) by extensions ['colcon_meta']
[1.893s] Level 1:colcon.colcon_core.package_identification:_identify(src/turtlebot4_robot/turtlebot4_base) by extension 'colcon_meta'
[1.894s] Level 1:colcon.colcon_core.package_identification:_identify(src/turtlebot4_robot/turtlebot4_base) by extensions ['ros']
[1.894s] Level 1:colcon.colcon_core.package_identification:_identify(src/turtlebot4_robot/turtlebot4_base) by extension 'ros'
[1.899s] DEBUG:colcon.colcon_core.package_identification:Package 'src/turtlebot4_robot/turtlebot4_base' with type 'ros.ament_cmake' and name 'turtlebot4_base'
[1.899s] Level 1:colcon.colcon_core.package_identification:_identify(src/turtlebot4_robot/turtlebot4_bringup) by extensions ['ignore', 'ignore_ament_install']
[1.900s] Level 1:colcon.colcon_core.package_identification:_identify(src/turtlebot4_robot/turtlebot4_bringup) by extension 'ignore'
[1.900s] Level 1:colcon.colcon_core.package_identification:_identify(src/turtlebot4_robot/turtlebot4_bringup) by extension 'ignore_ament_install'
[1.900s] Level 1:colcon.colcon_core.package_identification:_identify(src/turtlebot4_robot/turtlebot4_bringup) by extensions ['colcon_pkg']
[1.900s] Level 1:colcon.colcon_core.package_identification:_identify(src/turtlebot4_robot/turtlebot4_bringup) by extension 'colcon_pkg'
[1.900s] Level 1:colcon.colcon_core.package_identification:_identify(src/turtlebot4_robot/turtlebot4_bringup) by extensions ['colcon_meta']
[1.901s] Level 1:colcon.colcon_core.package_identification:_identify(src/turtlebot4_robot/turtlebot4_bringup) by extension 'colcon_meta'
[1.901s] Level 1:colcon.colcon_core.package_identification:_identify(src/turtlebot4_robot/turtlebot4_bringup) by extensions ['ros']
[1.901s] Level 1:colcon.colcon_core.package_identification:_identify(src/turtlebot4_robot/turtlebot4_bringup) by extension 'ros'
[1.907s] DEBUG:colcon.colcon_core.package_identification:Package 'src/turtlebot4_robot/turtlebot4_bringup' with type 'ros.ament_cmake' and name 'turtlebot4_bringup'
[1.908s] Level 1:colcon.colcon_core.package_identification:_identify(src/turtlebot4_robot/turtlebot4_diagnostics) by extensions ['ignore', 'ignore_ament_install']
[1.908s] Level 1:colcon.colcon_core.package_identification:_identify(src/turtlebot4_robot/turtlebot4_diagnostics) by extension 'ignore'
[1.909s] Level 1:colcon.colcon_core.package_identification:_identify(src/turtlebot4_robot/turtlebot4_diagnostics) by extension 'ignore_ament_install'
[1.909s] Level 1:colcon.colcon_core.package_identification:_identify(src/turtlebot4_robot/turtlebot4_diagnostics) by extensions ['colcon_pkg']
[1.909s] Level 1:colcon.colcon_core.package_identification:_identify(src/turtlebot4_robot/turtlebot4_diagnostics) by extension 'colcon_pkg'
[1.910s] Level 1:colcon.colcon_core.package_identification:_identify(src/turtlebot4_robot/turtlebot4_diagnostics) by extensions ['colcon_meta']
[1.910s] Level 1:colcon.colcon_core.package_identification:_identify(src/turtlebot4_robot/turtlebot4_diagnostics) by extension 'colcon_meta'
[1.910s] Level 1:colcon.colcon_core.package_identification:_identify(src/turtlebot4_robot/turtlebot4_diagnostics) by extensions ['ros']
[1.910s] Level 1:colcon.colcon_core.package_identification:_identify(src/turtlebot4_robot/turtlebot4_diagnostics) by extension 'ros'
[1.915s] DEBUG:colcon.colcon_core.package_identification:Package 'src/turtlebot4_robot/turtlebot4_diagnostics' with type 'ros.ament_python' and name 'turtlebot4_diagnostics'
[1.916s] Level 1:colcon.colcon_core.package_identification:_identify(src/turtlebot4_robot/turtlebot4_robot) by extensions ['ignore', 'ignore_ament_install']
[1.916s] Level 1:colcon.colcon_core.package_identification:_identify(src/turtlebot4_robot/turtlebot4_robot) by extension 'ignore'
[1.916s] Level 1:colcon.colcon_core.package_identification:_identify(src/turtlebot4_robot/turtlebot4_robot) by extension 'ignore_ament_install'
[1.917s] Level 1:colcon.colcon_core.package_identification:_identify(src/turtlebot4_robot/turtlebot4_robot) by extensions ['colcon_pkg']
[1.917s] Level 1:colcon.colcon_core.package_identification:_identify(src/turtlebot4_robot/turtlebot4_robot) by extension 'colcon_pkg'
[1.917s] Level 1:colcon.colcon_core.package_identification:_identify(src/turtlebot4_robot/turtlebot4_robot) by extensions ['colcon_meta']
[1.917s] Level 1:colcon.colcon_core.package_identification:_identify(src/turtlebot4_robot/turtlebot4_robot) by extension 'colcon_meta'
[1.918s] Level 1:colcon.colcon_core.package_identification:_identify(src/turtlebot4_robot/turtlebot4_robot) by extensions ['ros']
[1.918s] Level 1:colcon.colcon_core.package_identification:_identify(src/turtlebot4_robot/turtlebot4_robot) by extension 'ros'
[1.920s] DEBUG:colcon.colcon_core.package_identification:Package 'src/turtlebot4_robot/turtlebot4_robot' with type 'ros.ament_cmake' and name 'turtlebot4_robot'
[1.921s] Level 1:colcon.colcon_core.package_identification:_identify(src/turtlebot4_robot/turtlebot4_tests) by extensions ['ignore', 'ignore_ament_install']
[1.922s] Level 1:colcon.colcon_core.package_identification:_identify(src/turtlebot4_robot/turtlebot4_tests) by extension 'ignore'
[1.922s] Level 1:colcon.colcon_core.package_identification:_identify(src/turtlebot4_robot/turtlebot4_tests) by extension 'ignore_ament_install'
[1.922s] Level 1:colcon.colcon_core.package_identification:_identify(src/turtlebot4_robot/turtlebot4_tests) by extensions ['colcon_pkg']
[1.923s] Level 1:colcon.colcon_core.package_identification:_identify(src/turtlebot4_robot/turtlebot4_tests) by extension 'colcon_pkg'
[1.923s] Level 1:colcon.colcon_core.package_identification:_identify(src/turtlebot4_robot/turtlebot4_tests) by extensions ['colcon_meta']
[1.923s] Level 1:colcon.colcon_core.package_identification:_identify(src/turtlebot4_robot/turtlebot4_tests) by extension 'colcon_meta'
[1.924s] Level 1:colcon.colcon_core.package_identification:_identify(src/turtlebot4_robot/turtlebot4_tests) by extensions ['ros']
[1.924s] Level 1:colcon.colcon_core.package_identification:_identify(src/turtlebot4_robot/turtlebot4_tests) by extension 'ros'
[1.928s] DEBUG:colcon.colcon_core.package_identification:Package 'src/turtlebot4_robot/turtlebot4_tests' with type 'ros.ament_python' and name 'turtlebot4_tests'
[1.929s] Level 1:colcon.colcon_core.package_identification:_identify(src/wheelvelo) by extensions ['ignore', 'ignore_ament_install']
[1.929s] Level 1:colcon.colcon_core.package_identification:_identify(src/wheelvelo) by extension 'ignore'
[1.929s] Level 1:colcon.colcon_core.package_identification:_identify(src/wheelvelo) by extension 'ignore_ament_install'
[1.930s] Level 1:colcon.colcon_core.package_identification:_identify(src/wheelvelo) by extensions ['colcon_pkg']
[1.930s] Level 1:colcon.colcon_core.package_identification:_identify(src/wheelvelo) by extension 'colcon_pkg'
[1.930s] Level 1:colcon.colcon_core.package_identification:_identify(src/wheelvelo) by extensions ['colcon_meta']
[1.930s] Level 1:colcon.colcon_core.package_identification:_identify(src/wheelvelo) by extension 'colcon_meta'
[1.930s] Level 1:colcon.colcon_core.package_identification:_identify(src/wheelvelo) by extensions ['ros']
[1.930s] Level 1:colcon.colcon_core.package_identification:_identify(src/wheelvelo) by extension 'ros'
[1.933s] DEBUG:colcon.colcon_core.package_identification:Package 'src/wheelvelo' with type 'ros.ament_python' and name 'wheelvelo'
[1.933s] Level 1:colcon.colcon_core.package_discovery:discover_packages(recursive) using defaults
[1.934s] Level 1:colcon.colcon_core.package_discovery:discover_packages(ignore) discover
[1.934s] Level 1:colcon.colcon_core.package_discovery:discover_packages(ignore) using defaults
[1.934s] Level 1:colcon.colcon_core.package_discovery:discover_packages(path) discover
[1.934s] Level 1:colcon.colcon_core.package_discovery:discover_packages(path) using defaults
[2.041s] INFO:colcon.colcon_core.package_selection:Skipping not selected package 'odom' in 'src/odom'
[2.041s] INFO:colcon.colcon_core.package_selection:Skipping not selected package 'turtlebot4_base' in 'src/turtlebot4_robot/turtlebot4_base'
[2.041s] INFO:colcon.colcon_core.package_selection:Skipping not selected package 'turtlebot4_diagnostics' in 'src/turtlebot4_robot/turtlebot4_diagnostics'
[2.041s] INFO:colcon.colcon_core.package_selection:Skipping not selected package 'turtlebot4_tests' in 'src/turtlebot4_robot/turtlebot4_tests'
[2.042s] INFO:colcon.colcon_core.package_selection:Skipping not selected package 'turtlebot4_bringup' in 'src/turtlebot4_robot/turtlebot4_bringup'
[2.042s] INFO:colcon.colcon_core.package_selection:Skipping not selected package 'turtlebot4_robot' in 'src/turtlebot4_robot/turtlebot4_robot'
[2.045s] Level 1:colcon.colcon_core.package_discovery:discover_packages(prefix_path) check parameters
[2.045s] Level 1:colcon.colcon_core.package_discovery:discover_packages(prefix_path) discover
[2.061s] DEBUG:colcon.colcon_installed_package_information.package_discovery:Found 7 installed packages in /home/ubuntu/turtlebot4_ws/install
[2.074s] DEBUG:colcon.colcon_installed_package_information.package_discovery:Found 323 installed packages in /opt/ros/humble
[2.083s] Level 1:colcon.colcon_core.package_discovery:discover_packages(prefix_path) using defaults
[2.395s] Level 5:colcon.colcon_core.verb:set package 'wheelvelo' build argument 'cmake_args' from command line to 'None'
[2.395s] Level 5:colcon.colcon_core.verb:set package 'wheelvelo' build argument 'cmake_target' from command line to 'None'
[2.395s] Level 5:colcon.colcon_core.verb:set package 'wheelvelo' build argument 'cmake_target_skip_unavailable' from command line to 'False'
[2.395s] Level 5:colcon.colcon_core.verb:set package 'wheelvelo' build argument 'cmake_clean_cache' from command line to 'False'
[2.395s] Level 5:colcon.colcon_core.verb:set package 'wheelvelo' build argument 'cmake_clean_first' from command line to 'False'
[2.395s] Level 5:colcon.colcon_core.verb:set package 'wheelvelo' build argument 'cmake_force_configure' from command line to 'False'
[2.395s] Level 5:colcon.colcon_core.verb:set package 'wheelvelo' build argument 'ament_cmake_args' from command line to 'None'
[2.396s] Level 5:colcon.colcon_core.verb:set package 'wheelvelo' build argument 'catkin_cmake_args' from command line to 'None'
[2.396s] Level 5:colcon.colcon_core.verb:set package 'wheelvelo' build argument 'catkin_skip_building_tests' from command line to 'False'
[2.396s] DEBUG:colcon.colcon_core.verb:Building package 'wheelvelo' with the following arguments: {'ament_cmake_args': None, 'build_base': '/home/ubuntu/turtlebot4_ws/build/wheelvelo', 'catkin_cmake_args': None, 'catkin_skip_building_tests': False, 'cmake_args': None, 'cmake_clean_cache': False, 'cmake_clean_first': False, 'cmake_force_configure': False, 'cmake_target': None, 'cmake_target_skip_unavailable': False, 'install_base': '/home/ubuntu/turtlebot4_ws/install/wheelvelo', 'merge_install': False, 'path': '/home/ubuntu/turtlebot4_ws/src/wheelvelo', 'symlink_install': True, 'test_result_base': None}
[2.399s] INFO:colcon.colcon_core.executor:Executing jobs using 'parallel' executor
[2.412s] DEBUG:colcon.colcon_parallel_executor.executor.parallel:run_until_complete
[2.413s] INFO:colcon.colcon_ros.task.ament_python.build:Building ROS package in '/home/ubuntu/turtlebot4_ws/src/wheelvelo' with build type 'ament_python'
[2.413s] Level 1:colcon.colcon_core.shell:create_environment_hook('wheelvelo', 'ament_prefix_path')
[2.438s] INFO:colcon.colcon_core.plugin_system:Skipping extension 'colcon_core.shell.bat': Not used on non-Windows systems
[2.439s] INFO:colcon.colcon_core.shell:Creating environment hook '/home/ubuntu/turtlebot4_ws/install/wheelvelo/share/wheelvelo/hook/ament_prefix_path.ps1'
[2.442s] INFO:colcon.colcon_core.shell:Creating environment descriptor '/home/ubuntu/turtlebot4_ws/install/wheelvelo/share/wheelvelo/hook/ament_prefix_path.dsv'
[2.444s] INFO:colcon.colcon_core.shell:Creating environment hook '/home/ubuntu/turtlebot4_ws/install/wheelvelo/share/wheelvelo/hook/ament_prefix_path.sh'
[2.453s] INFO:colcon.colcon_core.shell:Skip shell extension 'powershell' for command environment: Not usable outside of PowerShell
[2.453s] DEBUG:colcon.colcon_core.shell:Skip shell extension 'dsv' for command environment
[3.844s] INFO:colcon.colcon_core.task.python.build:Building Python package in '/home/ubuntu/turtlebot4_ws/src/wheelvelo'
[3.849s] INFO:colcon.colcon_core.shell:Skip shell extension 'powershell' for command environment: Not usable outside of PowerShell
[3.850s] DEBUG:colcon.colcon_core.shell:Skip shell extension 'dsv' for command environment
[5.658s] DEBUG:colcon.colcon_core.event_handler.log_command:Invoking command in '/home/ubuntu/turtlebot4_ws/build/wheelvelo': PYTHONPATH=/home/ubuntu/turtlebot4_ws/build/wheelvelo/prefix_override:/home/ubuntu/turtlebot4_ws/install/wheelvelo/lib/python3.10/site-packages:${PYTHONPATH} /usr/bin/python3 setup.py develop --editable --build-directory /home/ubuntu/turtlebot4_ws/build/wheelvelo/build --no-deps install_data
[8.096s] Level 1:colcon.colcon_core.shell:create_environment_hook('wheelvelo', 'pythonpath_develop')
[8.103s] INFO:colcon.colcon_core.shell:Creating environment hook '/home/ubuntu/turtlebot4_ws/build/wheelvelo/share/wheelvelo/hook/pythonpath_develop.ps1'
[8.104s] DEBUG:colcon.colcon_core.event_handler.log_command:Invoked command in '/home/ubuntu/turtlebot4_ws/build/wheelvelo' returned '0': PYTHONPATH=/home/ubuntu/turtlebot4_ws/build/wheelvelo/prefix_override:/home/ubuntu/turtlebot4_ws/install/wheelvelo/lib/python3.10/site-packages:${PYTHONPATH} /usr/bin/python3 setup.py develop --editable --build-directory /home/ubuntu/turtlebot4_ws/build/wheelvelo/build --no-deps install_data
[8.107s] INFO:colcon.colcon_core.shell:Creating environment descriptor '/home/ubuntu/turtlebot4_ws/build/wheelvelo/share/wheelvelo/hook/pythonpath_develop.dsv'
[8.109s] INFO:colcon.colcon_core.shell:Creating environment hook '/home/ubuntu/turtlebot4_ws/build/wheelvelo/share/wheelvelo/hook/pythonpath_develop.sh'
[8.135s] Level 1:colcon.colcon_core.environment:checking '/home/ubuntu/turtlebot4_ws/install/wheelvelo' for CMake module files
[8.138s] Level 1:colcon.colcon_core.environment:checking '/home/ubuntu/turtlebot4_ws/install/wheelvelo' for CMake config files
[8.141s] Level 1:colcon.colcon_core.environment:checking '/home/ubuntu/turtlebot4_ws/install/wheelvelo/lib'
[8.142s] Level 1:colcon.colcon_core.environment:checking '/home/ubuntu/turtlebot4_ws/install/wheelvelo/bin'
[8.142s] Level 1:colcon.colcon_core.environment:checking '/home/ubuntu/turtlebot4_ws/install/wheelvelo/lib/pkgconfig/wheelvelo.pc'
[8.143s] Level 1:colcon.colcon_core.environment:checking '/home/ubuntu/turtlebot4_ws/install/wheelvelo/lib/python3.10/site-packages'
[8.144s] Level 1:colcon.colcon_core.shell:create_environment_hook('wheelvelo', 'pythonpath')
[8.150s] INFO:colcon.colcon_core.shell:Creating environment hook '/home/ubuntu/turtlebot4_ws/install/wheelvelo/share/wheelvelo/hook/pythonpath.ps1'
[8.152s] INFO:colcon.colcon_core.shell:Creating environment descriptor '/home/ubuntu/turtlebot4_ws/install/wheelvelo/share/wheelvelo/hook/pythonpath.dsv'
[8.154s] INFO:colcon.colcon_core.shell:Creating environment hook '/home/ubuntu/turtlebot4_ws/install/wheelvelo/share/wheelvelo/hook/pythonpath.sh'
[8.157s] Level 1:colcon.colcon_core.environment:checking '/home/ubuntu/turtlebot4_ws/install/wheelvelo/bin'
[8.158s] Level 1:colcon.colcon_core.environment:create_environment_scripts_only(wheelvelo)
[8.164s] INFO:colcon.colcon_core.shell:Creating package script '/home/ubuntu/turtlebot4_ws/install/wheelvelo/share/wheelvelo/package.ps1'
[8.168s] INFO:colcon.colcon_core.shell:Creating package descriptor '/home/ubuntu/turtlebot4_ws/install/wheelvelo/share/wheelvelo/package.dsv'
[8.171s] INFO:colcon.colcon_core.shell:Creating package script '/home/ubuntu/turtlebot4_ws/install/wheelvelo/share/wheelvelo/package.sh'
[8.175s] INFO:colcon.colcon_core.shell:Creating package script '/home/ubuntu/turtlebot4_ws/install/wheelvelo/share/wheelvelo/package.bash'
[8.178s] INFO:colcon.colcon_core.shell:Creating package script '/home/ubuntu/turtlebot4_ws/install/wheelvelo/share/wheelvelo/package.zsh'
[8.182s] Level 1:colcon.colcon_core.environment:create_file_with_runtime_dependencies(/home/ubuntu/turtlebot4_ws/install/wheelvelo/share/colcon-core/packages/wheelvelo)
[8.184s] DEBUG:colcon.colcon_parallel_executor.executor.parallel:closing loop
[8.185s] DEBUG:colcon.colcon_parallel_executor.executor.parallel:loop closed
[8.186s] DEBUG:colcon.colcon_parallel_executor.executor.parallel:run_until_complete finished with '0'
[8.186s] DEBUG:colcon.colcon_core.event_reactor:joining thread
[8.217s] INFO:colcon.colcon_core.plugin_system:Skipping extension 'colcon_notification.desktop_notification.notify_send': Could not find 'notify-send'
[8.218s] INFO:colcon.colcon_core.plugin_system:Skipping extension 'colcon_notification.desktop_notification.terminal_notifier': Not used on non-Darwin systems
[8.218s] INFO:colcon.colcon_core.plugin_system:Skipping extension 'colcon_notification.desktop_notification.win32': Not used on non-Windows systems
[8.219s] INFO:colcon.colcon_notification.desktop_notification:Sending desktop notification using 'notify2'
[8.222s] DEBUG:colcon.colcon_notification.desktop_notification.notify2:Failed to initialize notify2: org.freedesktop.DBus.Error.ServiceUnknown: The name org.freedesktop.Notifications was not provided by any .service files
[8.222s] DEBUG:colcon.colcon_core.event_reactor:joined thread
[8.228s] INFO:colcon.colcon_core.shell:Creating prefix script '/home/ubuntu/turtlebot4_ws/install/local_setup.ps1'
[8.232s] INFO:colcon.colcon_core.shell:Creating prefix util module '/home/ubuntu/turtlebot4_ws/install/_local_setup_util_ps1.py'
[8.240s] INFO:colcon.colcon_core.shell:Creating prefix chain script '/home/ubuntu/turtlebot4_ws/install/setup.ps1'
[8.248s] INFO:colcon.colcon_core.shell:Creating prefix script '/home/ubuntu/turtlebot4_ws/install/local_setup.sh'
[8.251s] INFO:colcon.colcon_core.shell:Creating prefix util module '/home/ubuntu/turtlebot4_ws/install/_local_setup_util_sh.py'
[8.254s] INFO:colcon.colcon_core.shell:Creating prefix chain script '/home/ubuntu/turtlebot4_ws/install/setup.sh'
[8.263s] INFO:colcon.colcon_core.shell:Creating prefix script '/home/ubuntu/turtlebot4_ws/install/local_setup.bash'
[8.266s] INFO:colcon.colcon_core.shell:Creating prefix chain script '/home/ubuntu/turtlebot4_ws/install/setup.bash'
[8.274s] INFO:colcon.colcon_core.shell:Creating prefix script '/home/ubuntu/turtlebot4_ws/install/local_setup.zsh'
[8.276s] INFO:colcon.colcon_core.shell:Creating prefix chain script '/home/ubuntu/turtlebot4_ws/install/setup.zsh'
