[3.265s] Invoking command in '/home/ubuntu/turtlebot4_ws/build/wheelvelo': PYTHONPATH=/home/ubuntu/turtlebot4_ws/build/wheelvelo/prefix_override:/home/ubuntu/turtlebot4_ws/install/wheelvelo/lib/python3.10/site-packages:${PYTHONPATH} /usr/bin/python3 setup.py develop --editable --build-directory /home/ubuntu/turtlebot4_ws/build/wheelvelo/build --no-deps install_data
[4.714s] running develop
[4.715s] /usr/lib/python3/dist-packages/setuptools/command/easy_install.py:158: EasyInstallDeprecationWarning: easy_install command is deprecated. Use build and pip and other standards-based tools.
[4.716s]   warnings.warn(
[4.722s] /usr/lib/python3/dist-packages/setuptools/command/install.py:34: SetuptoolsDeprecationWarning: setup.py install is deprecated. Use build and pip and other standards-based tools.
[4.722s]   warnings.warn(
[5.085s] /usr/lib/python3/dist-packages/pkg_resources/__init__.py:116: PkgResourcesDeprecationWarning: 1.16.0-unknown is an invalid version and will not be supported in a future release
[5.085s]   warnings.warn(
[5.086s] /usr/lib/python3/dist-packages/pkg_resources/__init__.py:116: PkgResourcesDeprecationWarning: 1.1build1 is an invalid version and will not be supported in a future release
[5.086s]   warnings.warn(
[5.087s] /usr/lib/python3/dist-packages/pkg_resources/__init__.py:116: PkgResourcesDeprecationWarning: 0.1.43ubuntu1 is an invalid version and will not be supported in a future release
[5.088s]   warnings.warn(
[5.731s] running egg_info
[5.731s] writing wheelvelo.egg-info/PKG-INFO
[5.733s] writing dependency_links to wheelvelo.egg-info/dependency_links.txt
[5.734s] writing entry points to wheelvelo.egg-info/entry_points.txt
[5.736s] writing requirements to wheelvelo.egg-info/requires.txt
[5.737s] writing top-level names to wheelvelo.egg-info/top_level.txt
[5.746s] reading manifest file 'wheelvelo.egg-info/SOURCES.txt'
[5.751s] writing manifest file 'wheelvelo.egg-info/SOURCES.txt'
[5.758s] running build_ext
[5.759s] Creating /home/ubuntu/turtlebot4_ws/install/wheelvelo/lib/python3.10/site-packages/wheelvelo.egg-link (link to .)
[5.763s] Installing wheelvelo script to /home/ubuntu/turtlebot4_ws/install/wheelvelo/lib/wheelvelo
[5.765s] 
[5.766s] Installed /home/ubuntu/turtlebot4_ws/build/wheelvelo
[5.767s] running install_data
[5.940s] Invoked command in '/home/ubuntu/turtlebot4_ws/build/wheelvelo' returned '0': PYTHONPATH=/home/ubuntu/turtlebot4_ws/build/wheelvelo/prefix_override:/home/ubuntu/turtlebot4_ws/install/wheelvelo/lib/python3.10/site-packages:${PYTHONPATH} /usr/bin/python3 setup.py develop --editable --build-directory /home/ubuntu/turtlebot4_ws/build/wheelvelo/build --no-deps install_data
