[3.519s] Invoking command in '/home/ubuntu/turtlebot4_ws/build/wheelvelo': PYTHONPATH=/home/ubuntu/turtlebot4_ws/build/wheelvelo/prefix_override:/home/ubuntu/turtlebot4_ws/install/wheelvelo/lib/python3.10/site-packages:${PYTHONPATH} /usr/bin/python3 setup.py develop --editable --build-directory /home/ubuntu/turtlebot4_ws/build/wheelvelo/build --no-deps install_data
[4.951s] running develop
[4.953s] /usr/lib/python3/dist-packages/setuptools/command/easy_install.py:158: EasyInstallDeprecationWarning: easy_install command is deprecated. Use build and pip and other standards-based tools.
[4.954s]   warnings.warn(
[4.960s] /usr/lib/python3/dist-packages/setuptools/command/install.py:34: SetuptoolsDeprecationWarning: setup.py install is deprecated. Use build and pip and other standards-based tools.
[4.960s]   warnings.warn(
[5.315s] /usr/lib/python3/dist-packages/pkg_resources/__init__.py:116: PkgResourcesDeprecationWarning: 1.16.0-unknown is an invalid version and will not be supported in a future release
[5.316s]   warnings.warn(
[5.316s] /usr/lib/python3/dist-packages/pkg_resources/__init__.py:116: PkgResourcesDeprecationWarning: 1.1build1 is an invalid version and will not be supported in a future release
[5.317s]   warnings.warn(
[5.318s] /usr/lib/python3/dist-packages/pkg_resources/__init__.py:116: PkgResourcesDeprecationWarning: 0.1.43ubuntu1 is an invalid version and will not be supported in a future release
[5.318s]   warnings.warn(
[5.970s] running egg_info
[5.971s] writing wheelvelo.egg-info/PKG-INFO
[5.972s] writing dependency_links to wheelvelo.egg-info/dependency_links.txt
[5.973s] writing entry points to wheelvelo.egg-info/entry_points.txt
[5.975s] writing requirements to wheelvelo.egg-info/requires.txt
[5.975s] writing top-level names to wheelvelo.egg-info/top_level.txt
[5.984s] reading manifest file 'wheelvelo.egg-info/SOURCES.txt'
[5.987s] writing manifest file 'wheelvelo.egg-info/SOURCES.txt'
[5.994s] running build_ext
[5.995s] Creating /home/ubuntu/turtlebot4_ws/install/wheelvelo/lib/python3.10/site-packages/wheelvelo.egg-link (link to .)
[5.999s] Installing wheelvelo script to /home/ubuntu/turtlebot4_ws/install/wheelvelo/lib/wheelvelo
[6.002s] 
[6.003s] Installed /home/ubuntu/turtlebot4_ws/build/wheelvelo
[6.003s] running install_data
[6.182s] Invoked command in '/home/ubuntu/turtlebot4_ws/build/wheelvelo' returned '0': PYTHONPATH=/home/ubuntu/turtlebot4_ws/build/wheelvelo/prefix_override:/home/ubuntu/turtlebot4_ws/install/wheelvelo/lib/python3.10/site-packages:${PYTHONPATH} /usr/bin/python3 setup.py develop --editable --build-directory /home/ubuntu/turtlebot4_ws/build/wheelvelo/build --no-deps install_data
