running develop
running egg_info
creating wheelvelo.egg-info
writing wheelvelo.egg-info/PKG-INFO
writing dependency_links to wheelvelo.egg-info/dependency_links.txt
writing entry points to wheelvelo.egg-info/entry_points.txt
writing requirements to wheelvelo.egg-info/requires.txt
writing top-level names to wheelvelo.egg-info/top_level.txt
writing manifest file 'wheelvelo.egg-info/SOURCES.txt'
reading manifest file 'wheelvelo.egg-info/SOURCES.txt'
writing manifest file 'wheelvelo.egg-info/SOURCES.txt'
running build_ext
Creating /home/ubuntu/turtlebot4_ws/install/wheelvelo/lib/python3.10/site-packages/wheelvelo.egg-link (link to .)
Installing wheelvelo script to /home/ubuntu/turtlebot4_ws/install/wheelvelo/lib/wheelvelo

Installed /home/ubuntu/turtlebot4_ws/build/wheelvelo
running install_data
creating /home/ubuntu/turtlebot4_ws/install/wheelvelo/share/ament_index
creating /home/ubuntu/turtlebot4_ws/install/wheelvelo/share/ament_index/resource_index
creating /home/ubuntu/turtlebot4_ws/install/wheelvelo/share/ament_index/resource_index/packages
copying resource/wheelvelo -> /home/ubuntu/turtlebot4_ws/install/wheelvelo/share/ament_index/resource_index/packages
copying package.xml -> /home/ubuntu/turtlebot4_ws/install/wheelvelo/share/wheelvelo
