[3.238s] Invoking command in '/home/ubuntu/turtlebot4_ws/build/wheelvelo': PYTHONPATH=/home/ubuntu/turtlebot4_ws/build/wheelvelo/prefix_override:/home/ubuntu/turtlebot4_ws/install/wheelvelo/lib/python3.10/site-packages:${PYTHONPATH} /usr/bin/python3 setup.py develop --editable --build-directory /home/ubuntu/turtlebot4_ws/build/wheelvelo/build --no-deps install_data
[4.576s] running develop
[4.578s] /usr/lib/python3/dist-packages/setuptools/command/easy_install.py:158: EasyInstallDeprecationWarning: easy_install command is deprecated. Use build and pip and other standards-based tools.
[4.578s]   warnings.warn(
[4.584s] /usr/lib/python3/dist-packages/setuptools/command/install.py:34: SetuptoolsDeprecationWarning: setup.py install is deprecated. Use build and pip and other standards-based tools.
[4.584s]   warnings.warn(
[4.906s] /usr/lib/python3/dist-packages/pkg_resources/__init__.py:116: PkgResourcesDeprecationWarning: 1.16.0-unknown is an invalid version and will not be supported in a future release
[4.906s]   warnings.warn(
[4.907s] /usr/lib/python3/dist-packages/pkg_resources/__init__.py:116: PkgResourcesDeprecationWarning: 1.1build1 is an invalid version and will not be supported in a future release
[4.907s]   warnings.warn(
[4.908s] /usr/lib/python3/dist-packages/pkg_resources/__init__.py:116: PkgResourcesDeprecationWarning: 0.1.43ubuntu1 is an invalid version and will not be supported in a future release
[4.909s]   warnings.warn(
[5.493s] running egg_info
[5.493s] writing wheelvelo.egg-info/PKG-INFO
[5.495s] writing dependency_links to wheelvelo.egg-info/dependency_links.txt
[5.495s] writing entry points to wheelvelo.egg-info/entry_points.txt
[5.496s] writing requirements to wheelvelo.egg-info/requires.txt
[5.497s] writing top-level names to wheelvelo.egg-info/top_level.txt
[5.505s] reading manifest file 'wheelvelo.egg-info/SOURCES.txt'
[5.509s] writing manifest file 'wheelvelo.egg-info/SOURCES.txt'
[5.515s] running build_ext
[5.516s] Creating /home/ubuntu/turtlebot4_ws/install/wheelvelo/lib/python3.10/site-packages/wheelvelo.egg-link (link to .)
[5.522s] Installing wheelvelo script to /home/ubuntu/turtlebot4_ws/install/wheelvelo/lib/wheelvelo
[5.523s] 
[5.523s] Installed /home/ubuntu/turtlebot4_ws/build/wheelvelo
[5.525s] running install_data
[5.684s] Invoked command in '/home/ubuntu/turtlebot4_ws/build/wheelvelo' returned '0': PYTHONPATH=/home/ubuntu/turtlebot4_ws/build/wheelvelo/prefix_override:/home/ubuntu/turtlebot4_ws/install/wheelvelo/lib/python3.10/site-packages:${PYTHONPATH} /usr/bin/python3 setup.py develop --editable --build-directory /home/ubuntu/turtlebot4_ws/build/wheelvelo/build --no-deps install_data
