[0.107s] Invoking command in '/home/ubuntu/turtlebot4_ws/build/turtlebot4_bringup': AMENT_PREFIX_PATH=/home/ubuntu/turtlebot4_ws/install/turtlebot4_diagnostics:${AMENT_PREFIX_PATH} CMAKE_PREFIX_PATH=/opt/ros/humble PYTHONPATH=/home/ubuntu/turtlebot4_ws/build/turtlebot4_diagnostics:/home/ubuntu/turtlebot4_ws/install/turtlebot4_diagnostics/lib/python3.10/site-packages:${PYTHONPATH} /usr/bin/cmake --build /home/ubuntu/turtlebot4_ws/build/turtlebot4_bringup -- -j4 -l4
[0.314s] Invoked command in '/home/ubuntu/turtlebot4_ws/build/turtlebot4_bringup' returned '0': AMENT_PREFIX_PATH=/home/ubuntu/turtlebot4_ws/install/turtlebot4_diagnostics:${AMENT_PREFIX_PATH} CMAKE_PREFIX_PATH=/opt/ros/humble PYTHONPATH=/home/ubuntu/turtlebot4_ws/build/turtlebot4_diagnostics:/home/ubuntu/turtlebot4_ws/install/turtlebot4_diagnostics/lib/python3.10/site-packages:${PYTHONPATH} /usr/bin/cmake --build /home/ubuntu/turtlebot4_ws/build/turtlebot4_bringup -- -j4 -l4
[0.435s] Invoking command in '/home/ubuntu/turtlebot4_ws/build/turtlebot4_bringup': AMENT_PREFIX_PATH=/home/ubuntu/turtlebot4_ws/install/turtlebot4_diagnostics:${AMENT_PREFIX_PATH} CMAKE_PREFIX_PATH=/opt/ros/humble PYTHONPATH=/home/ubuntu/turtlebot4_ws/build/turtlebot4_diagnostics:/home/ubuntu/turtlebot4_ws/install/turtlebot4_diagnostics/lib/python3.10/site-packages:${PYTHONPATH} /usr/bin/cmake --install /home/ubuntu/turtlebot4_ws/build/turtlebot4_bringup
[0.464s] -- Install configuration: ""
[0.466s] -- Execute custom install script
[0.470s] -- Up-to-date symlink: /home/ubuntu/turtlebot4_ws/install/turtlebot4_bringup/share/turtlebot4_bringup/launch/joy_teleop.launch.py
[0.472s] -- Up-to-date symlink: /home/ubuntu/turtlebot4_ws/install/turtlebot4_bringup/share/turtlebot4_bringup/launch/lite.launch.py
[0.473s] -- Up-to-date symlink: /home/ubuntu/turtlebot4_ws/install/turtlebot4_bringup/share/turtlebot4_bringup/launch/oakd.launch.py
[0.474s] -- Up-to-date symlink: /home/ubuntu/turtlebot4_ws/install/turtlebot4_bringup/share/turtlebot4_bringup/launch/oakd_example.launch.py
[0.476s] -- Up-to-date symlink: /home/ubuntu/turtlebot4_ws/install/turtlebot4_bringup/share/turtlebot4_bringup/launch/robot.launch.py
[0.477s] -- Up-to-date symlink: /home/ubuntu/turtlebot4_ws/install/turtlebot4_bringup/share/turtlebot4_bringup/launch/rplidar.launch.py
[0.478s] -- Up-to-date symlink: /home/ubuntu/turtlebot4_ws/install/turtlebot4_bringup/share/turtlebot4_bringup/launch/standard.launch.py
[0.481s] -- Up-to-date symlink: /home/ubuntu/turtlebot4_ws/install/turtlebot4_bringup/share/turtlebot4_bringup/config/oakd_lite.yaml
[0.483s] -- Up-to-date symlink: /home/ubuntu/turtlebot4_ws/install/turtlebot4_bringup/share/turtlebot4_bringup/config/oakd_pro.yaml
[0.484s] -- Up-to-date symlink: /home/ubuntu/turtlebot4_ws/install/turtlebot4_bringup/share/turtlebot4_bringup/config/turtlebot4.yaml
[0.486s] -- Up-to-date symlink: /home/ubuntu/turtlebot4_ws/install/turtlebot4_bringup/share/turtlebot4_bringup/config/turtlebot4_controller.config.yaml
[0.489s] -- Up-to-date symlink: /home/ubuntu/turtlebot4_ws/install/turtlebot4_bringup/share/ament_index/resource_index/package_run_dependencies/turtlebot4_bringup
[0.492s] -- Up-to-date symlink: /home/ubuntu/turtlebot4_ws/install/turtlebot4_bringup/share/ament_index/resource_index/parent_prefix_path/turtlebot4_bringup
[0.494s] -- Up-to-date symlink: /home/ubuntu/turtlebot4_ws/install/turtlebot4_bringup/share/turtlebot4_bringup/environment/ament_prefix_path.sh
[0.496s] -- Up-to-date symlink: /home/ubuntu/turtlebot4_ws/install/turtlebot4_bringup/share/turtlebot4_bringup/environment/ament_prefix_path.dsv
[0.497s] -- Up-to-date symlink: /home/ubuntu/turtlebot4_ws/install/turtlebot4_bringup/share/turtlebot4_bringup/environment/path.sh
[0.499s] -- Up-to-date symlink: /home/ubuntu/turtlebot4_ws/install/turtlebot4_bringup/share/turtlebot4_bringup/environment/path.dsv
[0.501s] -- Up-to-date symlink: /home/ubuntu/turtlebot4_ws/install/turtlebot4_bringup/share/turtlebot4_bringup/local_setup.bash
[0.503s] -- Up-to-date symlink: /home/ubuntu/turtlebot4_ws/install/turtlebot4_bringup/share/turtlebot4_bringup/local_setup.sh
[0.505s] -- Up-to-date symlink: /home/ubuntu/turtlebot4_ws/install/turtlebot4_bringup/share/turtlebot4_bringup/local_setup.zsh
[0.506s] -- Up-to-date symlink: /home/ubuntu/turtlebot4_ws/install/turtlebot4_bringup/share/turtlebot4_bringup/local_setup.dsv
[0.507s] -- Symlinking: /home/ubuntu/turtlebot4_ws/install/turtlebot4_bringup/share/turtlebot4_bringup/package.dsv
[0.540s] -- Up-to-date symlink: /home/ubuntu/turtlebot4_ws/install/turtlebot4_bringup/share/ament_index/resource_index/packages/turtlebot4_bringup
[0.542s] -- Up-to-date symlink: /home/ubuntu/turtlebot4_ws/install/turtlebot4_bringup/share/turtlebot4_bringup/cmake/turtlebot4_bringupConfig.cmake
[0.543s] -- Up-to-date symlink: /home/ubuntu/turtlebot4_ws/install/turtlebot4_bringup/share/turtlebot4_bringup/cmake/turtlebot4_bringupConfig-version.cmake
[0.545s] -- Up-to-date symlink: /home/ubuntu/turtlebot4_ws/install/turtlebot4_bringup/share/turtlebot4_bringup/package.xml
[0.561s] Invoked command in '/home/ubuntu/turtlebot4_ws/build/turtlebot4_bringup' returned '0': AMENT_PREFIX_PATH=/home/ubuntu/turtlebot4_ws/install/turtlebot4_diagnostics:${AMENT_PREFIX_PATH} CMAKE_PREFIX_PATH=/opt/ros/humble PYTHONPATH=/home/ubuntu/turtlebot4_ws/build/turtlebot4_diagnostics:/home/ubuntu/turtlebot4_ws/install/turtlebot4_diagnostics/lib/python3.10/site-packages:${PYTHONPATH} /usr/bin/cmake --install /home/ubuntu/turtlebot4_ws/build/turtlebot4_bringup
