[4.949s] Invoking command in '/home/ubuntu/turtlebot4_ws/build/turtlebot4_diagnostics': PYTHONPATH=/home/ubuntu/turtlebot4_ws/build/turtlebot4_diagnostics/prefix_override:/home/ubuntu/turtlebot4_ws/install/turtlebot4_diagnostics/lib/python3.10/site-packages:${PYTHONPATH} /usr/bin/python3 setup.py develop --editable --build-directory /home/ubuntu/turtlebot4_ws/build/turtlebot4_diagnostics/build --no-deps install_data
[6.213s] running develop
[6.214s] /usr/lib/python3/dist-packages/setuptools/command/easy_install.py:158: EasyInstallDeprecationWarning: easy_install command is deprecated. Use build and pip and other standards-based tools.
[6.215s]   warnings.warn(
[6.222s] /usr/lib/python3/dist-packages/setuptools/command/install.py:34: SetuptoolsDeprecationWarning: setup.py install is deprecated. Use build and pip and other standards-based tools.
[6.223s]   warnings.warn(
[6.532s] /usr/lib/python3/dist-packages/pkg_resources/__init__.py:116: PkgResourcesDeprecationWarning: 1.16.0-unknown is an invalid version and will not be supported in a future release
[6.541s]   warnings.warn(
[6.543s] /usr/lib/python3/dist-packages/pkg_resources/__init__.py:116: PkgResourcesDeprecationWarning: 1.1build1 is an invalid version and will not be supported in a future release
[6.543s]   warnings.warn(
[6.547s] /usr/lib/python3/dist-packages/pkg_resources/__init__.py:116: PkgResourcesDeprecationWarning: 0.1.43ubuntu1 is an invalid version and will not be supported in a future release
[6.547s]   warnings.warn(
[7.093s] running egg_info
[7.096s] writing turtlebot4_diagnostics.egg-info/PKG-INFO
[7.097s] writing dependency_links to turtlebot4_diagnostics.egg-info/dependency_links.txt
[7.099s] writing entry points to turtlebot4_diagnostics.egg-info/entry_points.txt
[7.103s] writing requirements to turtlebot4_diagnostics.egg-info/requires.txt
[7.105s] writing top-level names to turtlebot4_diagnostics.egg-info/top_level.txt
[7.110s] reading manifest file 'turtlebot4_diagnostics.egg-info/SOURCES.txt'
[7.113s] writing manifest file 'turtlebot4_diagnostics.egg-info/SOURCES.txt'
[7.120s] running build_ext
[7.121s] Creating /home/ubuntu/turtlebot4_ws/install/turtlebot4_diagnostics/lib/python3.10/site-packages/turtlebot4-diagnostics.egg-link (link to .)
[7.125s] Installing diagnostics_updater script to /home/ubuntu/turtlebot4_ws/install/turtlebot4_diagnostics/lib/turtlebot4_diagnostics
[7.127s] 
[7.127s] Installed /home/ubuntu/turtlebot4_ws/build/turtlebot4_diagnostics
[7.128s] running install_data
[7.351s] Invoked command in '/home/ubuntu/turtlebot4_ws/build/turtlebot4_diagnostics' returned '0': PYTHONPATH=/home/ubuntu/turtlebot4_ws/build/turtlebot4_diagnostics/prefix_override:/home/ubuntu/turtlebot4_ws/install/turtlebot4_diagnostics/lib/python3.10/site-packages:${PYTHONPATH} /usr/bin/python3 setup.py develop --editable --build-directory /home/ubuntu/turtlebot4_ws/build/turtlebot4_diagnostics/build --no-deps install_data
