[0.113s] Invoking command in '/home/ubuntu/turtlebot4_ws/build/turtlebot4_bringup': AMENT_PREFIX_PATH=/home/ubuntu/turtlebot4_ws/install/turtlebot4_diagnostics:${AMENT_PREFIX_PATH} CMAKE_PREFIX_PATH=/opt/ros/humble PYTHONPATH=/home/ubuntu/turtlebot4_ws/build/turtlebot4_diagnostics:/home/ubuntu/turtlebot4_ws/install/turtlebot4_diagnostics/lib/python3.10/site-packages:${PYTHONPATH} /usr/bin/cmake /home/ubuntu/turtlebot4_ws/src/turtlebot4_robot/turtlebot4_bringup -DAMENT_CMAKE_SYMLINK_INSTALL=1 -DCMAKE_INSTALL_PREFIX=/home/ubuntu/turtlebot4_ws/install/turtlebot4_bringup
[0.448s] -- The C compiler identification is GNU 11.3.0
[0.727s] -- The CXX compiler identification is GNU 11.3.0
[0.758s] -- Detecting C compiler ABI info
[1.117s] -- Detecting C compiler ABI info - done
[1.145s] -- Check for working C compiler: /usr/bin/cc - skipped
[1.146s] -- Detecting C compile features
[1.148s] -- Detecting C compile features - done
[1.168s] -- Detecting CXX compiler ABI info
[1.556s] -- Detecting CXX compiler ABI info - done
[1.582s] -- Check for working CXX compiler: /usr/bin/c++ - skipped
[1.583s] -- Detecting CXX compile features
[1.585s] -- Detecting CXX compile features - done
[1.613s] -- Found ament_cmake: 1.3.3 (/opt/ros/humble/share/ament_cmake/cmake)
[2.645s] -- Found Python3: /usr/bin/python3.10 (found version "3.10.6") found components: Interpreter 
[2.983s] -- Override CMake install command with custom implementation using symlinks instead of copying resources
[3.337s] -- Found turtlebot4_node: 1.0.1 (/opt/ros/humble/share/turtlebot4_node/cmake)
[3.369s] -- Found turtlebot4_description: 1.0.1 (/opt/ros/humble/share/turtlebot4_description/cmake)
[3.393s] -- Found depthai_ros_msgs: 2.6.4 (/opt/ros/humble/share/depthai_ros_msgs/cmake)
[3.730s] -- Found rosidl_generator_c: 3.1.4 (/opt/ros/humble/share/rosidl_generator_c/cmake)
[3.783s] -- Found rosidl_adapter: 3.1.4 (/opt/ros/humble/share/rosidl_adapter/cmake)
[3.858s] -- Found rosidl_generator_cpp: 3.1.4 (/opt/ros/humble/share/rosidl_generator_cpp/cmake)
[3.950s] -- Using all available rosidl_typesupport_c: rosidl_typesupport_fastrtps_c;rosidl_typesupport_introspection_c
[4.090s] -- Using all available rosidl_typesupport_cpp: rosidl_typesupport_fastrtps_cpp;rosidl_typesupport_introspection_cpp
[5.471s] -- Found depthai_bridge: 2.6.4 (/opt/ros/humble/share/depthai_bridge/cmake)
[5.962s] -- Found rmw_implementation_cmake: 6.1.1 (/opt/ros/humble/share/rmw_implementation_cmake/cmake)
[5.994s] -- Found rmw_fastrtps_cpp: 6.2.2 (/opt/ros/humble/share/rmw_fastrtps_cpp/cmake)
[6.608s] -- Found OpenSSL: /usr/lib/aarch64-linux-gnu/libcrypto.so (found version "3.0.2")  
[6.832s] -- Found FastRTPS: /opt/ros/humble/include  
[7.212s] -- Using RMW implementation 'rmw_fastrtps_cpp' as default
[7.300s] -- Looking for pthread.h
[7.653s] -- Looking for pthread.h - found
[7.657s] -- Performing Test CMAKE_HAVE_LIBC_PTHREAD
[8.003s] -- Performing Test CMAKE_HAVE_LIBC_PTHREAD - Success
[8.007s] -- Found Threads: TRUE  
[10.666s] -- Found depthai_examples: 2.6.4 (/opt/ros/humble/share/depthai_examples/cmake)
[10.692s] -- Found rplidar_ros: 2.1.0 (/opt/ros/humble/share/rplidar_ros/cmake)
[11.231s] -- Found joy_linux: 3.1.0 (/opt/ros/humble/share/joy_linux/cmake)
[11.258s] -- Found teleop_twist_joy: 2.4.3 (/opt/ros/humble/share/teleop_twist_joy/cmake)
[11.297s] -- Found tf2_ros: 0.25.2 (/opt/ros/humble/share/tf2_ros/cmake)
[12.692s] -- Found ament_lint_auto: 0.12.5 (/opt/ros/humble/share/ament_lint_auto/cmake)
[13.330s] -- Added test 'copyright' to check source files copyright and LICENSE
[13.360s] -- Added test 'flake8' to check Python code syntax and style conventions
[13.365s] -- Added test 'lint_cmake' to check CMake code style
[13.370s] -- Added test 'pep257' to check Python code against some of the docstring style conventions in PEP 257
[13.384s] -- Added test 'xmllint' to check XML markup files
[13.393s] -- Configuring done
[13.460s] -- Generating done
[13.471s] -- Build files have been written to: /home/ubuntu/turtlebot4_ws/build/turtlebot4_bringup
[13.533s] Invoked command in '/home/ubuntu/turtlebot4_ws/build/turtlebot4_bringup' returned '0': AMENT_PREFIX_PATH=/home/ubuntu/turtlebot4_ws/install/turtlebot4_diagnostics:${AMENT_PREFIX_PATH} CMAKE_PREFIX_PATH=/opt/ros/humble PYTHONPATH=/home/ubuntu/turtlebot4_ws/build/turtlebot4_diagnostics:/home/ubuntu/turtlebot4_ws/install/turtlebot4_diagnostics/lib/python3.10/site-packages:${PYTHONPATH} /usr/bin/cmake /home/ubuntu/turtlebot4_ws/src/turtlebot4_robot/turtlebot4_bringup -DAMENT_CMAKE_SYMLINK_INSTALL=1 -DCMAKE_INSTALL_PREFIX=/home/ubuntu/turtlebot4_ws/install/turtlebot4_bringup
[13.542s] Invoking command in '/home/ubuntu/turtlebot4_ws/build/turtlebot4_bringup': AMENT_PREFIX_PATH=/home/ubuntu/turtlebot4_ws/install/turtlebot4_diagnostics:${AMENT_PREFIX_PATH} CMAKE_PREFIX_PATH=/opt/ros/humble PYTHONPATH=/home/ubuntu/turtlebot4_ws/build/turtlebot4_diagnostics:/home/ubuntu/turtlebot4_ws/install/turtlebot4_diagnostics/lib/python3.10/site-packages:${PYTHONPATH} /usr/bin/cmake --build /home/ubuntu/turtlebot4_ws/build/turtlebot4_bringup -- -j4 -l4
[13.748s] Invoked command in '/home/ubuntu/turtlebot4_ws/build/turtlebot4_bringup' returned '0': AMENT_PREFIX_PATH=/home/ubuntu/turtlebot4_ws/install/turtlebot4_diagnostics:${AMENT_PREFIX_PATH} CMAKE_PREFIX_PATH=/opt/ros/humble PYTHONPATH=/home/ubuntu/turtlebot4_ws/build/turtlebot4_diagnostics:/home/ubuntu/turtlebot4_ws/install/turtlebot4_diagnostics/lib/python3.10/site-packages:${PYTHONPATH} /usr/bin/cmake --build /home/ubuntu/turtlebot4_ws/build/turtlebot4_bringup -- -j4 -l4
[13.916s] Invoking command in '/home/ubuntu/turtlebot4_ws/build/turtlebot4_bringup': AMENT_PREFIX_PATH=/home/ubuntu/turtlebot4_ws/install/turtlebot4_diagnostics:${AMENT_PREFIX_PATH} CMAKE_PREFIX_PATH=/opt/ros/humble PYTHONPATH=/home/ubuntu/turtlebot4_ws/build/turtlebot4_diagnostics:/home/ubuntu/turtlebot4_ws/install/turtlebot4_diagnostics/lib/python3.10/site-packages:${PYTHONPATH} /usr/bin/cmake --install /home/ubuntu/turtlebot4_ws/build/turtlebot4_bringup
[13.961s] -- Install configuration: ""
[13.964s] -- Execute custom install script
[13.970s] -- Symlinking: /home/ubuntu/turtlebot4_ws/install/turtlebot4_bringup/share/turtlebot4_bringup/launch/joy_teleop.launch.py
[14.011s] -- Symlinking: /home/ubuntu/turtlebot4_ws/install/turtlebot4_bringup/share/turtlebot4_bringup/launch/lite.launch.py
[14.047s] -- Symlinking: /home/ubuntu/turtlebot4_ws/install/turtlebot4_bringup/share/turtlebot4_bringup/launch/oakd.launch.py
[14.087s] -- Symlinking: /home/ubuntu/turtlebot4_ws/install/turtlebot4_bringup/share/turtlebot4_bringup/launch/oakd_example.launch.py
[14.123s] -- Symlinking: /home/ubuntu/turtlebot4_ws/install/turtlebot4_bringup/share/turtlebot4_bringup/launch/robot.launch.py
[14.165s] -- Symlinking: /home/ubuntu/turtlebot4_ws/install/turtlebot4_bringup/share/turtlebot4_bringup/launch/rplidar.launch.py
[14.199s] -- Symlinking: /home/ubuntu/turtlebot4_ws/install/turtlebot4_bringup/share/turtlebot4_bringup/launch/standard.launch.py
[14.241s] -- Symlinking: /home/ubuntu/turtlebot4_ws/install/turtlebot4_bringup/share/turtlebot4_bringup/config/oakd_lite.yaml
[14.306s] -- Symlinking: /home/ubuntu/turtlebot4_ws/install/turtlebot4_bringup/share/turtlebot4_bringup/config/oakd_pro.yaml
[14.350s] -- Symlinking: /home/ubuntu/turtlebot4_ws/install/turtlebot4_bringup/share/turtlebot4_bringup/config/turtlebot4.yaml
[14.395s] -- Symlinking: /home/ubuntu/turtlebot4_ws/install/turtlebot4_bringup/share/turtlebot4_bringup/config/turtlebot4_controller.config.yaml
[14.446s] -- Symlinking: /home/ubuntu/turtlebot4_ws/install/turtlebot4_bringup/share/ament_index/resource_index/package_run_dependencies/turtlebot4_bringup
[14.484s] -- Symlinking: /home/ubuntu/turtlebot4_ws/install/turtlebot4_bringup/share/ament_index/resource_index/parent_prefix_path/turtlebot4_bringup
[14.524s] -- Symlinking: /home/ubuntu/turtlebot4_ws/install/turtlebot4_bringup/share/turtlebot4_bringup/environment/ament_prefix_path.sh
[14.561s] -- Symlinking: /home/ubuntu/turtlebot4_ws/install/turtlebot4_bringup/share/turtlebot4_bringup/environment/ament_prefix_path.dsv
[14.599s] -- Symlinking: /home/ubuntu/turtlebot4_ws/install/turtlebot4_bringup/share/turtlebot4_bringup/environment/path.sh
[14.650s] -- Symlinking: /home/ubuntu/turtlebot4_ws/install/turtlebot4_bringup/share/turtlebot4_bringup/environment/path.dsv
[14.687s] -- Symlinking: /home/ubuntu/turtlebot4_ws/install/turtlebot4_bringup/share/turtlebot4_bringup/local_setup.bash
[14.726s] -- Symlinking: /home/ubuntu/turtlebot4_ws/install/turtlebot4_bringup/share/turtlebot4_bringup/local_setup.sh
[14.761s] -- Symlinking: /home/ubuntu/turtlebot4_ws/install/turtlebot4_bringup/share/turtlebot4_bringup/local_setup.zsh
[14.803s] -- Symlinking: /home/ubuntu/turtlebot4_ws/install/turtlebot4_bringup/share/turtlebot4_bringup/local_setup.dsv
[14.866s] -- Symlinking: /home/ubuntu/turtlebot4_ws/install/turtlebot4_bringup/share/turtlebot4_bringup/package.dsv
[14.909s] -- Symlinking: /home/ubuntu/turtlebot4_ws/install/turtlebot4_bringup/share/ament_index/resource_index/packages/turtlebot4_bringup
[14.947s] -- Symlinking: /home/ubuntu/turtlebot4_ws/install/turtlebot4_bringup/share/turtlebot4_bringup/cmake/turtlebot4_bringupConfig.cmake
[14.989s] -- Symlinking: /home/ubuntu/turtlebot4_ws/install/turtlebot4_bringup/share/turtlebot4_bringup/cmake/turtlebot4_bringupConfig-version.cmake
[15.028s] -- Symlinking: /home/ubuntu/turtlebot4_ws/install/turtlebot4_bringup/share/turtlebot4_bringup/package.xml
[15.083s] Invoked command in '/home/ubuntu/turtlebot4_ws/build/turtlebot4_bringup' returned '0': AMENT_PREFIX_PATH=/home/ubuntu/turtlebot4_ws/install/turtlebot4_diagnostics:${AMENT_PREFIX_PATH} CMAKE_PREFIX_PATH=/opt/ros/humble PYTHONPATH=/home/ubuntu/turtlebot4_ws/build/turtlebot4_diagnostics:/home/ubuntu/turtlebot4_ws/install/turtlebot4_diagnostics/lib/python3.10/site-packages:${PYTHONPATH} /usr/bin/cmake --install /home/ubuntu/turtlebot4_ws/build/turtlebot4_bringup
