[3.619s] Invoking command in '/home/ubuntu/turtlebot4_ws/build/wheelvelo': PYTHONPATH=/home/ubuntu/turtlebot4_ws/build/wheelvelo/prefix_override:/home/ubuntu/turtlebot4_ws/install/wheelvelo/lib/python3.10/site-packages:${PYTHONPATH} /usr/bin/python3 setup.py develop --editable --build-directory /home/ubuntu/turtlebot4_ws/build/wheelvelo/build --no-deps install_data
[5.085s] running develop
[5.089s] /usr/lib/python3/dist-packages/setuptools/command/easy_install.py:158: EasyInstallDeprecationWarning: easy_install command is deprecated. Use build and pip and other standards-based tools.
[5.090s]   warnings.warn(
[5.097s] /usr/lib/python3/dist-packages/setuptools/command/install.py:34: SetuptoolsDeprecationWarning: setup.py install is deprecated. Use build and pip and other standards-based tools.
[5.098s]   warnings.warn(
[5.456s] /usr/lib/python3/dist-packages/pkg_resources/__init__.py:116: PkgResourcesDeprecationWarning: 1.16.0-unknown is an invalid version and will not be supported in a future release
[5.457s]   warnings.warn(
[5.460s] /usr/lib/python3/dist-packages/pkg_resources/__init__.py:116: PkgResourcesDeprecationWarning: 1.1build1 is an invalid version and will not be supported in a future release
[5.461s]   warnings.warn(
[5.467s] /usr/lib/python3/dist-packages/pkg_resources/__init__.py:116: PkgResourcesDeprecationWarning: 0.1.43ubuntu1 is an invalid version and will not be supported in a future release
[5.468s]   warnings.warn(
[6.124s] running egg_info
[6.126s] writing wheelvelo.egg-info/PKG-INFO
[6.128s] writing dependency_links to wheelvelo.egg-info/dependency_links.txt
[6.130s] writing entry points to wheelvelo.egg-info/entry_points.txt
[6.132s] writing requirements to wheelvelo.egg-info/requires.txt
[6.134s] writing top-level names to wheelvelo.egg-info/top_level.txt
[6.144s] reading manifest file 'wheelvelo.egg-info/SOURCES.txt'
[6.149s] writing manifest file 'wheelvelo.egg-info/SOURCES.txt'
[6.156s] running build_ext
[6.158s] Creating /home/ubuntu/turtlebot4_ws/install/wheelvelo/lib/python3.10/site-packages/wheelvelo.egg-link (link to .)
[6.164s] Installing wheelvelo script to /home/ubuntu/turtlebot4_ws/install/wheelvelo/lib/wheelvelo
[6.167s] 
[6.168s] Installed /home/ubuntu/turtlebot4_ws/build/wheelvelo
[6.170s] running install_data
[6.341s] Invoked command in '/home/ubuntu/turtlebot4_ws/build/wheelvelo' returned '0': PYTHONPATH=/home/ubuntu/turtlebot4_ws/build/wheelvelo/prefix_override:/home/ubuntu/turtlebot4_ws/install/wheelvelo/lib/python3.10/site-packages:${PYTHONPATH} /usr/bin/python3 setup.py develop --editable --build-directory /home/ubuntu/turtlebot4_ws/build/wheelvelo/build --no-deps install_data
