running develop
running egg_info
creating turtlebot4_diagnostics.egg-info
writing turtlebot4_diagnostics.egg-info/PKG-INFO
writing dependency_links to turtlebot4_diagnostics.egg-info/dependency_links.txt
writing entry points to turtlebot4_diagnostics.egg-info/entry_points.txt
writing requirements to turtlebot4_diagnostics.egg-info/requires.txt
writing top-level names to turtlebot4_diagnostics.egg-info/top_level.txt
writing manifest file 'turtlebot4_diagnostics.egg-info/SOURCES.txt'
reading manifest file 'turtlebot4_diagnostics.egg-info/SOURCES.txt'
writing manifest file 'turtlebot4_diagnostics.egg-info/SOURCES.txt'
running build_ext
Creating /home/ubuntu/turtlebot4_ws/install/turtlebot4_diagnostics/lib/python3.10/site-packages/turtlebot4-diagnostics.egg-link (link to .)
Installing diagnostics_updater script to /home/ubuntu/turtlebot4_ws/install/turtlebot4_diagnostics/lib/turtlebot4_diagnostics

Installed /home/ubuntu/turtlebot4_ws/build/turtlebot4_diagnostics
running install_data
creating /home/ubuntu/turtlebot4_ws/install/turtlebot4_diagnostics/share/ament_index
creating /home/ubuntu/turtlebot4_ws/install/turtlebot4_diagnostics/share/ament_index/resource_index
creating /home/ubuntu/turtlebot4_ws/install/turtlebot4_diagnostics/share/ament_index/resource_index/packages
copying resource/turtlebot4_diagnostics -> /home/ubuntu/turtlebot4_ws/install/turtlebot4_diagnostics/share/ament_index/resource_index/packages
copying package.xml -> /home/ubuntu/turtlebot4_ws/install/turtlebot4_diagnostics/share/turtlebot4_diagnostics
creating /home/ubuntu/turtlebot4_ws/install/turtlebot4_diagnostics/share/turtlebot4_diagnostics/launch
copying launch/diagnostics.launch.py -> /home/ubuntu/turtlebot4_ws/install/turtlebot4_diagnostics/share/turtlebot4_diagnostics/launch
creating /home/ubuntu/turtlebot4_ws/install/turtlebot4_diagnostics/share/turtlebot4_diagnostics/config
copying config/diagnostics.yaml -> /home/ubuntu/turtlebot4_ws/install/turtlebot4_diagnostics/share/turtlebot4_diagnostics/config
