-- The C compiler identification is GNU 11.3.0
-- The CXX compiler identification is GNU 11.3.0
-- Detecting C compiler ABI info
-- Detecting C compiler ABI info - done
-- Check for working C compiler: /usr/bin/cc - skipped
-- Detecting C compile features
-- Detecting C compile features - done
-- Detecting CXX compiler ABI info
-- Detecting CXX compiler ABI info - done
-- Check for working CXX compiler: /usr/bin/c++ - skipped
-- Detecting CXX compile features
-- Detecting CXX compile features - done
-- Found ament_cmake: 1.3.3 (/opt/ros/humble/share/ament_cmake/cmake)
-- Found Python3: /usr/bin/python3.10 (found version "3.10.6") found components: Interpreter 
-- Override CMake install command with custom implementation using symlinks instead of copying resources
-- Found irobot_create_msgs: 2.1.0 (/opt/ros/humble/share/irobot_create_msgs/cmake)
-- Found rosidl_generator_c: 3.1.4 (/opt/ros/humble/share/rosidl_generator_c/cmake)
-- Found rosidl_adapter: 3.1.4 (/opt/ros/humble/share/rosidl_adapter/cmake)
-- Found rosidl_generator_cpp: 3.1.4 (/opt/ros/humble/share/rosidl_generator_cpp/cmake)
-- Using all available rosidl_typesupport_c: rosidl_typesupport_fastrtps_c;rosidl_typesupport_introspection_c
-- Using all available rosidl_typesupport_cpp: rosidl_typesupport_fastrtps_cpp;rosidl_typesupport_introspection_cpp
-- Found rclcpp: 16.0.3 (/opt/ros/humble/share/rclcpp/cmake)
-- Found rmw_implementation_cmake: 6.1.1 (/opt/ros/humble/share/rmw_implementation_cmake/cmake)
-- Found rmw_fastrtps_cpp: 6.2.2 (/opt/ros/humble/share/rmw_fastrtps_cpp/cmake)
-- Found OpenSSL: /usr/lib/aarch64-linux-gnu/libcrypto.so (found version "3.0.2")  
-- Found FastRTPS: /opt/ros/humble/include  
-- Using RMW implementation 'rmw_fastrtps_cpp' as default
-- Looking for pthread.h
-- Looking for pthread.h - found
-- Performing Test CMAKE_HAVE_LIBC_PTHREAD
-- Performing Test CMAKE_HAVE_LIBC_PTHREAD - Success
-- Found Threads: TRUE  
-- Found rclcpp_action: 16.0.3 (/opt/ros/humble/share/rclcpp_action/cmake)
-- Found sensor_msgs: 4.2.3 (/opt/ros/humble/share/sensor_msgs/cmake)
-- Found turtlebot4_msgs: 1.0.1 (/opt/ros/humble/share/turtlebot4_msgs/cmake)
-- Found turtlebot4_node: 1.0.1 (/opt/ros/humble/share/turtlebot4_node/cmake)
-- Found ament_lint_auto: 0.12.5 (/opt/ros/humble/share/ament_lint_auto/cmake)
-- Added test 'cppcheck' to perform static code analysis on C / C++ code
-- Configured cppcheck include dirs: /home/ubuntu/turtlebot4_ws/src/turtlebot4_robot/turtlebot4_base/include
-- Configured cppcheck exclude dirs and/or files: 
-- Added test 'cpplint' to check C / C++ code against the Google style
-- Configured cpplint exclude dirs and/or files: 
-- Added test 'lint_cmake' to check CMake code style
-- Added test 'uncrustify' to check C / C++ code style
-- Configured uncrustify additional arguments: 
-- Added test 'xmllint' to check XML markup files
-- Configuring done
-- Generating done
-- Build files have been written to: /home/ubuntu/turtlebot4_ws/build/turtlebot4_base
[  8%] [32mBuilding CXX object CMakeFiles/turtlebot4_base_lib.dir/src/main.cpp.o[0m
[ 16%] [32mBuilding CXX object CMakeFiles/turtlebot4_base_lib.dir/src/ssd1306.cpp.o[0m
[ 25%] [32mBuilding CXX object CMakeFiles/turtlebot4_base_lib.dir/src/display.cpp.o[0m
[ 33%] [32mBuilding CXX object CMakeFiles/turtlebot4_base_lib.dir/src/ssd1306_fonts.cpp.o[0m
[ 41%] [32mBuilding CXX object CMakeFiles/turtlebot4_base_lib.dir/src/turtlebot4.cpp.o[0m
[ 50%] [32mBuilding CXX object CMakeFiles/turtlebot4_base_lib.dir/src/buttons.cpp.o[0m
[ 58%] [32mBuilding CXX object CMakeFiles/turtlebot4_base_lib.dir/src/gpio_interface.cpp.o[0m
[ 66%] [32mBuilding CXX object CMakeFiles/turtlebot4_base_lib.dir/src/i2c_interface.cpp.o[0m
[ 75%] [32mBuilding CXX object CMakeFiles/turtlebot4_base_lib.dir/src/leds.cpp.o[0m
[ 83%] [32m[1mLinking CXX static library libturtlebot4_base_lib.a[0m
[ 83%] Built target turtlebot4_base_lib
[ 91%] [32mBuilding CXX object CMakeFiles/turtlebot4_base_node.dir/src/main.cpp.o[0m
[100%] [32m[1mLinking CXX executable turtlebot4_base_node[0m
[100%] Built target turtlebot4_base_node
-- Install configuration: ""
-- Execute custom install script
-- Symlinking: /home/ubuntu/turtlebot4_ws/install/turtlebot4_base/lib/turtlebot4_base/turtlebot4_base_node
-- Symlinking: /home/ubuntu/turtlebot4_ws/install/turtlebot4_base/share/ament_index/resource_index/package_run_dependencies/turtlebot4_base
-- Symlinking: /home/ubuntu/turtlebot4_ws/install/turtlebot4_base/share/ament_index/resource_index/parent_prefix_path/turtlebot4_base
-- Symlinking: /home/ubuntu/turtlebot4_ws/install/turtlebot4_base/share/turtlebot4_base/environment/ament_prefix_path.sh
-- Symlinking: /home/ubuntu/turtlebot4_ws/install/turtlebot4_base/share/turtlebot4_base/environment/ament_prefix_path.dsv
-- Symlinking: /home/ubuntu/turtlebot4_ws/install/turtlebot4_base/share/turtlebot4_base/environment/path.sh
-- Symlinking: /home/ubuntu/turtlebot4_ws/install/turtlebot4_base/share/turtlebot4_base/environment/path.dsv
-- Symlinking: /home/ubuntu/turtlebot4_ws/install/turtlebot4_base/share/turtlebot4_base/local_setup.bash
-- Symlinking: /home/ubuntu/turtlebot4_ws/install/turtlebot4_base/share/turtlebot4_base/local_setup.sh
-- Symlinking: /home/ubuntu/turtlebot4_ws/install/turtlebot4_base/share/turtlebot4_base/local_setup.zsh
-- Symlinking: /home/ubuntu/turtlebot4_ws/install/turtlebot4_base/share/turtlebot4_base/local_setup.dsv
-- Symlinking: /home/ubuntu/turtlebot4_ws/install/turtlebot4_base/share/turtlebot4_base/package.dsv
-- Symlinking: /home/ubuntu/turtlebot4_ws/install/turtlebot4_base/share/ament_index/resource_index/packages/turtlebot4_base
-- Symlinking: /home/ubuntu/turtlebot4_ws/install/turtlebot4_base/share/turtlebot4_base/cmake/ament_cmake_export_include_directories-extras.cmake
-- Symlinking: /home/ubuntu/turtlebot4_ws/install/turtlebot4_base/share/turtlebot4_base/cmake/turtlebot4_baseConfig.cmake
-- Symlinking: /home/ubuntu/turtlebot4_ws/install/turtlebot4_base/share/turtlebot4_base/cmake/turtlebot4_baseConfig-version.cmake
-- Symlinking: /home/ubuntu/turtlebot4_ws/install/turtlebot4_base/share/turtlebot4_base/package.xml
