[1.329s] Invoking command in '/home/ubuntu/turtlebot4_ws/build/turtlebot4_base': CMAKE_PREFIX_PATH=/opt/ros/humble /usr/bin/cmake /home/ubuntu/turtlebot4_ws/src/turtlebot4_robot/turtlebot4_base -DAMENT_CMAKE_SYMLINK_INSTALL=1 -DCMAKE_INSTALL_PREFIX=/home/ubuntu/turtlebot4_ws/install/turtlebot4_base
[2.357s] -- The C compiler identification is GNU 11.3.0
[3.223s] -- The CXX compiler identification is GNU 11.3.0
[3.307s] -- Detecting C compiler ABI info
[3.840s] -- Detecting C compiler ABI info - done
[3.887s] -- Check for working C compiler: /usr/bin/cc - skipped
[3.891s] -- Detecting C compile features
[3.894s] -- Detecting C compile features - done
[3.916s] -- Detecting CXX compiler ABI info
[4.480s] -- Detecting CXX compiler ABI info - done
[4.513s] -- Check for working CXX compiler: /usr/bin/c++ - skipped
[4.516s] -- Detecting CXX compile features
[4.519s] -- Detecting CXX compile features - done
[4.593s] -- Found ament_cmake: 1.3.3 (/opt/ros/humble/share/ament_cmake/cmake)
[6.082s] -- Found Python3: /usr/bin/python3.10 (found version "3.10.6") found components: Interpreter 
[6.580s] -- Override CMake install command with custom implementation using symlinks instead of copying resources
[7.071s] -- Found irobot_create_msgs: 2.1.0 (/opt/ros/humble/share/irobot_create_msgs/cmake)
[7.693s] -- Found rosidl_generator_c: 3.1.4 (/opt/ros/humble/share/rosidl_generator_c/cmake)
[7.774s] -- Found rosidl_adapter: 3.1.4 (/opt/ros/humble/share/rosidl_adapter/cmake)
[7.879s] -- Found rosidl_generator_cpp: 3.1.4 (/opt/ros/humble/share/rosidl_generator_cpp/cmake)
[8.031s] -- Using all available rosidl_typesupport_c: rosidl_typesupport_fastrtps_c;rosidl_typesupport_introspection_c
[8.277s] -- Using all available rosidl_typesupport_cpp: rosidl_typesupport_fastrtps_cpp;rosidl_typesupport_introspection_cpp
[10.324s] -- Found rclcpp: 16.0.3 (/opt/ros/humble/share/rclcpp/cmake)
[10.820s] -- Found rmw_implementation_cmake: 6.1.1 (/opt/ros/humble/share/rmw_implementation_cmake/cmake)
[10.900s] -- Found rmw_fastrtps_cpp: 6.2.2 (/opt/ros/humble/share/rmw_fastrtps_cpp/cmake)
[11.663s] -- Found OpenSSL: /usr/lib/aarch64-linux-gnu/libcrypto.so (found version "3.0.2")  
[11.905s] -- Found FastRTPS: /opt/ros/humble/include  
[12.296s] -- Using RMW implementation 'rmw_fastrtps_cpp' as default
[12.394s] -- Looking for pthread.h
[12.775s] -- Looking for pthread.h - found
[12.776s] -- Performing Test CMAKE_HAVE_LIBC_PTHREAD
[13.146s] -- Performing Test CMAKE_HAVE_LIBC_PTHREAD - Success
[13.152s] -- Found Threads: TRUE  
[13.805s] -- Found rclcpp_action: 16.0.3 (/opt/ros/humble/share/rclcpp_action/cmake)
[13.975s] -- Found sensor_msgs: 4.2.3 (/opt/ros/humble/share/sensor_msgs/cmake)
[14.376s] -- Found turtlebot4_msgs: 1.0.1 (/opt/ros/humble/share/turtlebot4_msgs/cmake)
[14.475s] -- Found turtlebot4_node: 1.0.1 (/opt/ros/humble/share/turtlebot4_node/cmake)
[14.548s] -- Found ament_lint_auto: 0.12.5 (/opt/ros/humble/share/ament_lint_auto/cmake)
[15.153s] -- Added test 'cppcheck' to perform static code analysis on C / C++ code
[15.157s] -- Configured cppcheck include dirs: /home/ubuntu/turtlebot4_ws/src/turtlebot4_robot/turtlebot4_base/include
[15.157s] -- Configured cppcheck exclude dirs and/or files: 
[15.178s] -- Added test 'cpplint' to check C / C++ code against the Google style
[15.178s] -- Configured cpplint exclude dirs and/or files: 
[15.185s] -- Added test 'lint_cmake' to check CMake code style
[15.204s] -- Added test 'uncrustify' to check C / C++ code style
[15.206s] -- Configured uncrustify additional arguments: 
[15.208s] -- Added test 'xmllint' to check XML markup files
[15.223s] -- Configuring done
[15.326s] -- Generating done
[15.335s] -- Build files have been written to: /home/ubuntu/turtlebot4_ws/build/turtlebot4_base
[15.385s] Invoked command in '/home/ubuntu/turtlebot4_ws/build/turtlebot4_base' returned '0': CMAKE_PREFIX_PATH=/opt/ros/humble /usr/bin/cmake /home/ubuntu/turtlebot4_ws/src/turtlebot4_robot/turtlebot4_base -DAMENT_CMAKE_SYMLINK_INSTALL=1 -DCMAKE_INSTALL_PREFIX=/home/ubuntu/turtlebot4_ws/install/turtlebot4_base
[15.398s] Invoking command in '/home/ubuntu/turtlebot4_ws/build/turtlebot4_base': CMAKE_PREFIX_PATH=/opt/ros/humble /usr/bin/cmake --build /home/ubuntu/turtlebot4_ws/build/turtlebot4_base -- -j4 -l4
[15.618s] [  8%] [32mBuilding CXX object CMakeFiles/turtlebot4_base_lib.dir/src/main.cpp.o[0m
[29.679s] [ 16%] [32mBuilding CXX object CMakeFiles/turtlebot4_base_lib.dir/src/ssd1306.cpp.o[0m
[31.747s] [ 25%] [32mBuilding CXX object CMakeFiles/turtlebot4_base_lib.dir/src/display.cpp.o[0m
[34.139s] [ 33%] [32mBuilding CXX object CMakeFiles/turtlebot4_base_lib.dir/src/ssd1306_fonts.cpp.o[0m
[34.342s] [ 41%] [32mBuilding CXX object CMakeFiles/turtlebot4_base_lib.dir/src/turtlebot4.cpp.o[0m
[76.551s] [ 50%] [32mBuilding CXX object CMakeFiles/turtlebot4_base_lib.dir/src/buttons.cpp.o[0m
[94.821s] [ 58%] [32mBuilding CXX object CMakeFiles/turtlebot4_base_lib.dir/src/gpio_interface.cpp.o[0m
[94.825s] [ 66%] [32mBuilding CXX object CMakeFiles/turtlebot4_base_lib.dir/src/i2c_interface.cpp.o[0m
[94.830s] [ 75%] [32mBuilding CXX object CMakeFiles/turtlebot4_base_lib.dir/src/leds.cpp.o[0m
[134.722s] [ 83%] [32m[1mLinking CXX static library libturtlebot4_base_lib.a[0m
[137.039s] [ 83%] Built target turtlebot4_base_lib
[137.125s] [ 91%] [32mBuilding CXX object CMakeFiles/turtlebot4_base_node.dir/src/main.cpp.o[0m
[157.637s] [100%] [32m[1mLinking CXX executable turtlebot4_base_node[0m
[161.494s] [100%] Built target turtlebot4_base_node
[161.544s] Invoked command in '/home/ubuntu/turtlebot4_ws/build/turtlebot4_base' returned '0': CMAKE_PREFIX_PATH=/opt/ros/humble /usr/bin/cmake --build /home/ubuntu/turtlebot4_ws/build/turtlebot4_base -- -j4 -l4
[161.804s] Invoking command in '/home/ubuntu/turtlebot4_ws/build/turtlebot4_base': CMAKE_PREFIX_PATH=/opt/ros/humble /usr/bin/cmake --install /home/ubuntu/turtlebot4_ws/build/turtlebot4_base
[161.836s] -- Install configuration: ""
[161.839s] -- Execute custom install script
[161.842s] -- Symlinking: /home/ubuntu/turtlebot4_ws/install/turtlebot4_base/lib/turtlebot4_base/turtlebot4_base_node
[161.879s] -- Symlinking: /home/ubuntu/turtlebot4_ws/install/turtlebot4_base/share/ament_index/resource_index/package_run_dependencies/turtlebot4_base
[161.915s] -- Symlinking: /home/ubuntu/turtlebot4_ws/install/turtlebot4_base/share/ament_index/resource_index/parent_prefix_path/turtlebot4_base
[161.951s] -- Symlinking: /home/ubuntu/turtlebot4_ws/install/turtlebot4_base/share/turtlebot4_base/environment/ament_prefix_path.sh
[161.985s] -- Symlinking: /home/ubuntu/turtlebot4_ws/install/turtlebot4_base/share/turtlebot4_base/environment/ament_prefix_path.dsv
[162.017s] -- Symlinking: /home/ubuntu/turtlebot4_ws/install/turtlebot4_base/share/turtlebot4_base/environment/path.sh
[162.051s] -- Symlinking: /home/ubuntu/turtlebot4_ws/install/turtlebot4_base/share/turtlebot4_base/environment/path.dsv
[162.086s] -- Symlinking: /home/ubuntu/turtlebot4_ws/install/turtlebot4_base/share/turtlebot4_base/local_setup.bash
[162.121s] -- Symlinking: /home/ubuntu/turtlebot4_ws/install/turtlebot4_base/share/turtlebot4_base/local_setup.sh
[162.156s] -- Symlinking: /home/ubuntu/turtlebot4_ws/install/turtlebot4_base/share/turtlebot4_base/local_setup.zsh
[162.192s] -- Symlinking: /home/ubuntu/turtlebot4_ws/install/turtlebot4_base/share/turtlebot4_base/local_setup.dsv
[162.239s] -- Symlinking: /home/ubuntu/turtlebot4_ws/install/turtlebot4_base/share/turtlebot4_base/package.dsv
[162.277s] -- Symlinking: /home/ubuntu/turtlebot4_ws/install/turtlebot4_base/share/ament_index/resource_index/packages/turtlebot4_base
[162.310s] -- Symlinking: /home/ubuntu/turtlebot4_ws/install/turtlebot4_base/share/turtlebot4_base/cmake/ament_cmake_export_include_directories-extras.cmake
[162.344s] -- Symlinking: /home/ubuntu/turtlebot4_ws/install/turtlebot4_base/share/turtlebot4_base/cmake/turtlebot4_baseConfig.cmake
[162.380s] -- Symlinking: /home/ubuntu/turtlebot4_ws/install/turtlebot4_base/share/turtlebot4_base/cmake/turtlebot4_baseConfig-version.cmake
[162.415s] -- Symlinking: /home/ubuntu/turtlebot4_ws/install/turtlebot4_base/share/turtlebot4_base/package.xml
[162.467s] Invoked command in '/home/ubuntu/turtlebot4_ws/build/turtlebot4_base' returned '0': CMAKE_PREFIX_PATH=/opt/ros/humble /usr/bin/cmake --install /home/ubuntu/turtlebot4_ws/build/turtlebot4_base
