[0.059s] Invoking command in '/home/ubuntu/turtlebot4_ws/build/turtlebot4_robot': AMENT_PREFIX_PATH=/home/ubuntu/turtlebot4_ws/install/turtlebot4_bringup:/home/ubuntu/turtlebot4_ws/install/turtlebot4_tests:/home/ubuntu/turtlebot4_ws/install/turtlebot4_diagnostics:/home/ubuntu/turtlebot4_ws/install/turtlebot4_base:${AMENT_PREFIX_PATH} CMAKE_PREFIX_PATH=/home/ubuntu/turtlebot4_ws/install/turtlebot4_bringup:/home/ubuntu/turtlebot4_ws/install/turtlebot4_base:/opt/ros/humble PYTHONPATH=/home/ubuntu/turtlebot4_ws/build/turtlebot4_tests:/home/ubuntu/turtlebot4_ws/install/turtlebot4_tests/lib/python3.10/site-packages:/home/ubuntu/turtlebot4_ws/build/turtlebot4_diagnostics:/home/ubuntu/turtlebot4_ws/install/turtlebot4_diagnostics/lib/python3.10/site-packages:${PYTHONPATH} /usr/bin/cmake --build /home/ubuntu/turtlebot4_ws/build/turtlebot4_robot -- -j4 -l4
[0.215s] Invoked command in '/home/ubuntu/turtlebot4_ws/build/turtlebot4_robot' returned '0': AMENT_PREFIX_PATH=/home/ubuntu/turtlebot4_ws/install/turtlebot4_bringup:/home/ubuntu/turtlebot4_ws/install/turtlebot4_tests:/home/ubuntu/turtlebot4_ws/install/turtlebot4_diagnostics:/home/ubuntu/turtlebot4_ws/install/turtlebot4_base:${AMENT_PREFIX_PATH} CMAKE_PREFIX_PATH=/home/ubuntu/turtlebot4_ws/install/turtlebot4_bringup:/home/ubuntu/turtlebot4_ws/install/turtlebot4_base:/opt/ros/humble PYTHONPATH=/home/ubuntu/turtlebot4_ws/build/turtlebot4_tests:/home/ubuntu/turtlebot4_ws/install/turtlebot4_tests/lib/python3.10/site-packages:/home/ubuntu/turtlebot4_ws/build/turtlebot4_diagnostics:/home/ubuntu/turtlebot4_ws/install/turtlebot4_diagnostics/lib/python3.10/site-packages:${PYTHONPATH} /usr/bin/cmake --build /home/ubuntu/turtlebot4_ws/build/turtlebot4_robot -- -j4 -l4
[0.334s] Invoking command in '/home/ubuntu/turtlebot4_ws/build/turtlebot4_robot': AMENT_PREFIX_PATH=/home/ubuntu/turtlebot4_ws/install/turtlebot4_bringup:/home/ubuntu/turtlebot4_ws/install/turtlebot4_tests:/home/ubuntu/turtlebot4_ws/install/turtlebot4_diagnostics:/home/ubuntu/turtlebot4_ws/install/turtlebot4_base:${AMENT_PREFIX_PATH} CMAKE_PREFIX_PATH=/home/ubuntu/turtlebot4_ws/install/turtlebot4_bringup:/home/ubuntu/turtlebot4_ws/install/turtlebot4_base:/opt/ros/humble PYTHONPATH=/home/ubuntu/turtlebot4_ws/build/turtlebot4_tests:/home/ubuntu/turtlebot4_ws/install/turtlebot4_tests/lib/python3.10/site-packages:/home/ubuntu/turtlebot4_ws/build/turtlebot4_diagnostics:/home/ubuntu/turtlebot4_ws/install/turtlebot4_diagnostics/lib/python3.10/site-packages:${PYTHONPATH} /usr/bin/cmake --install /home/ubuntu/turtlebot4_ws/build/turtlebot4_robot
[0.362s] -- Install configuration: ""
[0.364s] -- Execute custom install script
[0.368s] -- Up-to-date symlink: /home/ubuntu/turtlebot4_ws/install/turtlebot4_robot/share/ament_index/resource_index/package_run_dependencies/turtlebot4_robot
[0.371s] -- Up-to-date symlink: /home/ubuntu/turtlebot4_ws/install/turtlebot4_robot/share/ament_index/resource_index/parent_prefix_path/turtlebot4_robot
[0.373s] -- Up-to-date symlink: /home/ubuntu/turtlebot4_ws/install/turtlebot4_robot/share/turtlebot4_robot/environment/ament_prefix_path.sh
[0.375s] -- Up-to-date symlink: /home/ubuntu/turtlebot4_ws/install/turtlebot4_robot/share/turtlebot4_robot/environment/ament_prefix_path.dsv
[0.377s] -- Up-to-date symlink: /home/ubuntu/turtlebot4_ws/install/turtlebot4_robot/share/turtlebot4_robot/environment/path.sh
[0.378s] -- Up-to-date symlink: /home/ubuntu/turtlebot4_ws/install/turtlebot4_robot/share/turtlebot4_robot/environment/path.dsv
[0.380s] -- Up-to-date symlink: /home/ubuntu/turtlebot4_ws/install/turtlebot4_robot/share/turtlebot4_robot/local_setup.bash
[0.381s] -- Up-to-date symlink: /home/ubuntu/turtlebot4_ws/install/turtlebot4_robot/share/turtlebot4_robot/local_setup.sh
[0.384s] -- Up-to-date symlink: /home/ubuntu/turtlebot4_ws/install/turtlebot4_robot/share/turtlebot4_robot/local_setup.zsh
[0.386s] -- Up-to-date symlink: /home/ubuntu/turtlebot4_ws/install/turtlebot4_robot/share/turtlebot4_robot/local_setup.dsv
[0.386s] -- Symlinking: /home/ubuntu/turtlebot4_ws/install/turtlebot4_robot/share/turtlebot4_robot/package.dsv
[0.420s] -- Up-to-date symlink: /home/ubuntu/turtlebot4_ws/install/turtlebot4_robot/share/ament_index/resource_index/packages/turtlebot4_robot
[0.421s] -- Up-to-date symlink: /home/ubuntu/turtlebot4_ws/install/turtlebot4_robot/share/turtlebot4_robot/cmake/turtlebot4_robotConfig.cmake
[0.423s] -- Up-to-date symlink: /home/ubuntu/turtlebot4_ws/install/turtlebot4_robot/share/turtlebot4_robot/cmake/turtlebot4_robotConfig-version.cmake
[0.424s] -- Up-to-date symlink: /home/ubuntu/turtlebot4_ws/install/turtlebot4_robot/share/turtlebot4_robot/package.xml
[0.440s] Invoked command in '/home/ubuntu/turtlebot4_ws/build/turtlebot4_robot' returned '0': AMENT_PREFIX_PATH=/home/ubuntu/turtlebot4_ws/install/turtlebot4_bringup:/home/ubuntu/turtlebot4_ws/install/turtlebot4_tests:/home/ubuntu/turtlebot4_ws/install/turtlebot4_diagnostics:/home/ubuntu/turtlebot4_ws/install/turtlebot4_base:${AMENT_PREFIX_PATH} CMAKE_PREFIX_PATH=/home/ubuntu/turtlebot4_ws/install/turtlebot4_bringup:/home/ubuntu/turtlebot4_ws/install/turtlebot4_base:/opt/ros/humble PYTHONPATH=/home/ubuntu/turtlebot4_ws/build/turtlebot4_tests:/home/ubuntu/turtlebot4_ws/install/turtlebot4_tests/lib/python3.10/site-packages:/home/ubuntu/turtlebot4_ws/build/turtlebot4_diagnostics:/home/ubuntu/turtlebot4_ws/install/turtlebot4_diagnostics/lib/python3.10/site-packages:${PYTHONPATH} /usr/bin/cmake --install /home/ubuntu/turtlebot4_ws/build/turtlebot4_robot
