[0.069s] Invoking command in '/home/ubuntu/turtlebot4_ws/build/odom': CMAKE_PREFIX_PATH=${CMAKE_PREFIX_PATH}:/home/ubuntu/turtlebot4_ws/install/turtlebot4_tests:/home/ubuntu/turtlebot4_ws/install/turtlebot4_diagnostics:/opt/ros/humble /usr/bin/cmake --build /home/ubuntu/turtlebot4_ws/build/odom -- -j4 -l4
[0.255s] [35m[1mConsolidate compiler generated dependencies of target odom[0m
[0.347s] [100%] Built target odom
[0.385s] Invoked command in '/home/ubuntu/turtlebot4_ws/build/odom' returned '0': CMAKE_PREFIX_PATH=${CMAKE_PREFIX_PATH}:/home/ubuntu/turtlebot4_ws/install/turtlebot4_tests:/home/ubuntu/turtlebot4_ws/install/turtlebot4_diagnostics:/opt/ros/humble /usr/bin/cmake --build /home/ubuntu/turtlebot4_ws/build/odom -- -j4 -l4
[0.564s] Invoking command in '/home/ubuntu/turtlebot4_ws/build/odom': CMAKE_PREFIX_PATH=${CMAKE_PREFIX_PATH}:/home/ubuntu/turtlebot4_ws/install/turtlebot4_tests:/home/ubuntu/turtlebot4_ws/install/turtlebot4_diagnostics:/opt/ros/humble /usr/bin/cmake --install /home/ubuntu/turtlebot4_ws/build/odom
[0.590s] -- Install configuration: ""
[0.591s] -- Up-to-date: /home/ubuntu/turtlebot4_ws/install/odom/lib/odom/odom
[0.593s] -- Up-to-date: /home/ubuntu/turtlebot4_ws/install/odom/share/ament_index/resource_index/package_run_dependencies/odom
[0.593s] -- Up-to-date: /home/ubuntu/turtlebot4_ws/install/odom/share/ament_index/resource_index/parent_prefix_path/odom
[0.594s] -- Up-to-date: /home/ubuntu/turtlebot4_ws/install/odom/share/odom/environment/ament_prefix_path.sh
[0.594s] -- Up-to-date: /home/ubuntu/turtlebot4_ws/install/odom/share/odom/environment/ament_prefix_path.dsv
[0.595s] -- Up-to-date: /home/ubuntu/turtlebot4_ws/install/odom/share/odom/environment/path.sh
[0.595s] -- Up-to-date: /home/ubuntu/turtlebot4_ws/install/odom/share/odom/environment/path.dsv
[0.596s] -- Up-to-date: /home/ubuntu/turtlebot4_ws/install/odom/share/odom/local_setup.bash
[0.596s] -- Up-to-date: /home/ubuntu/turtlebot4_ws/install/odom/share/odom/local_setup.sh
[0.597s] -- Up-to-date: /home/ubuntu/turtlebot4_ws/install/odom/share/odom/local_setup.zsh
[0.597s] -- Up-to-date: /home/ubuntu/turtlebot4_ws/install/odom/share/odom/local_setup.dsv
[0.597s] -- Installing: /home/ubuntu/turtlebot4_ws/install/odom/share/odom/package.dsv
[0.598s] -- Up-to-date: /home/ubuntu/turtlebot4_ws/install/odom/share/ament_index/resource_index/packages/odom
[0.598s] -- Up-to-date: /home/ubuntu/turtlebot4_ws/install/odom/share/odom/cmake/odomConfig.cmake
[0.599s] -- Up-to-date: /home/ubuntu/turtlebot4_ws/install/odom/share/odom/cmake/odomConfig-version.cmake
[0.599s] -- Up-to-date: /home/ubuntu/turtlebot4_ws/install/odom/share/odom/package.xml
[0.606s] Invoked command in '/home/ubuntu/turtlebot4_ws/build/odom' returned '0': CMAKE_PREFIX_PATH=${CMAKE_PREFIX_PATH}:/home/ubuntu/turtlebot4_ws/install/turtlebot4_tests:/home/ubuntu/turtlebot4_ws/install/turtlebot4_diagnostics:/opt/ros/humble /usr/bin/cmake --install /home/ubuntu/turtlebot4_ws/build/odom
