[1.270s] Invoking command in '/home/ubuntu/turtlebot4_ws/build/turtlebot4_base': CMAKE_PREFIX_PATH=/opt/ros/humble /usr/bin/cmake --build /home/ubuntu/turtlebot4_ws/build/turtlebot4_base -- -j4 -l4
[2.481s] [ 83%] Built target turtlebot4_base_lib
[2.484s] [100%] Built target turtlebot4_base_node
[2.486s] Invoked command in '/home/ubuntu/turtlebot4_ws/build/turtlebot4_base' returned '0': CMAKE_PREFIX_PATH=/opt/ros/humble /usr/bin/cmake --build /home/ubuntu/turtlebot4_ws/build/turtlebot4_base -- -j4 -l4
[2.839s] Invoking command in '/home/ubuntu/turtlebot4_ws/build/turtlebot4_base': CMAKE_PREFIX_PATH=/opt/ros/humble /usr/bin/cmake --install /home/ubuntu/turtlebot4_ws/build/turtlebot4_base
[2.887s] -- Install configuration: ""
[2.892s] -- Execute custom install script
[2.896s] -- Up-to-date symlink: /home/ubuntu/turtlebot4_ws/install/turtlebot4_base/lib/turtlebot4_base/turtlebot4_base_node
[2.901s] -- Up-to-date symlink: /home/ubuntu/turtlebot4_ws/install/turtlebot4_base/share/ament_index/resource_index/package_run_dependencies/turtlebot4_base
[2.903s] -- Up-to-date symlink: /home/ubuntu/turtlebot4_ws/install/turtlebot4_base/share/ament_index/resource_index/parent_prefix_path/turtlebot4_base
[2.911s] -- Up-to-date symlink: /home/ubuntu/turtlebot4_ws/install/turtlebot4_base/share/turtlebot4_base/environment/ament_prefix_path.sh
[2.912s] -- Up-to-date symlink: /home/ubuntu/turtlebot4_ws/install/turtlebot4_base/share/turtlebot4_base/environment/ament_prefix_path.dsv
[2.913s] -- Up-to-date symlink: /home/ubuntu/turtlebot4_ws/install/turtlebot4_base/share/turtlebot4_base/environment/path.sh
[2.914s] -- Up-to-date symlink: /home/ubuntu/turtlebot4_ws/install/turtlebot4_base/share/turtlebot4_base/environment/path.dsv
[2.915s] -- Up-to-date symlink: /home/ubuntu/turtlebot4_ws/install/turtlebot4_base/share/turtlebot4_base/local_setup.bash
[2.915s] -- Up-to-date symlink: /home/ubuntu/turtlebot4_ws/install/turtlebot4_base/share/turtlebot4_base/local_setup.sh
[2.916s] -- Up-to-date symlink: /home/ubuntu/turtlebot4_ws/install/turtlebot4_base/share/turtlebot4_base/local_setup.zsh
[2.916s] -- Up-to-date symlink: /home/ubuntu/turtlebot4_ws/install/turtlebot4_base/share/turtlebot4_base/local_setup.dsv
[2.917s] -- Symlinking: /home/ubuntu/turtlebot4_ws/install/turtlebot4_base/share/turtlebot4_base/package.dsv
[2.958s] -- Up-to-date symlink: /home/ubuntu/turtlebot4_ws/install/turtlebot4_base/share/ament_index/resource_index/packages/turtlebot4_base
[2.960s] -- Up-to-date symlink: /home/ubuntu/turtlebot4_ws/install/turtlebot4_base/share/turtlebot4_base/cmake/ament_cmake_export_include_directories-extras.cmake
[2.961s] -- Up-to-date symlink: /home/ubuntu/turtlebot4_ws/install/turtlebot4_base/share/turtlebot4_base/cmake/turtlebot4_baseConfig.cmake
[2.963s] -- Up-to-date symlink: /home/ubuntu/turtlebot4_ws/install/turtlebot4_base/share/turtlebot4_base/cmake/turtlebot4_baseConfig-version.cmake
[2.964s] -- Up-to-date symlink: /home/ubuntu/turtlebot4_ws/install/turtlebot4_base/share/turtlebot4_base/package.xml
[2.976s] Invoked command in '/home/ubuntu/turtlebot4_ws/build/turtlebot4_base' returned '0': CMAKE_PREFIX_PATH=/opt/ros/humble /usr/bin/cmake --install /home/ubuntu/turtlebot4_ws/build/turtlebot4_base
