[2.447s] Invoking command in '/home/ubuntu/turtlebot4_ws/build/odom': CMAKE_PREFIX_PATH=/opt/ros/humble /usr/bin/cmake --build /home/ubuntu/turtlebot4_ws/build/odom -- -j4 -l4
[2.784s] [100%] Built target odom
[2.845s] Invoked command in '/home/ubuntu/turtlebot4_ws/build/odom' returned '0': CMAKE_PREFIX_PATH=/opt/ros/humble /usr/bin/cmake --build /home/ubuntu/turtlebot4_ws/build/odom -- -j4 -l4
[3.042s] Invoking command in '/home/ubuntu/turtlebot4_ws/build/odom': CMAKE_PREFIX_PATH=/opt/ros/humble /usr/bin/cmake --install /home/ubuntu/turtlebot4_ws/build/odom
[3.085s] -- Install configuration: ""
[3.089s] -- Execute custom install script
[3.091s] -- Up-to-date symlink: /home/ubuntu/turtlebot4_ws/install/odom/lib/odom/odom
[3.093s] -- Up-to-date symlink: /home/ubuntu/turtlebot4_ws/install/odom/share/ament_index/resource_index/package_run_dependencies/odom
[3.099s] -- Up-to-date symlink: /home/ubuntu/turtlebot4_ws/install/odom/share/ament_index/resource_index/parent_prefix_path/odom
[3.102s] -- Up-to-date symlink: /home/ubuntu/turtlebot4_ws/install/odom/share/odom/environment/ament_prefix_path.sh
[3.112s] -- Up-to-date symlink: /home/ubuntu/turtlebot4_ws/install/odom/share/odom/environment/ament_prefix_path.dsv
[3.118s] -- Up-to-date symlink: /home/ubuntu/turtlebot4_ws/install/odom/share/odom/environment/path.sh
[3.121s] -- Up-to-date symlink: /home/ubuntu/turtlebot4_ws/install/odom/share/odom/environment/path.dsv
[3.122s] -- Up-to-date symlink: /home/ubuntu/turtlebot4_ws/install/odom/share/odom/local_setup.bash
[3.123s] -- Up-to-date symlink: /home/ubuntu/turtlebot4_ws/install/odom/share/odom/local_setup.sh
[3.125s] -- Up-to-date symlink: /home/ubuntu/turtlebot4_ws/install/odom/share/odom/local_setup.zsh
[3.126s] -- Up-to-date symlink: /home/ubuntu/turtlebot4_ws/install/odom/share/odom/local_setup.dsv
[3.128s] -- Symlinking: /home/ubuntu/turtlebot4_ws/install/odom/share/odom/package.dsv
[3.175s] -- Up-to-date symlink: /home/ubuntu/turtlebot4_ws/install/odom/share/ament_index/resource_index/packages/odom
[3.178s] -- Up-to-date symlink: /home/ubuntu/turtlebot4_ws/install/odom/share/odom/cmake/odomConfig.cmake
[3.179s] -- Up-to-date symlink: /home/ubuntu/turtlebot4_ws/install/odom/share/odom/cmake/odomConfig-version.cmake
[3.181s] -- Up-to-date symlink: /home/ubuntu/turtlebot4_ws/install/odom/share/odom/package.xml
[3.199s] Invoked command in '/home/ubuntu/turtlebot4_ws/build/odom' returned '0': CMAKE_PREFIX_PATH=/opt/ros/humble /usr/bin/cmake --install /home/ubuntu/turtlebot4_ws/build/odom
