[3.804s] Invoking command in '/home/ubuntu/turtlebot4_ws/build/wheelvelo': PYTHONPATH=/home/ubuntu/turtlebot4_ws/build/wheelvelo/prefix_override:/home/ubuntu/turtlebot4_ws/install/wheelvelo/lib/python3.10/site-packages:${PYTHONPATH} /usr/bin/python3 setup.py develop --editable --build-directory /home/ubuntu/turtlebot4_ws/build/wheelvelo/build --no-deps install_data
[5.260s] running develop
[5.267s] /usr/lib/python3/dist-packages/setuptools/command/easy_install.py:158: EasyInstallDeprecationWarning: easy_install command is deprecated. Use build and pip and other standards-based tools.
[5.270s]   warnings.warn(
[5.270s] /usr/lib/python3/dist-packages/setuptools/command/install.py:34: SetuptoolsDeprecationWarning: setup.py install is deprecated. Use build and pip and other standards-based tools.
[5.270s]   warnings.warn(
[5.624s] /usr/lib/python3/dist-packages/pkg_resources/__init__.py:116: PkgResourcesDeprecationWarning: 1.16.0-unknown is an invalid version and will not be supported in a future release
[5.624s]   warnings.warn(
[5.625s] /usr/lib/python3/dist-packages/pkg_resources/__init__.py:116: PkgResourcesDeprecationWarning: 1.1build1 is an invalid version and will not be supported in a future release
[5.626s]   warnings.warn(
[5.628s] /usr/lib/python3/dist-packages/pkg_resources/__init__.py:116: PkgResourcesDeprecationWarning: 0.1.43ubuntu1 is an invalid version and will not be supported in a future release
[5.628s]   warnings.warn(
[6.282s] running egg_info
[6.283s] writing wheelvelo.egg-info/PKG-INFO
[6.284s] writing dependency_links to wheelvelo.egg-info/dependency_links.txt
[6.286s] writing entry points to wheelvelo.egg-info/entry_points.txt
[6.287s] writing requirements to wheelvelo.egg-info/requires.txt
[6.288s] writing top-level names to wheelvelo.egg-info/top_level.txt
[6.297s] reading manifest file 'wheelvelo.egg-info/SOURCES.txt'
[6.300s] writing manifest file 'wheelvelo.egg-info/SOURCES.txt'
[6.307s] running build_ext
[6.308s] Creating /home/ubuntu/turtlebot4_ws/install/wheelvelo/lib/python3.10/site-packages/wheelvelo.egg-link (link to .)
[6.313s] Installing wheelvelo script to /home/ubuntu/turtlebot4_ws/install/wheelvelo/lib/wheelvelo
[6.314s] 
[6.315s] Installed /home/ubuntu/turtlebot4_ws/build/wheelvelo
[6.315s] running install_data
[6.492s] Invoked command in '/home/ubuntu/turtlebot4_ws/build/wheelvelo' returned '0': PYTHONPATH=/home/ubuntu/turtlebot4_ws/build/wheelvelo/prefix_override:/home/ubuntu/turtlebot4_ws/install/wheelvelo/lib/python3.10/site-packages:${PYTHONPATH} /usr/bin/python3 setup.py develop --editable --build-directory /home/ubuntu/turtlebot4_ws/build/wheelvelo/build --no-deps install_data
