[3.785s] Invoking command in '/home/ubuntu/turtlebot4_ws/build/wheelvelo': PYTHONPATH=/home/ubuntu/turtlebot4_ws/build/wheelvelo/prefix_override:/home/ubuntu/turtlebot4_ws/install/wheelvelo/lib/python3.10/site-packages:${PYTHONPATH} /usr/bin/python3 setup.py develop --editable --build-directory /home/ubuntu/turtlebot4_ws/build/wheelvelo/build --no-deps install_data
[5.234s] running develop
[5.235s] /usr/lib/python3/dist-packages/setuptools/command/easy_install.py:158: EasyInstallDeprecationWarning: easy_install command is deprecated. Use build and pip and other standards-based tools.
[5.236s]   warnings.warn(
[5.242s] /usr/lib/python3/dist-packages/setuptools/command/install.py:34: SetuptoolsDeprecationWarning: setup.py install is deprecated. Use build and pip and other standards-based tools.
[5.243s]   warnings.warn(
[5.587s] /usr/lib/python3/dist-packages/pkg_resources/__init__.py:116: PkgResourcesDeprecationWarning: 1.16.0-unknown is an invalid version and will not be supported in a future release
[5.587s]   warnings.warn(
[5.588s] /usr/lib/python3/dist-packages/pkg_resources/__init__.py:116: PkgResourcesDeprecationWarning: 1.1build1 is an invalid version and will not be supported in a future release
[5.589s]   warnings.warn(
[5.590s] /usr/lib/python3/dist-packages/pkg_resources/__init__.py:116: PkgResourcesDeprecationWarning: 0.1.43ubuntu1 is an invalid version and will not be supported in a future release
[5.590s]   warnings.warn(
[6.219s] running egg_info
[6.219s] writing wheelvelo.egg-info/PKG-INFO
[6.221s] writing dependency_links to wheelvelo.egg-info/dependency_links.txt
[6.222s] writing entry points to wheelvelo.egg-info/entry_points.txt
[6.223s] writing requirements to wheelvelo.egg-info/requires.txt
[6.224s] writing top-level names to wheelvelo.egg-info/top_level.txt
[6.233s] reading manifest file 'wheelvelo.egg-info/SOURCES.txt'
[6.236s] writing manifest file 'wheelvelo.egg-info/SOURCES.txt'
[6.243s] running build_ext
[6.244s] Creating /home/ubuntu/turtlebot4_ws/install/wheelvelo/lib/python3.10/site-packages/wheelvelo.egg-link (link to .)
[6.250s] Installing wheelvelo script to /home/ubuntu/turtlebot4_ws/install/wheelvelo/lib/wheelvelo
[6.252s] 
[6.253s] Installed /home/ubuntu/turtlebot4_ws/build/wheelvelo
[6.254s] running install_data
[6.431s] Invoked command in '/home/ubuntu/turtlebot4_ws/build/wheelvelo' returned '0': PYTHONPATH=/home/ubuntu/turtlebot4_ws/build/wheelvelo/prefix_override:/home/ubuntu/turtlebot4_ws/install/wheelvelo/lib/python3.10/site-packages:${PYTHONPATH} /usr/bin/python3 setup.py develop --editable --build-directory /home/ubuntu/turtlebot4_ws/build/wheelvelo/build --no-deps install_data
