[3.512s] Invoking command in '/home/ubuntu/turtlebot4_ws/build/wheelvelo': PYTHONPATH=/home/ubuntu/turtlebot4_ws/build/wheelvelo/prefix_override:/home/ubuntu/turtlebot4_ws/install/wheelvelo/lib/python3.10/site-packages:${PYTHONPATH} /usr/bin/python3 setup.py develop --editable --build-directory /home/ubuntu/turtlebot4_ws/build/wheelvelo/build --no-deps install_data
[4.970s] running develop
[4.973s] /usr/lib/python3/dist-packages/setuptools/command/easy_install.py:158: EasyInstallDeprecationWarning: easy_install command is deprecated. Use build and pip and other standards-based tools.
[4.974s]   warnings.warn(
[4.981s] /usr/lib/python3/dist-packages/setuptools/command/install.py:34: SetuptoolsDeprecationWarning: setup.py install is deprecated. Use build and pip and other standards-based tools.
[4.982s]   warnings.warn(
[5.349s] /usr/lib/python3/dist-packages/pkg_resources/__init__.py:116: PkgResourcesDeprecationWarning: 1.16.0-unknown is an invalid version and will not be supported in a future release
[5.350s]   warnings.warn(
[5.352s] /usr/lib/python3/dist-packages/pkg_resources/__init__.py:116: PkgResourcesDeprecationWarning: 1.1build1 is an invalid version and will not be supported in a future release
[5.353s]   warnings.warn(
[5.355s] /usr/lib/python3/dist-packages/pkg_resources/__init__.py:116: PkgResourcesDeprecationWarning: 0.1.43ubuntu1 is an invalid version and will not be supported in a future release
[5.356s]   warnings.warn(
[6.085s] running egg_info
[6.086s] writing wheelvelo.egg-info/PKG-INFO
[6.093s] writing dependency_links to wheelvelo.egg-info/dependency_links.txt
[6.093s] writing entry points to wheelvelo.egg-info/entry_points.txt
[6.094s] writing requirements to wheelvelo.egg-info/requires.txt
[6.095s] writing top-level names to wheelvelo.egg-info/top_level.txt
[6.099s] reading manifest file 'wheelvelo.egg-info/SOURCES.txt'
[6.103s] writing manifest file 'wheelvelo.egg-info/SOURCES.txt'
[6.109s] running build_ext
[6.112s] Creating /home/ubuntu/turtlebot4_ws/install/wheelvelo/lib/python3.10/site-packages/wheelvelo.egg-link (link to .)
[6.115s] Installing wheelvelo script to /home/ubuntu/turtlebot4_ws/install/wheelvelo/lib/wheelvelo
[6.117s] 
[6.122s] Installed /home/ubuntu/turtlebot4_ws/build/wheelvelo
[6.130s] running install_data
[6.290s] Invoked command in '/home/ubuntu/turtlebot4_ws/build/wheelvelo' returned '0': PYTHONPATH=/home/ubuntu/turtlebot4_ws/build/wheelvelo/prefix_override:/home/ubuntu/turtlebot4_ws/install/wheelvelo/lib/python3.10/site-packages:${PYTHONPATH} /usr/bin/python3 setup.py develop --editable --build-directory /home/ubuntu/turtlebot4_ws/build/wheelvelo/build --no-deps install_data
